------------------------------------------------------------------------------------------------------------------------

[2026-04-29 13:58:51 #1 store] 
Database 'D:\IS\ITERACIėN FINAL\It2-IAller_JEcheveste_IGarcia\src\main\resources\products.temp' has been recovered (tr. 1-1)

[2026-04-29 13:58:51 #2 store] 
Database 'D:\IS\ITERACIėN FINAL\It2-IAller_JEcheveste_IGarcia\src\main\resources\products.temp' is opened by 7424@PC-Ioritz

[2026-04-29 13:58:56 #3 type.registry] 
New type domain.Comprador

[2026-04-29 13:58:56 #4 type] 
Type domain.Comprador is not enhanced.

[2026-04-29 13:58:56 #5 type.registry] 
New type domain.Cuentas

[2026-04-29 13:58:56 #6 type.registry] 
New type domain.Oferta

[2026-04-29 13:58:56 #7 type.registry] 
New type java.util.ArrayList<domain.Oferta>

[2026-04-29 13:58:56 #8 type.registry] 
New type domain.Sale

[2026-04-29 13:58:56 #9 type.registry] 
New type java.util.ArrayList<domain.Sale>

[2026-04-29 13:58:56 #10 type] 
Type domain.Cuentas is not enhanced.

[2026-04-29 13:58:56 #11 type] 
Type domain.Oferta is not enhanced.

[2026-04-29 13:58:56 #12 type] 
Type domain.Sale is not enhanced.

[2026-04-29 13:58:56 #13 type.registry] 
New type domain.Seller

[2026-04-29 13:58:56 #14 type] 
Type domain.Seller is not enhanced.

------------------------------------------------------------------------------------------------------------------------

[2026-04-29 14:02:11 #1 store] 
Database 'D:\IS\ITERACIėN FINAL\It2-IAller_JEcheveste_IGarcia\src\main\resources\products.temp' has been recovered (tr. 2-3)

[2026-04-29 14:02:11 #2 store] 
Database 'D:\IS\ITERACIėN FINAL\It2-IAller_JEcheveste_IGarcia\src\main\resources\products.temp' is opened by 19980@PC-Ioritz

[2026-04-29 14:02:11 #3 type] 
Type domain.Comprador is not enhanced.

[2026-04-29 14:02:11 #4 type] 
Type domain.Cuentas is not enhanced.

[2026-04-29 14:02:11 #5 type] 
Type domain.Oferta is not enhanced.

[2026-04-29 14:02:11 #6 type] 
Type domain.Sale is not enhanced.

[2026-04-29 14:02:11 #7 type] 
Type domain.Seller is not enhanced.

------------------------------------------------------------------------------------------------------------------------

[2026-04-29 14:03:22 #1 store] 
Database 'D:\IS\ITERACIėN FINAL\It2-IAller_JEcheveste_IGarcia\src\main\resources\products.temp' is opened by 22788@PC-Ioritz

[2026-04-29 14:03:22 #2 type] 
Type domain.Comprador is not enhanced.

[2026-04-29 14:03:22 #3 type] 
Type domain.Cuentas is not enhanced.

[2026-04-29 14:03:22 #4 type] 
Type domain.Oferta is not enhanced.

[2026-04-29 14:03:22 #5 type] 
Type domain.Sale is not enhanced.

[2026-04-29 14:03:22 #6 type] 
Type domain.Seller is not enhanced.

------------------------------------------------------------------------------------------------------------------------

[2026-04-29 14:04:20 #1 store] 
Database 'D:\IS\ITERACIėN FINAL\It2-IAller_JEcheveste_IGarcia\src\main\resources\products.temp' is opened by 5424@PC-Ioritz

[2026-04-29 14:04:20 #2 type] 
Type domain.Comprador is not enhanced.

[2026-04-29 14:04:20 #3 type] 
Type domain.Cuentas is not enhanced.

[2026-04-29 14:04:20 #4 type] 
Type domain.Oferta is not enhanced.

[2026-04-29 14:04:20 #5 type] 
Type domain.Sale is not enhanced.

[2026-04-29 14:04:20 #6 type] 
Type domain.Seller is not enhanced.

------------------------------------------------------------------------------------------------------------------------

[2026-04-29 14:51:29 #1 store] 
Database 'D:\IS\ITERACIėN FINAL\It2-IAller_JEcheveste_IGarcia\src\main\resources\products.temp' is opened by 16648@PC-Ioritz

[2026-04-29 14:51:29 #2 type] 
Type domain.Comprador is not enhanced.

[2026-04-29 14:51:29 #3 type] 
Type domain.Cuentas is not enhanced.

[2026-04-29 14:51:29 #4 type] 
Type domain.Oferta is not enhanced.

[2026-04-29 14:51:29 #5 type] 
Type domain.Sale is not enhanced.

[2026-04-29 14:51:29 #6 type] 
Type domain.Seller is not enhanced.

------------------------------------------------------------------------------------------------------------------------

[2026-04-29 14:54:42 #1 store] 
Database 'D:\IS\ITERACIėN FINAL\It2-IAller_JEcheveste_IGarcia\src\main\resources\products.temp' is opened by 4864@PC-Ioritz

[2026-04-29 14:54:42 #2 type] 
Type domain.Comprador is not enhanced.

[2026-04-29 14:54:42 #3 type] 
Type domain.Cuentas is not enhanced.

[2026-04-29 14:54:42 #4 type] 
Type domain.Oferta is not enhanced.

[2026-04-29 14:54:42 #5 type] 
Type domain.Sale is not enhanced.

[2026-04-29 14:54:42 #6 type] 
Type domain.Seller is not enhanced.

------------------------------------------------------------------------------------------------------------------------

[2026-04-29 14:59:54 #1 store] 
Database 'D:\IS\ITERACIėN FINAL\It2-IAller_JEcheveste_IGarcia\src\main\resources\products.temp' is opened by 16104@PC-Ioritz

[2026-04-29 14:59:54 #2 type] 
Type domain.Comprador is not enhanced.

[2026-04-29 14:59:54 #3 type] 
Type domain.Cuentas is not enhanced.

[2026-04-29 14:59:54 #4 type] 
Type domain.Oferta is not enhanced.

[2026-04-29 14:59:54 #5 type] 
Type domain.Sale is not enhanced.

[2026-04-29 14:59:54 #6 type] 
Type domain.Seller is not enhanced.

------------------------------------------------------------------------------------------------------------------------

[2026-04-29 15:00:39 #1 store] 
Database 'D:\IS\ITERACIėN FINAL\It2-IAller_JEcheveste_IGarcia\src\main\resources\products.temp' is opened by 14200@PC-Ioritz

[2026-04-29 15:00:39 #2 type] 
Type domain.Comprador is not enhanced.

[2026-04-29 15:00:39 #3 type] 
Type domain.Cuentas is not enhanced.

[2026-04-29 15:00:39 #4 type] 
Type domain.Oferta is not enhanced.

[2026-04-29 15:00:39 #5 type] 
Type domain.Sale is not enhanced.

[2026-04-29 15:00:39 #6 type] 
Type domain.Seller is not enhanced.

------------------------------------------------------------------------------------------------------------------------

[2026-04-29 15:06:49 #1 store] 
Database 'D:\IS\ITERACIėN FINAL\It2-IAller_JEcheveste_IGarcia\src\main\resources\products.temp' is opened by 11640@PC-Ioritz

[2026-04-29 15:06:49 #2 type] 
Type domain.Comprador is not enhanced.

[2026-04-29 15:06:49 #3 type] 
Type domain.Cuentas is not enhanced.

[2026-04-29 15:06:49 #4 type] 
Type domain.Oferta is not enhanced.

[2026-04-29 15:06:49 #5 type] 
Type domain.Sale is not enhanced.

[2026-04-29 15:06:49 #6 type] 
Type domain.Seller is not enhanced.

[2026-04-29 15:07:04 #7 type.registry] 
New type java.util.ArrayList<java.lang.Object>

------------------------------------------------------------------------------------------------------------------------

[2026-04-29 15:07:59 #1 store] 
Database 'D:\IS\ITERACIėN FINAL\It2-IAller_JEcheveste_IGarcia\src\main\resources\products.temp' has been recovered (tr. 4-5)

[2026-04-29 15:07:59 #2 store] 
Database 'D:\IS\ITERACIėN FINAL\It2-IAller_JEcheveste_IGarcia\src\main\resources\products.temp' is opened by 16340@PC-Ioritz

[2026-04-29 15:07:59 #3 type] 
Type domain.Comprador is not enhanced.

[2026-04-29 15:07:59 #4 type] 
Type domain.Cuentas is not enhanced.

[2026-04-29 15:07:59 #5 type] 
Type domain.Oferta is not enhanced.

[2026-04-29 15:07:59 #6 type] 
Type domain.Sale is not enhanced.

[2026-04-29 15:07:59 #7 type] 
Type domain.Seller is not enhanced.

------------------------------------------------------------------------------------------------------------------------

[2026-04-29 15:11:18 #1 store] 
Database 'D:\IS\ITERACIėN FINAL\It2-IAller_JEcheveste_IGarcia\src\main\resources\products.temp' has been recovered (tr. 6-10)

[2026-04-29 15:11:18 #2 store] 
Database 'D:\IS\ITERACIėN FINAL\It2-IAller_JEcheveste_IGarcia\src\main\resources\products.temp' is opened by 12192@PC-Ioritz

[2026-04-29 15:11:18 #3 type] 
Type domain.Comprador is not enhanced.

[2026-04-29 15:11:18 #4 type] 
Type domain.Cuentas is not enhanced.

[2026-04-29 15:11:18 #5 type] 
Type domain.Oferta is not enhanced.

[2026-04-29 15:11:18 #6 type] 
Type domain.Sale is not enhanced.

[2026-04-29 15:11:18 #7 type] 
Type domain.Seller is not enhanced.

------------------------------------------------------------------------------------------------------------------------

[2026-04-29 15:51:44 #1 store] 
Database 'D:\IS\ITERACIėN FINAL\It2-IAller_JEcheveste_IGarcia\src\main\resources\products.temp' is opened by 14348@PC-Ioritz

[2026-04-29 15:51:44 #2 type] 
Type domain.Comprador is not enhanced.

[2026-04-29 15:51:44 #3 type] 
Type domain.Cuentas is not enhanced.

[2026-04-29 15:51:44 #4 type] 
Type domain.Oferta is not enhanced.

[2026-04-29 15:51:44 #5 type] 
Type domain.Sale is not enhanced.

[2026-04-29 15:51:44 #6 type] 
Type domain.Seller is not enhanced.

------------------------------------------------------------------------------------------------------------------------

[2026-04-29 15:55:14 #1 store] 
Database 'D:\IS\ITERACIėN FINAL\It2-IAller_JEcheveste_IGarcia\src\main\resources\products.temp' has been recovered (tr. 11-13)

[2026-04-29 15:55:14 #2 store] 
Database 'D:\IS\ITERACIėN FINAL\It2-IAller_JEcheveste_IGarcia\src\main\resources\products.temp' is opened by 5508@PC-Ioritz

[2026-04-29 15:55:14 #3 type] 
Type domain.Comprador is not enhanced.

[2026-04-29 15:55:14 #4 type] 
Type domain.Cuentas is not enhanced.

[2026-04-29 15:55:14 #5 type] 
Type domain.Oferta is not enhanced.

[2026-04-29 15:55:14 #6 type] 
Type domain.Sale is not enhanced.

[2026-04-29 15:55:14 #7 type] 
Type domain.Seller is not enhanced.

------------------------------------------------------------------------------------------------------------------------

[2026-04-29 15:57:54 #1 store] 
Database 'D:\IS\ITERACIėN FINAL\It2-IAller_JEcheveste_IGarcia\src\main\resources\products.temp' is opened by 14576@PC-Ioritz

[2026-04-29 15:57:54 #2 type] 
Type domain.Comprador is not enhanced.

[2026-04-29 15:57:54 #3 type] 
Type domain.Cuentas is not enhanced.

[2026-04-29 15:57:54 #4 type] 
Type domain.Oferta is not enhanced.

[2026-04-29 15:57:54 #5 type] 
Type domain.Sale is not enhanced.

[2026-04-29 15:57:54 #6 type] 
Type domain.Seller is not enhanced.

------------------------------------------------------------------------------------------------------------------------

[2026-04-29 16:01:31 #1 store] 
Database 'D:\IS\ITERACIėN FINAL\It2-IAller_JEcheveste_IGarcia\src\main\resources\products.temp' is opened by 16560@PC-Ioritz

[2026-04-29 16:01:31 #2 type] 
Type domain.Comprador is not enhanced.

[2026-04-29 16:01:31 #3 type] 
Type domain.Cuentas is not enhanced.

[2026-04-29 16:01:31 #4 type] 
Type domain.Oferta is not enhanced.

[2026-04-29 16:01:31 #5 type] 
Type domain.Sale is not enhanced.

[2026-04-29 16:01:31 #6 type] 
Type domain.Seller is not enhanced.

------------------------------------------------------------------------------------------------------------------------

[2026-04-29 16:08:04 #1 store] 
Database 'D:\IS\ITERACIėN FINAL\It2-IAller_JEcheveste_IGarcia\src\main\resources\products.temp' is opened by 16748@PC-Ioritz

[2026-04-29 16:08:04 #2 type] 
Type domain.Comprador is not enhanced.

[2026-04-29 16:08:04 #3 type] 
Type domain.Cuentas is not enhanced.

[2026-04-29 16:08:04 #4 type] 
Type domain.Oferta is not enhanced.

[2026-04-29 16:08:04 #5 type] 
Type domain.Sale is not enhanced.

[2026-04-29 16:08:04 #6 type] 
Type domain.Seller is not enhanced.

------------------------------------------------------------------------------------------------------------------------

[2026-04-29 16:10:33 #1 store] 
Database 'D:\IS\ITERACIėN FINAL\It2-IAller_JEcheveste_IGarcia\src\main\resources\products.temp' has been recovered (tr. 14-15)

[2026-04-29 16:10:33 #2 store] 
Database 'D:\IS\ITERACIėN FINAL\It2-IAller_JEcheveste_IGarcia\src\main\resources\products.temp' is opened by 15648@PC-Ioritz

[2026-04-29 16:10:33 #3 type] 
Type domain.Comprador is not enhanced.

[2026-04-29 16:10:33 #4 type] 
Type domain.Cuentas is not enhanced.

[2026-04-29 16:10:33 #5 type] 
Type domain.Oferta is not enhanced.

[2026-04-29 16:10:33 #6 type] 
Type domain.Sale is not enhanced.

[2026-04-29 16:10:33 #7 type] 
Type domain.Seller is not enhanced.

------------------------------------------------------------------------------------------------------------------------

[2026-04-29 16:17:27 #1 store] 
Database 'D:\IS\ITERACIėN FINAL\It2-IAller_JEcheveste_IGarcia\src\main\resources\products.temp' is opened by 7696@PC-Ioritz

[2026-04-29 16:17:27 #2 type] 
Type domain.Comprador is not enhanced.

[2026-04-29 16:17:27 #3 type] 
Type domain.Cuentas is not enhanced.

[2026-04-29 16:17:27 #4 type] 
Type domain.Oferta is not enhanced.

[2026-04-29 16:17:27 #5 type] 
Type domain.Sale is not enhanced.

[2026-04-29 16:17:27 #6 type] 
Type domain.Seller is not enhanced.

------------------------------------------------------------------------------------------------------------------------

[2026-04-29 16:21:20 #1 store] 
Database 'D:\IS\ITERACIėN FINAL\It2-IAller_JEcheveste_IGarcia\src\main\resources\products.temp' has been recovered (tr. 16-16)

[2026-04-29 16:21:20 #2 store] 
Database 'D:\IS\ITERACIėN FINAL\It2-IAller_JEcheveste_IGarcia\src\main\resources\products.temp' is opened by 4476@PC-Ioritz

[2026-04-29 16:21:20 #3 type] 
Type domain.Comprador is not enhanced.

[2026-04-29 16:21:20 #4 type] 
Type domain.Cuentas is not enhanced.

[2026-04-29 16:21:20 #5 type] 
Type domain.Oferta is not enhanced.

[2026-04-29 16:21:20 #6 type] 
Type domain.Sale is not enhanced.

[2026-04-29 16:21:20 #7 type] 
Type domain.Seller is not enhanced.

------------------------------------------------------------------------------------------------------------------------

[2026-04-29 16:29:32 #1 store] 
Database 'D:\IS\ITERACIėN FINAL\It2-IAller_JEcheveste_IGarcia\src\main\resources\products.temp' is opened by 444@PC-Ioritz

[2026-04-29 16:29:32 #2 type.registry] 
New type domain.Comprador

[2026-04-29 16:29:32 #3 type] 
Type domain.Comprador is not enhanced.

[2026-04-29 16:29:32 #4 type.registry] 
New type domain.Cuentas

[2026-04-29 16:29:32 #5 type.registry] 
New type domain.Oferta

[2026-04-29 16:29:32 #6 type.registry] 
New type java.util.ArrayList<domain.Oferta>

[2026-04-29 16:29:32 #7 type.registry] 
New type domain.Sale

[2026-04-29 16:29:32 #8 type.registry] 
New type java.util.ArrayList<domain.Sale>

[2026-04-29 16:29:32 #9 type] 
Type domain.Cuentas is not enhanced.

[2026-04-29 16:29:32 #10 type] 
Type domain.Oferta is not enhanced.

[2026-04-29 16:29:32 #11 type] 
Type domain.Sale is not enhanced.

[2026-04-29 16:29:32 #12 type.registry] 
New type domain.Seller

[2026-04-29 16:29:32 #13 type] 
Type domain.Seller is not enhanced.

[2026-04-29 16:29:32 #14 type.registry] 
New type java.util.ArrayList<java.lang.Object>

------------------------------------------------------------------------------------------------------------------------

[2026-04-29 16:29:52 #1 store] 
Database 'D:\IS\ITERACIėN FINAL\It2-IAller_JEcheveste_IGarcia\src\main\resources\products.temp' has been recovered (tr. 1-10)

[2026-04-29 16:29:52 #2 store] 
Database 'D:\IS\ITERACIėN FINAL\It2-IAller_JEcheveste_IGarcia\src\main\resources\products.temp' is opened by 6304@PC-Ioritz

[2026-04-29 16:29:52 #3 type] 
Type domain.Comprador is not enhanced.

[2026-04-29 16:29:52 #4 type] 
Type domain.Cuentas is not enhanced.

[2026-04-29 16:29:52 #5 type] 
Type domain.Oferta is not enhanced.

[2026-04-29 16:29:52 #6 type] 
Type domain.Sale is not enhanced.

[2026-04-29 16:29:52 #7 type] 
Type domain.Seller is not enhanced.

[2026-04-29 16:30:23 #8 *] 
java.lang.NullPointerException
	at com.objectdb.o.CLN$ay.<init>(CLN.java:305)
	at com.objectdb.o.QNF.H(QNF.java:1272)
	at com.objectdb.o.QNF.k(QNF.java:209)
	at com.objectdb.o.QNF.t(QNF.java:610)
	at com.objectdb.o.QNF.t(QNF.java:604)
	at com.objectdb.o.QNF.k(QNF.java:218)
	at com.objectdb.o.QNF.j(QNF.java:134)
	at com.objectdb.o.QRC.D(QRC.java:348)
	at com.objectdb.o.QRC.z(QRC.java:237)
	at com.objectdb.o.QRC.y(QRC.java:188)
	at com.objectdb.o.QRM.U9(QRM.java:272)
	at com.objectdb.o.MST.U9(MST.java:988)
	at com.objectdb.o.WRA.U9(WRA.java:311)
	at com.objectdb.o.WSM.U9(WSM.java:115)
	at com.objectdb.o.QRR.g(QRR.java:247)
	at com.objectdb.o.QRR.f(QRR.java:153)
	at com.objectdb.jpa.JpaQuery.getResultList(JpaQuery.java:719)
	at dataAccess.DataAccess.borrarVenta(DataAccess.java:651)
	at businessLogic.BLFacadeImplementation.borrarVenta(BLFacadeImplementation.java:174)
	at gui.EditarVentasGUI$6.actionPerformed(EditarVentasGUI.java:286)
	at javax.swing.AbstractButton.fireActionPerformed(Unknown Source)
	at javax.swing.AbstractButton$Handler.actionPerformed(Unknown Source)
	at javax.swing.DefaultButtonModel.fireActionPerformed(Unknown Source)
	at javax.swing.DefaultButtonModel.setPressed(Unknown Source)
	at javax.swing.plaf.basic.BasicButtonListener.mouseReleased(Unknown Source)
	at java.awt.Component.processMouseEvent(Unknown Source)
	at javax.swing.JComponent.processMouseEvent(Unknown Source)
	at java.awt.Component.processEvent(Unknown Source)
	at java.awt.Container.processEvent(Unknown Source)
	at java.awt.Component.dispatchEventImpl(Unknown Source)
	at java.awt.Container.dispatchEventImpl(Unknown Source)
	at java.awt.Component.dispatchEvent(Unknown Source)
	at java.awt.LightweightDispatcher.retargetMouseEvent(Unknown Source)
	at java.awt.LightweightDispatcher.processMouseEvent(Unknown Source)
	at java.awt.LightweightDispatcher.dispatchEvent(Unknown Source)
	at java.awt.Container.dispatchEventImpl(Unknown Source)
	at java.awt.Window.dispatchEventImpl(Unknown Source)
	at java.awt.Component.dispatchEvent(Unknown Source)
	at java.awt.EventQueue.dispatchEventImpl(Unknown Source)
	at java.awt.EventQueue.access$500(Unknown Source)
	at java.awt.EventQueue$3.run(Unknown Source)
	at java.awt.EventQueue$3.run(Unknown Source)
	at java.security.AccessController.doPrivileged(Native Method)
	at java.security.ProtectionDomain$JavaSecurityAccessImpl.doIntersectionPrivilege(Unknown Source)
	at java.security.ProtectionDomain$JavaSecurityAccessImpl.doIntersectionPrivilege(Unknown Source)
	at java.awt.EventQueue$4.run(Unknown Source)
	at java.awt.EventQueue$4.run(Unknown Source)
	at java.security.AccessController.doPrivileged(Native Method)
	at java.security.ProtectionDomain$JavaSecurityAccessImpl.doIntersectionPrivilege(Unknown Source)
	at java.awt.EventQueue.dispatchEvent(Unknown Source)
	at java.awt.EventDispatchThread.pumpOneEventForFilters(Unknown Source)
	at java.awt.EventDispatchThread.pumpEventsForFilter(Unknown Source)
	at java.awt.EventDispatchThread.pumpEventsForHierarchy(Unknown Source)
	at java.awt.EventDispatchThread.pumpEvents(Unknown Source)
	at java.awt.EventDispatchThread.pumpEvents(Unknown Source)
	at java.awt.EventDispatchThread.run(Unknown Source)

[2026-04-29 16:30:35 #9 *] 
java.lang.NullPointerException
	at com.objectdb.o.CLN$ay.<init>(CLN.java:305)
	at com.objectdb.o.QNF.H(QNF.java:1272)
	at com.objectdb.o.QNF.k(QNF.java:209)
	at com.objectdb.o.QNF.t(QNF.java:610)
	at com.objectdb.o.QNF.t(QNF.java:604)
	at com.objectdb.o.QNF.k(QNF.java:218)
	at com.objectdb.o.QNF.j(QNF.java:134)
	at com.objectdb.o.QRC.D(QRC.java:348)
	at com.objectdb.o.QRC.z(QRC.java:237)
	at com.objectdb.o.QRC.y(QRC.java:188)
	at com.objectdb.o.QRM.U9(QRM.java:272)
	at com.objectdb.o.MST.U9(MST.java:988)
	at com.objectdb.o.WRA.U9(WRA.java:311)
	at com.objectdb.o.WSM.U9(WSM.java:115)
	at com.objectdb.o.QRR.g(QRR.java:247)
	at com.objectdb.o.QRR.f(QRR.java:153)
	at com.objectdb.jpa.JpaQuery.getResultList(JpaQuery.java:719)
	at dataAccess.DataAccess.borrarVenta(DataAccess.java:651)
	at businessLogic.BLFacadeImplementation.borrarVenta(BLFacadeImplementation.java:174)
	at gui.EditarVentasGUI$6.actionPerformed(EditarVentasGUI.java:286)
	at javax.swing.AbstractButton.fireActionPerformed(Unknown Source)
	at javax.swing.AbstractButton$Handler.actionPerformed(Unknown Source)
	at javax.swing.DefaultButtonModel.fireActionPerformed(Unknown Source)
	at javax.swing.DefaultButtonModel.setPressed(Unknown Source)
	at javax.swing.plaf.basic.BasicButtonListener.mouseReleased(Unknown Source)
	at java.awt.Component.processMouseEvent(Unknown Source)
	at javax.swing.JComponent.processMouseEvent(Unknown Source)
	at java.awt.Component.processEvent(Unknown Source)
	at java.awt.Container.processEvent(Unknown Source)
	at java.awt.Component.dispatchEventImpl(Unknown Source)
	at java.awt.Container.dispatchEventImpl(Unknown Source)
	at java.awt.Component.dispatchEvent(Unknown Source)
	at java.awt.LightweightDispatcher.retargetMouseEvent(Unknown Source)
	at java.awt.LightweightDispatcher.processMouseEvent(Unknown Source)
	at java.awt.LightweightDispatcher.dispatchEvent(Unknown Source)
	at java.awt.Container.dispatchEventImpl(Unknown Source)
	at java.awt.Window.dispatchEventImpl(Unknown Source)
	at java.awt.Component.dispatchEvent(Unknown Source)
	at java.awt.EventQueue.dispatchEventImpl(Unknown Source)
	at java.awt.EventQueue.access$500(Unknown Source)
	at java.awt.EventQueue$3.run(Unknown Source)
	at java.awt.EventQueue$3.run(Unknown Source)
	at java.security.AccessController.doPrivileged(Native Method)
	at java.security.ProtectionDomain$JavaSecurityAccessImpl.doIntersectionPrivilege(Unknown Source)
	at java.security.ProtectionDomain$JavaSecurityAccessImpl.doIntersectionPrivilege(Unknown Source)
	at java.awt.EventQueue$4.run(Unknown Source)
	at java.awt.EventQueue$4.run(Unknown Source)
	at java.security.AccessController.doPrivileged(Native Method)
	at java.security.ProtectionDomain$JavaSecurityAccessImpl.doIntersectionPrivilege(Unknown Source)
	at java.awt.EventQueue.dispatchEvent(Unknown Source)
	at java.awt.EventDispatchThread.pumpOneEventForFilters(Unknown Source)
	at java.awt.EventDispatchThread.pumpEventsForFilter(Unknown Source)
	at java.awt.EventDispatchThread.pumpEventsForHierarchy(Unknown Source)
	at java.awt.EventDispatchThread.pumpEvents(Unknown Source)
	at java.awt.EventDispatchThread.pumpEvents(Unknown Source)
	at java.awt.EventDispatchThread.run(Unknown Source)

------------------------------------------------------------------------------------------------------------------------

[2026-04-29 16:31:55 #1 store] 
Database 'D:\IS\ITERACIėN FINAL\It2-IAller_JEcheveste_IGarcia\src\main\resources\products.temp' is opened by 8144@PC-Ioritz

[2026-04-29 16:31:55 #2 type] 
Type domain.Comprador is not enhanced.

[2026-04-29 16:31:55 #3 type] 
Type domain.Cuentas is not enhanced.

[2026-04-29 16:31:55 #4 type] 
Type domain.Oferta is not enhanced.

[2026-04-29 16:31:55 #5 type] 
Type domain.Sale is not enhanced.

[2026-04-29 16:31:55 #6 type] 
Type domain.Seller is not enhanced.

------------------------------------------------------------------------------------------------------------------------

[2026-04-29 16:38:18 #1 store] 
Database 'D:\IS\ITERACIėN FINAL\It2-IAller_JEcheveste_IGarcia\src\main\resources\products.temp' is opened by 15924@PC-Ioritz

[2026-04-29 16:38:18 #2 type.registry] 
New type domain.Comprador

[2026-04-29 16:38:18 #3 type] 
Type domain.Comprador is not enhanced.

[2026-04-29 16:38:18 #4 type.registry] 
New type domain.Cuentas

[2026-04-29 16:38:18 #5 type.registry] 
New type domain.Oferta

[2026-04-29 16:38:18 #6 type.registry] 
New type java.util.ArrayList<domain.Oferta>

[2026-04-29 16:38:18 #7 type.registry] 
New type domain.Sale

[2026-04-29 16:38:18 #8 type.registry] 
New type java.util.ArrayList<domain.Sale>

[2026-04-29 16:38:18 #9 type] 
Type domain.Cuentas is not enhanced.

[2026-04-29 16:38:18 #10 type] 
Type domain.Oferta is not enhanced.

[2026-04-29 16:38:18 #11 type] 
Type domain.Sale is not enhanced.

[2026-04-29 16:38:18 #12 type.registry] 
New type domain.Seller

[2026-04-29 16:38:18 #13 type] 
Type domain.Seller is not enhanced.

[2026-04-29 16:38:18 #14 type.registry] 
New type java.util.ArrayList<java.lang.Object>

------------------------------------------------------------------------------------------------------------------------

[2026-04-29 16:38:49 #1 store] 
Database 'D:\IS\ITERACIėN FINAL\It2-IAller_JEcheveste_IGarcia\src\main\resources\products.temp' is opened by 1676@PC-Ioritz

[2026-04-29 16:38:49 #2 type.registry] 
New type domain.Comprador

[2026-04-29 16:38:49 #3 type] 
Type domain.Comprador is not enhanced.

[2026-04-29 16:38:49 #4 type.registry] 
New type domain.Cuentas

[2026-04-29 16:38:49 #5 type.registry] 
New type domain.Oferta

[2026-04-29 16:38:49 #6 type.registry] 
New type java.util.ArrayList<domain.Oferta>

[2026-04-29 16:38:49 #7 type.registry] 
New type domain.Sale

[2026-04-29 16:38:49 #8 type.registry] 
New type java.util.ArrayList<domain.Sale>

[2026-04-29 16:38:49 #9 type] 
Type domain.Cuentas is not enhanced.

[2026-04-29 16:38:49 #10 type] 
Type domain.Oferta is not enhanced.

[2026-04-29 16:38:49 #11 type] 
Type domain.Sale is not enhanced.

[2026-04-29 16:38:49 #12 type.registry] 
New type domain.Seller

[2026-04-29 16:38:49 #13 type] 
Type domain.Seller is not enhanced.

[2026-04-29 16:38:49 #14 type.registry] 
New type java.util.ArrayList<java.lang.Object>

------------------------------------------------------------------------------------------------------------------------

[2026-04-29 16:43:29 #1 store] 
Database 'D:\IS\ITERACIėN FINAL\It2-IAller_JEcheveste_IGarcia\src\main\resources\products.temp' is opened by 14560@PC-Ioritz

[2026-04-29 16:43:29 #2 type.registry] 
New type domain.Comprador

[2026-04-29 16:43:29 #3 type] 
Type domain.Comprador is not enhanced.

[2026-04-29 16:43:29 #4 type.registry] 
New type domain.Cuentas

[2026-04-29 16:43:29 #5 type.registry] 
New type domain.Oferta

[2026-04-29 16:43:29 #6 type.registry] 
New type java.util.ArrayList<domain.Oferta>

[2026-04-29 16:43:29 #7 type.registry] 
New type domain.Sale

[2026-04-29 16:43:29 #8 type.registry] 
New type java.util.ArrayList<domain.Sale>

[2026-04-29 16:43:29 #9 type] 
Type domain.Cuentas is not enhanced.

[2026-04-29 16:43:29 #10 type] 
Type domain.Oferta is not enhanced.

[2026-04-29 16:43:29 #11 type] 
Type domain.Sale is not enhanced.

[2026-04-29 16:43:29 #12 type.registry] 
New type domain.Seller

[2026-04-29 16:43:29 #13 type] 
Type domain.Seller is not enhanced.

[2026-04-29 16:43:29 #14 type.registry] 
New type java.util.ArrayList<java.lang.Object>

------------------------------------------------------------------------------------------------------------------------

[2026-04-29 16:43:44 #1 store] 
Database 'D:\IS\ITERACIėN FINAL\It2-IAller_JEcheveste_IGarcia\src\main\resources\products.temp' is opened by 10588@PC-Ioritz

[2026-04-29 16:43:44 #2 type.registry] 
New type domain.Comprador

[2026-04-29 16:43:44 #3 type] 
Type domain.Comprador is not enhanced.

[2026-04-29 16:43:44 #4 type.registry] 
New type domain.Cuentas

[2026-04-29 16:43:44 #5 type.registry] 
New type domain.Oferta

[2026-04-29 16:43:44 #6 type.registry] 
New type java.util.ArrayList<domain.Oferta>

[2026-04-29 16:43:44 #7 type.registry] 
New type domain.Sale

[2026-04-29 16:43:44 #8 type.registry] 
New type java.util.ArrayList<domain.Sale>

[2026-04-29 16:43:44 #9 type] 
Type domain.Cuentas is not enhanced.

[2026-04-29 16:43:44 #10 type] 
Type domain.Oferta is not enhanced.

[2026-04-29 16:43:44 #11 type] 
Type domain.Sale is not enhanced.

[2026-04-29 16:43:44 #12 type.registry] 
New type domain.Seller

[2026-04-29 16:43:44 #13 type] 
Type domain.Seller is not enhanced.

[2026-04-29 16:43:44 #14 type.registry] 
New type java.util.ArrayList<java.lang.Object>

------------------------------------------------------------------------------------------------------------------------

[2026-04-29 16:45:26 #1 store] 
Database 'D:\IS\ITERACIėN FINAL\It2-IAller_JEcheveste_IGarcia\src\main\resources\products.temp' is opened by 1836@PC-Ioritz

[2026-04-29 16:45:26 #2 type.registry] 
New type domain.Comprador

[2026-04-29 16:45:26 #3 type] 
Type domain.Comprador is not enhanced.

[2026-04-29 16:45:26 #4 type.registry] 
New type domain.Cuentas

[2026-04-29 16:45:26 #5 type.registry] 
New type domain.Oferta

[2026-04-29 16:45:26 #6 type.registry] 
New type java.util.ArrayList<domain.Oferta>

[2026-04-29 16:45:26 #7 type.registry] 
New type domain.Sale

[2026-04-29 16:45:26 #8 type.registry] 
New type java.util.ArrayList<domain.Sale>

[2026-04-29 16:45:26 #9 type] 
Type domain.Cuentas is not enhanced.

[2026-04-29 16:45:26 #10 type] 
Type domain.Oferta is not enhanced.

[2026-04-29 16:45:26 #11 type] 
Type domain.Sale is not enhanced.

[2026-04-29 16:45:26 #12 type.registry] 
New type domain.Seller

[2026-04-29 16:45:26 #13 type] 
Type domain.Seller is not enhanced.

[2026-04-29 16:45:26 #14 type.registry] 
New type java.util.ArrayList<java.lang.Object>

------------------------------------------------------------------------------------------------------------------------

[2026-04-29 16:46:29 #1 store] 
Database 'D:\IS\ITERACIėN FINAL\It2-IAller_JEcheveste_IGarcia\src\main\resources\products.temp' has been recovered (tr. 1-13)

[2026-04-29 16:46:29 #2 store] 
Database 'D:\IS\ITERACIėN FINAL\It2-IAller_JEcheveste_IGarcia\src\main\resources\products.temp' is opened by 5648@PC-Ioritz

[2026-04-29 16:46:29 #3 type] 
Type domain.Comprador is not enhanced.

[2026-04-29 16:46:29 #4 type] 
Type domain.Cuentas is not enhanced.

[2026-04-29 16:46:29 #5 type] 
Type domain.Oferta is not enhanced.

[2026-04-29 16:46:29 #6 type] 
Type domain.Sale is not enhanced.

[2026-04-29 16:46:29 #7 type] 
Type domain.Seller is not enhanced.

------------------------------------------------------------------------------------------------------------------------

[2026-04-29 16:48:19 #1 store] 
Database 'D:\IS\ITERACIėN FINAL\It2-IAller_JEcheveste_IGarcia\src\main\resources\products.temp' has been recovered (tr. 14-18)

[2026-04-29 16:48:19 #2 store] 
Database 'D:\IS\ITERACIėN FINAL\It2-IAller_JEcheveste_IGarcia\src\main\resources\products.temp' is opened by 7032@PC-Ioritz

[2026-04-29 16:48:19 #3 type] 
Type domain.Comprador is not enhanced.

[2026-04-29 16:48:19 #4 type] 
Type domain.Cuentas is not enhanced.

[2026-04-29 16:48:19 #5 type] 
Type domain.Oferta is not enhanced.

[2026-04-29 16:48:19 #6 type] 
Type domain.Sale is not enhanced.

[2026-04-29 16:48:19 #7 type] 
Type domain.Seller is not enhanced.

------------------------------------------------------------------------------------------------------------------------

[2026-04-29 17:01:33 #1 store] 
Database 'D:\IS\ITERACIėN FINAL\It2-IAller_JEcheveste_IGarcia\src\main\resources\products.temp' is opened by 12320@PC-Ioritz

[2026-04-29 17:01:33 #2 type] 
Type domain.Comprador is not enhanced.

[2026-04-29 17:01:33 #3 type] 
Type domain.Cuentas is not enhanced.

[2026-04-29 17:01:33 #4 type] 
Type domain.Oferta is not enhanced.

[2026-04-29 17:01:33 #5 type] 
Type domain.Sale is not enhanced.

[2026-04-29 17:01:33 #6 type] 
Type domain.Seller is not enhanced.

[2026-04-29 17:01:51 #7 *] 
java.lang.NullPointerException
	at com.objectdb.o.CLN$ay.<init>(CLN.java:305)
	at com.objectdb.o.QNF.H(QNF.java:1272)
	at com.objectdb.o.QNF.k(QNF.java:209)
	at com.objectdb.o.QNF.t(QNF.java:610)
	at com.objectdb.o.QNF.t(QNF.java:604)
	at com.objectdb.o.QNF.k(QNF.java:218)
	at com.objectdb.o.QNF.j(QNF.java:134)
	at com.objectdb.o.QRC.D(QRC.java:348)
	at com.objectdb.o.QRC.z(QRC.java:237)
	at com.objectdb.o.QRC.y(QRC.java:188)
	at com.objectdb.o.QRM.U9(QRM.java:272)
	at com.objectdb.o.MST.U9(MST.java:988)
	at com.objectdb.o.WRA.U9(WRA.java:311)
	at com.objectdb.o.WSM.U9(WSM.java:115)
	at com.objectdb.o.QRR.g(QRR.java:247)
	at com.objectdb.o.QRR.f(QRR.java:153)
	at com.objectdb.jpa.JpaQuery.getResultList(JpaQuery.java:719)
	at dataAccess.DataAccess.borrarVenta(DataAccess.java:658)
	at businessLogic.BLFacadeImplementation.borrarVenta(BLFacadeImplementation.java:174)
	at gui.EditarVentasGUI$6.actionPerformed(EditarVentasGUI.java:286)
	at javax.swing.AbstractButton.fireActionPerformed(Unknown Source)
	at javax.swing.AbstractButton$Handler.actionPerformed(Unknown Source)
	at javax.swing.DefaultButtonModel.fireActionPerformed(Unknown Source)
	at javax.swing.DefaultButtonModel.setPressed(Unknown Source)
	at javax.swing.plaf.basic.BasicButtonListener.mouseReleased(Unknown Source)
	at java.awt.Component.processMouseEvent(Unknown Source)
	at javax.swing.JComponent.processMouseEvent(Unknown Source)
	at java.awt.Component.processEvent(Unknown Source)
	at java.awt.Container.processEvent(Unknown Source)
	at java.awt.Component.dispatchEventImpl(Unknown Source)
	at java.awt.Container.dispatchEventImpl(Unknown Source)
	at java.awt.Component.dispatchEvent(Unknown Source)
	at java.awt.LightweightDispatcher.retargetMouseEvent(Unknown Source)
	at java.awt.LightweightDispatcher.processMouseEvent(Unknown Source)
	at java.awt.LightweightDispatcher.dispatchEvent(Unknown Source)
	at java.awt.Container.dispatchEventImpl(Unknown Source)
	at java.awt.Window.dispatchEventImpl(Unknown Source)
	at java.awt.Component.dispatchEvent(Unknown Source)
	at java.awt.EventQueue.dispatchEventImpl(Unknown Source)
	at java.awt.EventQueue.access$500(Unknown Source)
	at java.awt.EventQueue$3.run(Unknown Source)
	at java.awt.EventQueue$3.run(Unknown Source)
	at java.security.AccessController.doPrivileged(Native Method)
	at java.security.ProtectionDomain$JavaSecurityAccessImpl.doIntersectionPrivilege(Unknown Source)
	at java.security.ProtectionDomain$JavaSecurityAccessImpl.doIntersectionPrivilege(Unknown Source)
	at java.awt.EventQueue$4.run(Unknown Source)
	at java.awt.EventQueue$4.run(Unknown Source)
	at java.security.AccessController.doPrivileged(Native Method)
	at java.security.ProtectionDomain$JavaSecurityAccessImpl.doIntersectionPrivilege(Unknown Source)
	at java.awt.EventQueue.dispatchEvent(Unknown Source)
	at java.awt.EventDispatchThread.pumpOneEventForFilters(Unknown Source)
	at java.awt.EventDispatchThread.pumpEventsForFilter(Unknown Source)
	at java.awt.EventDispatchThread.pumpEventsForHierarchy(Unknown Source)
	at java.awt.EventDispatchThread.pumpEvents(Unknown Source)
	at java.awt.EventDispatchThread.pumpEvents(Unknown Source)
	at java.awt.EventDispatchThread.run(Unknown Source)

------------------------------------------------------------------------------------------------------------------------

[2026-04-29 17:09:26 #1 store] 
Database 'D:\IS\ITERACIėN FINAL\It2-IAller_JEcheveste_IGarcia\src\main\resources\products.temp' has been recovered (tr. 19-23)

[2026-04-29 17:09:26 #2 store] 
Database 'D:\IS\ITERACIėN FINAL\It2-IAller_JEcheveste_IGarcia\src\main\resources\products.temp' is opened by 15164@PC-Ioritz

[2026-04-29 17:09:26 #3 type] 
Type domain.Comprador is not enhanced.

[2026-04-29 17:09:26 #4 type] 
Type domain.Cuentas is not enhanced.

[2026-04-29 17:09:26 #5 type] 
Type domain.Oferta is not enhanced.

[2026-04-29 17:09:26 #6 type] 
Type domain.Sale is not enhanced.

[2026-04-29 17:09:26 #7 type] 
Type domain.Seller is not enhanced.

------------------------------------------------------------------------------------------------------------------------

[2026-04-29 17:09:57 #1 store] 
Database 'D:\IS\ITERACIėN FINAL\It2-IAller_JEcheveste_IGarcia\src\main\resources\products.temp' is opened by 4124@PC-Ioritz

[2026-04-29 17:09:57 #2 type] 
Type domain.Comprador is not enhanced.

[2026-04-29 17:09:57 #3 type] 
Type domain.Cuentas is not enhanced.

[2026-04-29 17:09:57 #4 type] 
Type domain.Oferta is not enhanced.

[2026-04-29 17:09:57 #5 type] 
Type domain.Sale is not enhanced.

[2026-04-29 17:09:57 #6 type] 
Type domain.Seller is not enhanced.

------------------------------------------------------------------------------------------------------------------------

[2026-04-29 17:11:23 #1 store] 
Database 'D:\IS\ITERACIėN FINAL\It2-IAller_JEcheveste_IGarcia\src\main\resources\products.temp' is opened by 13768@PC-Ioritz

[2026-04-29 17:11:23 #2 type] 
Type domain.Comprador is not enhanced.

[2026-04-29 17:11:23 #3 type] 
Type domain.Cuentas is not enhanced.

[2026-04-29 17:11:23 #4 type] 
Type domain.Oferta is not enhanced.

[2026-04-29 17:11:23 #5 type] 
Type domain.Sale is not enhanced.

[2026-04-29 17:11:23 #6 type] 
Type domain.Seller is not enhanced.

------------------------------------------------------------------------------------------------------------------------

[2026-04-29 17:14:46 #1 store] 
Database 'D:\IS\ITERACIėN FINAL\It2-IAller_JEcheveste_IGarcia\src\main\resources\products.temp' is opened by 3332@PC-Ioritz

[2026-04-29 17:14:46 #2 type] 
Type domain.Comprador is not enhanced.

[2026-04-29 17:14:46 #3 type] 
Type domain.Cuentas is not enhanced.

[2026-04-29 17:14:46 #4 type] 
Type domain.Oferta is not enhanced.

[2026-04-29 17:14:46 #5 type] 
Type domain.Sale is not enhanced.

[2026-04-29 17:14:46 #6 type] 
Type domain.Seller is not enhanced.

------------------------------------------------------------------------------------------------------------------------

[2026-04-29 17:15:59 #1 store] 
Database 'D:\IS\ITERACIėN FINAL\It2-IAller_JEcheveste_IGarcia\src\main\resources\products.temp' is opened by 14672@PC-Ioritz

[2026-04-29 17:15:59 #2 type] 
Type domain.Comprador is not enhanced.

[2026-04-29 17:15:59 #3 type] 
Type domain.Cuentas is not enhanced.

[2026-04-29 17:15:59 #4 type] 
Type domain.Oferta is not enhanced.

[2026-04-29 17:15:59 #5 type] 
Type domain.Sale is not enhanced.

[2026-04-29 17:15:59 #6 type] 
Type domain.Seller is not enhanced.

------------------------------------------------------------------------------------------------------------------------

[2026-04-29 17:26:07 #1 store] 
Database 'D:\IS\ITERACIėN FINAL\It2-IAller_JEcheveste_IGarcia\src\main\resources\products.temp' has been recovered (tr. 24-25)

[2026-04-29 17:26:07 #2 store] 
Database 'D:\IS\ITERACIėN FINAL\It2-IAller_JEcheveste_IGarcia\src\main\resources\products.temp' is opened by 17204@PC-Ioritz

[2026-04-29 17:26:07 #3 type] 
Type domain.Comprador is not enhanced.

[2026-04-29 17:26:07 #4 type] 
Type domain.Cuentas is not enhanced.

[2026-04-29 17:26:07 #5 type] 
Type domain.Oferta is not enhanced.

[2026-04-29 17:26:07 #6 type] 
Type domain.Sale is not enhanced.

[2026-04-29 17:26:07 #7 type] 
Type domain.Seller is not enhanced.

[2026-04-29 17:26:25 #8 *] 
java.lang.NullPointerException
	at com.objectdb.o.CLN$ay.<init>(CLN.java:305)
	at com.objectdb.o.QNF.H(QNF.java:1272)
	at com.objectdb.o.QNF.k(QNF.java:209)
	at com.objectdb.o.QNF.t(QNF.java:610)
	at com.objectdb.o.QNF.t(QNF.java:604)
	at com.objectdb.o.QNF.k(QNF.java:218)
	at com.objectdb.o.QNF.j(QNF.java:134)
	at com.objectdb.o.QRC.D(QRC.java:348)
	at com.objectdb.o.QRC.z(QRC.java:237)
	at com.objectdb.o.QRC.y(QRC.java:188)
	at com.objectdb.o.QRM.U9(QRM.java:272)
	at com.objectdb.o.MST.U9(MST.java:988)
	at com.objectdb.o.WRA.U9(WRA.java:311)
	at com.objectdb.o.WSM.U9(WSM.java:115)
	at com.objectdb.o.QRR.g(QRR.java:247)
	at com.objectdb.o.QRR.f(QRR.java:153)
	at com.objectdb.jpa.JpaQuery.getResultList(JpaQuery.java:719)
	at dataAccess.DataAccess.borrarVenta(DataAccess.java:660)
	at businessLogic.BLFacadeImplementation.borrarVenta(BLFacadeImplementation.java:174)
	at gui.EditarVentasGUI$6.actionPerformed(EditarVentasGUI.java:286)
	at javax.swing.AbstractButton.fireActionPerformed(Unknown Source)
	at javax.swing.AbstractButton$Handler.actionPerformed(Unknown Source)
	at javax.swing.DefaultButtonModel.fireActionPerformed(Unknown Source)
	at javax.swing.DefaultButtonModel.setPressed(Unknown Source)
	at javax.swing.plaf.basic.BasicButtonListener.mouseReleased(Unknown Source)
	at java.awt.Component.processMouseEvent(Unknown Source)
	at javax.swing.JComponent.processMouseEvent(Unknown Source)
	at java.awt.Component.processEvent(Unknown Source)
	at java.awt.Container.processEvent(Unknown Source)
	at java.awt.Component.dispatchEventImpl(Unknown Source)
	at java.awt.Container.dispatchEventImpl(Unknown Source)
	at java.awt.Component.dispatchEvent(Unknown Source)
	at java.awt.LightweightDispatcher.retargetMouseEvent(Unknown Source)
	at java.awt.LightweightDispatcher.processMouseEvent(Unknown Source)
	at java.awt.LightweightDispatcher.dispatchEvent(Unknown Source)
	at java.awt.Container.dispatchEventImpl(Unknown Source)
	at java.awt.Window.dispatchEventImpl(Unknown Source)
	at java.awt.Component.dispatchEvent(Unknown Source)
	at java.awt.EventQueue.dispatchEventImpl(Unknown Source)
	at java.awt.EventQueue.access$500(Unknown Source)
	at java.awt.EventQueue$3.run(Unknown Source)
	at java.awt.EventQueue$3.run(Unknown Source)
	at java.security.AccessController.doPrivileged(Native Method)
	at java.security.ProtectionDomain$JavaSecurityAccessImpl.doIntersectionPrivilege(Unknown Source)
	at java.security.ProtectionDomain$JavaSecurityAccessImpl.doIntersectionPrivilege(Unknown Source)
	at java.awt.EventQueue$4.run(Unknown Source)
	at java.awt.EventQueue$4.run(Unknown Source)
	at java.security.AccessController.doPrivileged(Native Method)
	at java.security.ProtectionDomain$JavaSecurityAccessImpl.doIntersectionPrivilege(Unknown Source)
	at java.awt.EventQueue.dispatchEvent(Unknown Source)
	at java.awt.EventDispatchThread.pumpOneEventForFilters(Unknown Source)
	at java.awt.EventDispatchThread.pumpEventsForFilter(Unknown Source)
	at java.awt.EventDispatchThread.pumpEventsForHierarchy(Unknown Source)
	at java.awt.EventDispatchThread.pumpEvents(Unknown Source)
	at java.awt.EventDispatchThread.pumpEvents(Unknown Source)
	at java.awt.EventDispatchThread.run(Unknown Source)

