------------------------------------------------------------------------------------------------------------------------

[2026-04-28 10:02:49 #1 store] 
Database 'C:\Users\Jose\IS-GIT\It1-IAller_JEcheveste_IGarcia\src\main\resources\products.temp' is opened by 1940@Joxe-Pc

[2026-04-28 10:02:49 #2 type.registry] 
New type domain.Comprador

[2026-04-28 10:02:49 #3 type] 
Type domain.Comprador is not enhanced.

[2026-04-28 10:02:49 #4 type.registry] 
New type domain.Cuentas

[2026-04-28 10:02:49 #5 type.registry] 
New type domain.Oferta

[2026-04-28 10:02:49 #6 type.registry] 
New type java.util.ArrayList<domain.Oferta>

[2026-04-28 10:02:50 #7 type.registry] 
New type domain.Sale

[2026-04-28 10:02:50 #8 type.registry] 
New type java.util.ArrayList<domain.Sale>

[2026-04-28 10:02:50 #9 type] 
Type domain.Cuentas is not enhanced.

[2026-04-28 10:02:50 #10 type] 
Type domain.Oferta is not enhanced.

[2026-04-28 10:02:50 #11 type] 
Type domain.Sale is not enhanced.

[2026-04-28 10:02:50 #12 type.registry] 
New type domain.Seller

[2026-04-28 10:02:50 #13 type] 
Type domain.Seller is not enhanced.

[2026-04-28 10:02:50 #14 type.registry] 
New type java.util.ArrayList<java.lang.Object>

------------------------------------------------------------------------------------------------------------------------

[2026-04-28 10:15:08 #1 store] 
Database 'C:\Users\Jose\IS-GIT\It1-IAller_JEcheveste_IGarcia\src\main\resources\products.temp' is opened by 14596@Joxe-Pc

[2026-04-28 10:15:08 #2 type.registry] 
New type domain.Comprador

[2026-04-28 10:15:08 #3 type.registry] 
New type domain.Seller

[2026-04-28 10:15:08 #4 type] 
Type domain.Comprador is not enhanced.

[2026-04-28 10:15:08 #5 type.registry] 
New type domain.Cuentas

[2026-04-28 10:15:08 #6 type.registry] 
New type domain.Oferta

[2026-04-28 10:15:08 #7 type.registry] 
New type java.util.ArrayList<domain.Oferta>

[2026-04-28 10:15:08 #8 type.registry] 
New type domain.Sale

[2026-04-28 10:15:08 #9 type.registry] 
New type java.util.ArrayList<domain.Sale>

[2026-04-28 10:15:08 #10 type] 
Type domain.Seller is not enhanced.

[2026-04-28 10:15:08 #11 type] 
Type domain.Cuentas is not enhanced.

[2026-04-28 10:15:08 #12 type] 
Type domain.Oferta is not enhanced.

[2026-04-28 10:15:08 #13 type] 
Type domain.Sale is not enhanced.

[2026-04-28 10:15:08 #14 type.registry] 
New type java.util.ArrayList<java.lang.Object>

------------------------------------------------------------------------------------------------------------------------

[2026-04-28 10:17:12 #1 store] 
Database 'C:\Users\Jose\IS-GIT\It1-IAller_JEcheveste_IGarcia\src\main\resources\products.temp' is opened by 16556@Joxe-Pc

[2026-04-28 10:17:12 #2 type.registry] 
New type domain.Cuentas

[2026-04-28 10:17:12 #3 type] 
Type domain.Cuentas is not enhanced.

[2026-04-28 10:17:12 #4 type.registry] 
New type domain.Comprador

[2026-04-28 10:17:12 #5 type] 
Type domain.Comprador is not enhanced.

[2026-04-28 10:17:12 #6 type.registry] 
New type domain.Oferta

[2026-04-28 10:17:12 #7 type.registry] 
New type java.util.ArrayList<domain.Oferta>

[2026-04-28 10:17:12 #8 type.registry] 
New type domain.Sale

[2026-04-28 10:17:12 #9 type.registry] 
New type java.util.ArrayList<domain.Sale>

[2026-04-28 10:17:12 #10 type] 
Type domain.Oferta is not enhanced.

[2026-04-28 10:17:12 #11 type] 
Type domain.Sale is not enhanced.

[2026-04-28 10:17:12 #12 type.registry] 
New type domain.Seller

[2026-04-28 10:17:12 #13 type] 
Type domain.Seller is not enhanced.

[2026-04-28 10:17:12 #14 type.registry] 
New type java.util.ArrayList<java.lang.Object>

------------------------------------------------------------------------------------------------------------------------

[2026-04-28 10:17:40 #1 store] 
Database 'C:\Users\Jose\IS-GIT\It1-IAller_JEcheveste_IGarcia\src\main\resources\products.temp' is opened by 21708@Joxe-Pc

[2026-04-28 10:17:40 #2 type.registry] 
New type domain.Cuentas

[2026-04-28 10:17:40 #3 type] 
Type domain.Cuentas is not enhanced.

[2026-04-28 10:17:40 #4 type.registry] 
New type domain.Comprador

[2026-04-28 10:17:40 #5 type] 
Type domain.Comprador is not enhanced.

[2026-04-28 10:17:40 #6 type.registry] 
New type domain.Oferta

[2026-04-28 10:17:40 #7 type.registry] 
New type java.util.ArrayList<domain.Oferta>

[2026-04-28 10:17:40 #8 type.registry] 
New type domain.Sale

[2026-04-28 10:17:40 #9 type.registry] 
New type java.util.ArrayList<domain.Sale>

[2026-04-28 10:17:40 #10 type] 
Type domain.Oferta is not enhanced.

[2026-04-28 10:17:40 #11 type] 
Type domain.Sale is not enhanced.

[2026-04-28 10:17:40 #12 type.registry] 
New type domain.Seller

[2026-04-28 10:17:40 #13 type] 
Type domain.Seller is not enhanced.

[2026-04-28 10:17:40 #14 type.registry] 
New type java.util.ArrayList<java.lang.Object>

------------------------------------------------------------------------------------------------------------------------

[2026-04-28 10:18:26 #1 store] 
Database 'C:\Users\Jose\IS-GIT\It1-IAller_JEcheveste_IGarcia\src\main\resources\products.temp' is opened by 480@Joxe-Pc

[2026-04-28 10:18:26 #2 type.registry] 
New type domain.Cuentas

[2026-04-28 10:18:26 #3 type] 
Type domain.Cuentas is not enhanced.

[2026-04-28 10:18:26 #4 type.registry] 
New type domain.Comprador

[2026-04-28 10:18:26 #5 type] 
Type domain.Comprador is not enhanced.

[2026-04-28 10:18:26 #6 type.registry] 
New type domain.Oferta

[2026-04-28 10:18:26 #7 type.registry] 
New type java.util.ArrayList<domain.Oferta>

[2026-04-28 10:18:26 #8 type.registry] 
New type domain.Sale

[2026-04-28 10:18:26 #9 type.registry] 
New type java.util.ArrayList<domain.Sale>

[2026-04-28 10:18:26 #10 type] 
Type domain.Oferta is not enhanced.

[2026-04-28 10:18:26 #11 type] 
Type domain.Sale is not enhanced.

[2026-04-28 10:18:26 #12 type.registry] 
New type domain.Seller

[2026-04-28 10:18:26 #13 type] 
Type domain.Seller is not enhanced.

[2026-04-28 10:18:26 #14 type.registry] 
New type java.util.ArrayList<java.lang.Object>

------------------------------------------------------------------------------------------------------------------------

[2026-04-28 10:23:41 #1 store] 
Database 'C:\Users\Jose\IS-GIT\It1-IAller_JEcheveste_IGarcia\src\main\resources\products.temp' is opened by 15288@Joxe-Pc

[2026-04-28 10:23:41 #2 type.registry] 
New type domain.Comprador

[2026-04-28 10:23:41 #3 type] 
Type domain.Comprador is not enhanced.

[2026-04-28 10:23:41 #4 type.registry] 
New type domain.Cuentas

[2026-04-28 10:23:41 #5 type.registry] 
New type domain.Oferta

[2026-04-28 10:23:41 #6 type.registry] 
New type java.util.ArrayList<domain.Oferta>

[2026-04-28 10:23:41 #7 type.registry] 
New type domain.Sale

[2026-04-28 10:23:41 #8 type.registry] 
New type java.util.ArrayList<domain.Sale>

[2026-04-28 10:23:41 #9 type] 
Type domain.Cuentas is not enhanced.

[2026-04-28 10:23:41 #10 type] 
Type domain.Oferta is not enhanced.

[2026-04-28 10:23:41 #11 type] 
Type domain.Sale is not enhanced.

[2026-04-28 10:23:41 #12 type.registry] 
New type domain.Seller

[2026-04-28 10:23:41 #13 type] 
Type domain.Seller is not enhanced.

[2026-04-28 10:23:41 #14 type.registry] 
New type java.util.ArrayList<java.lang.Object>

------------------------------------------------------------------------------------------------------------------------

[2026-04-28 10:24:36 #1 store] 
Database 'C:\Users\Jose\IS-GIT\It1-IAller_JEcheveste_IGarcia\src\main\resources\products.temp' is opened by 17896@Joxe-Pc

[2026-04-28 10:24:36 #2 type.registry] 
New type domain.Comprador

[2026-04-28 10:24:36 #3 type] 
Type domain.Comprador is not enhanced.

[2026-04-28 10:24:36 #4 type.registry] 
New type domain.Cuentas

[2026-04-28 10:24:36 #5 type.registry] 
New type domain.Oferta

[2026-04-28 10:24:36 #6 type.registry] 
New type java.util.ArrayList<domain.Oferta>

[2026-04-28 10:24:36 #7 type.registry] 
New type domain.Sale

[2026-04-28 10:24:36 #8 type.registry] 
New type java.util.ArrayList<domain.Sale>

[2026-04-28 10:24:36 #9 type] 
Type domain.Cuentas is not enhanced.

[2026-04-28 10:24:36 #10 type] 
Type domain.Oferta is not enhanced.

[2026-04-28 10:24:36 #11 type] 
Type domain.Sale is not enhanced.

[2026-04-28 10:24:36 #12 type.registry] 
New type domain.Seller

[2026-04-28 10:24:36 #13 type] 
Type domain.Seller is not enhanced.

[2026-04-28 10:24:36 #14 type.registry] 
New type java.util.ArrayList<java.lang.Object>

------------------------------------------------------------------------------------------------------------------------

[2026-04-28 10:25:28 #1 store] 
Database 'C:\Users\Jose\IS-GIT\It1-IAller_JEcheveste_IGarcia\src\main\resources\products.temp' is opened by 13332@Joxe-Pc

[2026-04-28 10:25:28 #2 type.registry] 
New type domain.Comprador

[2026-04-28 10:25:28 #3 type] 
Type domain.Comprador is not enhanced.

[2026-04-28 10:25:28 #4 type.registry] 
New type domain.Cuentas

[2026-04-28 10:25:28 #5 type.registry] 
New type domain.Oferta

[2026-04-28 10:25:28 #6 type.registry] 
New type java.util.ArrayList<domain.Oferta>

[2026-04-28 10:25:28 #7 type.registry] 
New type domain.Sale

[2026-04-28 10:25:28 #8 type.registry] 
New type java.util.ArrayList<domain.Sale>

[2026-04-28 10:25:28 #9 type] 
Type domain.Cuentas is not enhanced.

[2026-04-28 10:25:28 #10 type] 
Type domain.Oferta is not enhanced.

[2026-04-28 10:25:28 #11 type] 
Type domain.Sale is not enhanced.

[2026-04-28 10:25:28 #12 type.registry] 
New type domain.Seller

[2026-04-28 10:25:28 #13 type] 
Type domain.Seller is not enhanced.

[2026-04-28 10:25:28 #14 type.registry] 
New type java.util.ArrayList<java.lang.Object>

------------------------------------------------------------------------------------------------------------------------

[2026-04-28 10:29:19 #1 store] 
Database 'C:\Users\Jose\IS-GIT\It1-IAller_JEcheveste_IGarcia\src\main\resources\products.temp' is opened by 15456@Joxe-Pc

[2026-04-28 10:29:20 #2 type.registry] 
New type domain.Comprador

[2026-04-28 10:29:20 #3 type] 
Type domain.Comprador is not enhanced.

[2026-04-28 10:29:20 #4 type.registry] 
New type domain.Cuentas

[2026-04-28 10:29:20 #5 type.registry] 
New type domain.Oferta

[2026-04-28 10:29:20 #6 type.registry] 
New type java.util.ArrayList<domain.Oferta>

[2026-04-28 10:29:20 #7 type.registry] 
New type domain.Sale

[2026-04-28 10:29:20 #8 type.registry] 
New type java.util.ArrayList<domain.Sale>

[2026-04-28 10:29:20 #9 type] 
Type domain.Cuentas is not enhanced.

[2026-04-28 10:29:20 #10 type] 
Type domain.Oferta is not enhanced.

[2026-04-28 10:29:20 #11 type] 
Type domain.Sale is not enhanced.

[2026-04-28 10:29:20 #12 type.registry] 
New type domain.Seller

[2026-04-28 10:29:20 #13 type] 
Type domain.Seller is not enhanced.

[2026-04-28 10:29:20 #14 type.registry] 
New type java.util.ArrayList<java.lang.Object>

------------------------------------------------------------------------------------------------------------------------

[2026-04-28 10:30:15 #1 store] 
Database 'C:\Users\Jose\IS-GIT\It1-IAller_JEcheveste_IGarcia\src\main\resources\products.temp' is opened by 10568@Joxe-Pc

------------------------------------------------------------------------------------------------------------------------

[2026-04-28 10:31:00 #1 store] 
Database 'C:\Users\Jose\IS-GIT\It1-IAller_JEcheveste_IGarcia\src\main\resources\products.temp' is opened by 21764@Joxe-Pc

[2026-04-28 10:31:00 #2 type.registry] 
New type domain.Comprador

[2026-04-28 10:31:00 #3 type] 
Type domain.Comprador is not enhanced.

[2026-04-28 10:31:00 #4 type.registry] 
New type domain.Cuentas

[2026-04-28 10:31:00 #5 type.registry] 
New type domain.Oferta

[2026-04-28 10:31:00 #6 type.registry] 
New type java.util.ArrayList<domain.Oferta>

[2026-04-28 10:31:00 #7 type.registry] 
New type domain.Sale

[2026-04-28 10:31:00 #8 type.registry] 
New type java.util.ArrayList<domain.Sale>

[2026-04-28 10:31:00 #9 type] 
Type domain.Cuentas is not enhanced.

[2026-04-28 10:31:00 #10 type] 
Type domain.Oferta is not enhanced.

[2026-04-28 10:31:00 #11 type] 
Type domain.Sale is not enhanced.

[2026-04-28 10:31:00 #12 type.registry] 
New type domain.Seller

[2026-04-28 10:31:00 #13 type] 
Type domain.Seller is not enhanced.

[2026-04-28 10:31:00 #14 type.registry] 
New type java.util.ArrayList<java.lang.Object>

------------------------------------------------------------------------------------------------------------------------

[2026-04-28 10:33:12 #1 store] 
Database 'C:\Users\Jose\IS-GIT\It1-IAller_JEcheveste_IGarcia\src\main\resources\products.temp' is opened by 384@Joxe-Pc

[2026-04-28 10:33:12 #2 type.registry] 
New type domain.Comprador

[2026-04-28 10:33:12 #3 type] 
Type domain.Comprador is not enhanced.

[2026-04-28 10:33:12 #4 type.registry] 
New type domain.Cuentas

[2026-04-28 10:33:12 #5 type.registry] 
New type domain.Oferta

[2026-04-28 10:33:12 #6 type.registry] 
New type java.util.ArrayList<domain.Oferta>

[2026-04-28 10:33:12 #7 type.registry] 
New type domain.Sale

[2026-04-28 10:33:12 #8 type.registry] 
New type java.util.ArrayList<domain.Sale>

[2026-04-28 10:33:12 #9 type] 
Type domain.Cuentas is not enhanced.

[2026-04-28 10:33:12 #10 type] 
Type domain.Oferta is not enhanced.

[2026-04-28 10:33:12 #11 type] 
Type domain.Sale is not enhanced.

[2026-04-28 10:33:12 #12 type.registry] 
New type domain.Seller

[2026-04-28 10:33:12 #13 type] 
Type domain.Seller is not enhanced.

[2026-04-28 10:33:12 #14 type.registry] 
New type java.util.ArrayList<java.lang.Object>

------------------------------------------------------------------------------------------------------------------------

[2026-04-28 10:33:52 #1 store] 
Database 'C:\Users\Jose\IS-GIT\It1-IAller_JEcheveste_IGarcia\src\main\resources\products.temp' is opened by 12668@Joxe-Pc

[2026-04-28 10:33:52 #2 type.registry] 
New type domain.Comprador

[2026-04-28 10:33:52 #3 type] 
Type domain.Comprador is not enhanced.

[2026-04-28 10:33:52 #4 type.registry] 
New type domain.Cuentas

[2026-04-28 10:33:52 #5 type.registry] 
New type domain.Oferta

[2026-04-28 10:33:52 #6 type.registry] 
New type java.util.ArrayList<domain.Oferta>

[2026-04-28 10:33:52 #7 type.registry] 
New type domain.Sale

[2026-04-28 10:33:52 #8 type.registry] 
New type java.util.ArrayList<domain.Sale>

[2026-04-28 10:33:52 #9 type] 
Type domain.Cuentas is not enhanced.

[2026-04-28 10:33:52 #10 type] 
Type domain.Oferta is not enhanced.

[2026-04-28 10:33:52 #11 type] 
Type domain.Sale is not enhanced.

[2026-04-28 10:33:52 #12 type.registry] 
New type domain.Seller

[2026-04-28 10:33:52 #13 type] 
Type domain.Seller is not enhanced.

[2026-04-28 10:33:52 #14 type.registry] 
New type java.util.ArrayList<java.lang.Object>

------------------------------------------------------------------------------------------------------------------------

[2026-04-28 10:34:16 #1 store] 
Database 'C:\Users\Jose\IS-GIT\It1-IAller_JEcheveste_IGarcia\src\main\resources\products.temp' is opened by 20876@Joxe-Pc

[2026-04-28 10:34:17 #2 type.registry] 
New type domain.Comprador

[2026-04-28 10:34:17 #3 type] 
Type domain.Comprador is not enhanced.

[2026-04-28 10:34:17 #4 type.registry] 
New type domain.Cuentas

[2026-04-28 10:34:17 #5 type.registry] 
New type domain.Oferta

[2026-04-28 10:34:17 #6 type.registry] 
New type java.util.ArrayList<domain.Oferta>

[2026-04-28 10:34:17 #7 type.registry] 
New type domain.Sale

[2026-04-28 10:34:17 #8 type.registry] 
New type java.util.ArrayList<domain.Sale>

[2026-04-28 10:34:17 #9 type] 
Type domain.Cuentas is not enhanced.

[2026-04-28 10:34:17 #10 type] 
Type domain.Oferta is not enhanced.

[2026-04-28 10:34:17 #11 type] 
Type domain.Sale is not enhanced.

[2026-04-28 10:34:17 #12 type.registry] 
New type domain.Seller

[2026-04-28 10:34:17 #13 type] 
Type domain.Seller is not enhanced.

[2026-04-28 10:34:17 #14 type.registry] 
New type java.util.ArrayList<java.lang.Object>

------------------------------------------------------------------------------------------------------------------------

[2026-04-28 10:36:18 #1 store] 
Database 'C:\Users\Jose\IS-GIT\It1-IAller_JEcheveste_IGarcia\src\main\resources\products.temp' is opened by 5524@Joxe-Pc

[2026-04-28 10:36:18 #2 type.registry] 
New type domain.Comprador

[2026-04-28 10:36:18 #3 type] 
Type domain.Comprador is not enhanced.

[2026-04-28 10:36:18 #4 type.registry] 
New type domain.Cuentas

[2026-04-28 10:36:18 #5 type.registry] 
New type domain.Oferta

[2026-04-28 10:36:18 #6 type.registry] 
New type java.util.ArrayList<domain.Oferta>

[2026-04-28 10:36:18 #7 type.registry] 
New type domain.Sale

[2026-04-28 10:36:18 #8 type.registry] 
New type java.util.ArrayList<domain.Sale>

[2026-04-28 10:36:18 #9 type] 
Type domain.Cuentas is not enhanced.

[2026-04-28 10:36:18 #10 type] 
Type domain.Oferta is not enhanced.

[2026-04-28 10:36:18 #11 type] 
Type domain.Sale is not enhanced.

[2026-04-28 10:36:18 #12 type.registry] 
New type domain.Seller

[2026-04-28 10:36:18 #13 type] 
Type domain.Seller is not enhanced.

[2026-04-28 10:36:18 #14 type.registry] 
New type java.util.ArrayList<java.lang.Object>

------------------------------------------------------------------------------------------------------------------------

[2026-04-28 10:39:36 #1 store] 
Database 'C:\Users\Jose\IS-GIT\It1-IAller_JEcheveste_IGarcia\src\main\resources\products.temp' is opened by 15116@Joxe-Pc

[2026-04-28 10:39:37 #2 type.registry] 
New type domain.Comprador

[2026-04-28 10:39:37 #3 type] 
Type domain.Comprador is not enhanced.

[2026-04-28 10:39:37 #4 type.registry] 
New type domain.Cuentas

[2026-04-28 10:39:37 #5 type.registry] 
New type domain.Oferta

[2026-04-28 10:39:37 #6 type.registry] 
New type java.util.ArrayList<domain.Oferta>

[2026-04-28 10:39:37 #7 type.registry] 
New type domain.Sale

[2026-04-28 10:39:37 #8 type.registry] 
New type java.util.ArrayList<domain.Sale>

[2026-04-28 10:39:37 #9 type] 
Type domain.Cuentas is not enhanced.

[2026-04-28 10:39:37 #10 type] 
Type domain.Oferta is not enhanced.

[2026-04-28 10:39:37 #11 type] 
Type domain.Sale is not enhanced.

[2026-04-28 10:39:37 #12 type.registry] 
New type domain.Seller

[2026-04-28 10:39:37 #13 type] 
Type domain.Seller is not enhanced.

[2026-04-28 10:39:37 #14 type.registry] 
New type java.util.ArrayList<java.lang.Object>

------------------------------------------------------------------------------------------------------------------------

[2026-04-28 10:40:31 #1 store] 
Database 'C:\Users\Jose\IS-GIT\It1-IAller_JEcheveste_IGarcia\src\main\resources\products.temp' has been recovered (tr. 1-10)

[2026-04-28 10:40:31 #2 store] 
Database 'C:\Users\Jose\IS-GIT\It1-IAller_JEcheveste_IGarcia\src\main\resources\products.temp' is opened by 20752@Joxe-Pc

[2026-04-28 10:40:31 #3 type] 
Type domain.Comprador is not enhanced.

[2026-04-28 10:40:31 #4 type] 
Type domain.Cuentas is not enhanced.

[2026-04-28 10:40:31 #5 type] 
Type domain.Oferta is not enhanced.

[2026-04-28 10:40:31 #6 type] 
Type domain.Sale is not enhanced.

[2026-04-28 10:40:31 #7 type] 
Type domain.Seller is not enhanced.

------------------------------------------------------------------------------------------------------------------------

[2026-04-28 10:53:57 #1 store] 
Database 'C:\Users\Jose\IS-GIT\It1-IAller_JEcheveste_IGarcia\src\main\resources\products.temp' is opened by 17428@Joxe-Pc

[2026-04-28 10:53:58 #2 type] 
Type domain.Comprador is not enhanced.

[2026-04-28 10:53:58 #3 type] 
Type domain.Cuentas is not enhanced.

[2026-04-28 10:53:58 #4 type] 
Type domain.Oferta is not enhanced.

[2026-04-28 10:53:58 #5 type] 
Type domain.Sale is not enhanced.

[2026-04-28 10:53:58 #6 type] 
Type domain.Seller is not enhanced.

------------------------------------------------------------------------------------------------------------------------

[2026-04-28 10:54:46 #1 store] 
Database 'C:\Users\Jose\IS-GIT\It1-IAller_JEcheveste_IGarcia\src\main\resources\products.temp' is opened by 1940@Joxe-Pc

[2026-04-28 10:54:47 #2 type.registry] 
New type domain.Comprador

[2026-04-28 10:54:47 #3 type] 
Type domain.Comprador is not enhanced.

[2026-04-28 10:54:47 #4 type.registry] 
New type domain.Cuentas

[2026-04-28 10:54:47 #5 type.registry] 
New type domain.Oferta

[2026-04-28 10:54:47 #6 type.registry] 
New type java.util.ArrayList<domain.Oferta>

[2026-04-28 10:54:47 #7 type.registry] 
New type domain.Sale

[2026-04-28 10:54:47 #8 type.registry] 
New type java.util.ArrayList<domain.Sale>

[2026-04-28 10:54:47 #9 type] 
Type domain.Cuentas is not enhanced.

[2026-04-28 10:54:47 #10 type] 
Type domain.Oferta is not enhanced.

[2026-04-28 10:54:47 #11 type] 
Type domain.Sale is not enhanced.

[2026-04-28 10:54:47 #12 type.registry] 
New type domain.Seller

[2026-04-28 10:54:47 #13 type] 
Type domain.Seller is not enhanced.

[2026-04-28 10:54:47 #14 type.registry] 
New type java.util.ArrayList<java.lang.Object>

------------------------------------------------------------------------------------------------------------------------

[2026-04-28 10:56:36 #1 store] 
Database 'C:\Users\Jose\IS-GIT\It1-IAller_JEcheveste_IGarcia\src\main\resources\products.temp' is opened by 14592@Joxe-Pc

[2026-04-28 10:56:36 #2 type.registry] 
New type domain.Comprador

[2026-04-28 10:56:36 #3 type] 
Type domain.Comprador is not enhanced.

[2026-04-28 10:56:36 #4 type.registry] 
New type domain.Cuentas

[2026-04-28 10:56:36 #5 type.registry] 
New type domain.Oferta

[2026-04-28 10:56:36 #6 type.registry] 
New type java.util.ArrayList<domain.Oferta>

[2026-04-28 10:56:36 #7 type.registry] 
New type domain.Sale

[2026-04-28 10:56:36 #8 type.registry] 
New type java.util.ArrayList<domain.Sale>

[2026-04-28 10:56:36 #9 type] 
Type domain.Cuentas is not enhanced.

[2026-04-28 10:56:36 #10 type] 
Type domain.Oferta is not enhanced.

[2026-04-28 10:56:36 #11 type] 
Type domain.Sale is not enhanced.

[2026-04-28 10:56:36 #12 type.registry] 
New type domain.Seller

[2026-04-28 10:56:36 #13 type] 
Type domain.Seller is not enhanced.

[2026-04-28 10:56:36 #14 type.registry] 
New type java.util.ArrayList<java.lang.Object>

------------------------------------------------------------------------------------------------------------------------

[2026-04-28 10:59:51 #1 store] 
Database 'C:\Users\Jose\IS-GIT\It1-IAller_JEcheveste_IGarcia\src\main\resources\products.temp' is opened by 11696@Joxe-Pc

[2026-04-28 10:59:51 #2 type.registry] 
New type domain.Comprador

[2026-04-28 10:59:51 #3 type] 
Type domain.Comprador is not enhanced.

[2026-04-28 10:59:51 #4 type.registry] 
New type domain.Cuentas

[2026-04-28 10:59:51 #5 type.registry] 
New type domain.Oferta

[2026-04-28 10:59:51 #6 type.registry] 
New type java.util.ArrayList<domain.Oferta>

[2026-04-28 10:59:51 #7 type.registry] 
New type domain.Sale

[2026-04-28 10:59:51 #8 type.registry] 
New type java.util.ArrayList<domain.Sale>

[2026-04-28 10:59:51 #9 type] 
Type domain.Cuentas is not enhanced.

[2026-04-28 10:59:51 #10 type] 
Type domain.Oferta is not enhanced.

[2026-04-28 10:59:51 #11 type] 
Type domain.Sale is not enhanced.

[2026-04-28 10:59:51 #12 type.registry] 
New type domain.Seller

[2026-04-28 10:59:51 #13 type] 
Type domain.Seller is not enhanced.

[2026-04-28 10:59:51 #14 type.registry] 
New type java.util.ArrayList<java.lang.Object>

------------------------------------------------------------------------------------------------------------------------

[2026-04-28 11:34:37 #1 store] 
Database 'C:\Users\Jose\IS-GIT\It1-IAller_JEcheveste_IGarcia\src\main\resources\products.temp' has been recovered (tr. 1-1)

[2026-04-28 11:34:37 #2 store] 
Database 'C:\Users\Jose\IS-GIT\It1-IAller_JEcheveste_IGarcia\src\main\resources\products.temp' is opened by 23416@Joxe-Pc

[2026-04-28 11:34:41 #3 type.registry] 
New type domain.Comprador

[2026-04-28 11:34:41 #4 type] 
Type domain.Comprador is not enhanced.

[2026-04-28 11:34:41 #5 type.registry] 
New type domain.Cuentas

[2026-04-28 11:34:41 #6 type.registry] 
New type domain.Oferta

[2026-04-28 11:34:41 #7 type.registry] 
New type java.util.ArrayList<domain.Oferta>

[2026-04-28 11:34:41 #8 type.registry] 
New type domain.Sale

[2026-04-28 11:34:41 #9 type.registry] 
New type java.util.ArrayList<domain.Sale>

[2026-04-28 11:34:41 #10 type] 
Type domain.Cuentas is not enhanced.

[2026-04-28 11:34:41 #11 type] 
Type domain.Oferta is not enhanced.

[2026-04-28 11:34:41 #12 type] 
Type domain.Sale is not enhanced.

[2026-04-28 11:34:41 #13 type.registry] 
New type domain.Seller

[2026-04-28 11:34:41 #14 type] 
Type domain.Seller is not enhanced.

------------------------------------------------------------------------------------------------------------------------

[2026-04-28 11:36:14 #1 store] 
Database 'C:\Users\Jose\IS-GIT\It1-IAller_JEcheveste_IGarcia\src\main\resources\products.temp' has been recovered (tr. 2-3)

[2026-04-28 11:36:15 #2 store] 
Database 'C:\Users\Jose\IS-GIT\It1-IAller_JEcheveste_IGarcia\src\main\resources\products.temp' is opened by 13076@Joxe-Pc

[2026-04-28 11:36:15 #3 type] 
Type domain.Comprador is not enhanced.

[2026-04-28 11:36:15 #4 type] 
Type domain.Cuentas is not enhanced.

[2026-04-28 11:36:15 #5 type] 
Type domain.Oferta is not enhanced.

[2026-04-28 11:36:15 #6 type] 
Type domain.Sale is not enhanced.

[2026-04-28 11:36:15 #7 type] 
Type domain.Seller is not enhanced.

------------------------------------------------------------------------------------------------------------------------

[2026-04-28 11:37:12 #1 store] 
Database 'C:\Users\Jose\IS-GIT\It1-IAller_JEcheveste_IGarcia\src\main\resources\products.temp' is opened by 23152@Joxe-Pc

[2026-04-28 11:37:12 #2 type] 
Type domain.Comprador is not enhanced.

[2026-04-28 11:37:12 #3 type] 
Type domain.Cuentas is not enhanced.

[2026-04-28 11:37:12 #4 type] 
Type domain.Oferta is not enhanced.

[2026-04-28 11:37:12 #5 type] 
Type domain.Sale is not enhanced.

[2026-04-28 11:37:12 #6 type] 
Type domain.Seller is not enhanced.

------------------------------------------------------------------------------------------------------------------------

[2026-04-28 11:47:09 #1 store] 
Database 'C:\Users\Jose\IS-GIT\It1-IAller_JEcheveste_IGarcia\src\main\resources\products.temp' is opened by 17908@Joxe-Pc

[2026-04-28 11:47:09 #2 type] 
Type domain.Comprador is not enhanced.

[2026-04-28 11:47:09 #3 type] 
Type domain.Cuentas is not enhanced.

[2026-04-28 11:47:09 #4 type] 
Type domain.Oferta is not enhanced.

[2026-04-28 11:47:09 #5 type] 
Type domain.Sale is not enhanced.

[2026-04-28 11:47:09 #6 type] 
Type domain.Seller is not enhanced.

------------------------------------------------------------------------------------------------------------------------

[2026-04-28 11:47:27 #1 store] 
Database 'C:\Users\Jose\IS-GIT\It1-IAller_JEcheveste_IGarcia\src\main\resources\products.temp' is opened by 22468@Joxe-Pc

[2026-04-28 11:47:27 #2 type.registry] 
New type domain.Comprador

[2026-04-28 11:47:27 #3 type] 
Type domain.Comprador is not enhanced.

[2026-04-28 11:47:27 #4 type.registry] 
New type domain.Cuentas

[2026-04-28 11:47:27 #5 type.registry] 
New type domain.Oferta

[2026-04-28 11:47:27 #6 type.registry] 
New type java.util.ArrayList<domain.Oferta>

[2026-04-28 11:47:27 #7 type.registry] 
New type domain.Sale

[2026-04-28 11:47:27 #8 type.registry] 
New type java.util.ArrayList<domain.Sale>

[2026-04-28 11:47:27 #9 type] 
Type domain.Cuentas is not enhanced.

[2026-04-28 11:47:27 #10 type] 
Type domain.Oferta is not enhanced.

[2026-04-28 11:47:27 #11 type] 
Type domain.Sale is not enhanced.

[2026-04-28 11:47:27 #12 type.registry] 
New type domain.Seller

[2026-04-28 11:47:27 #13 type] 
Type domain.Seller is not enhanced.

[2026-04-28 11:47:27 #14 type.registry] 
New type java.util.ArrayList<java.lang.Object>

------------------------------------------------------------------------------------------------------------------------

[2026-04-28 11:47:55 #1 store] 
Database 'C:\Users\Jose\IS-GIT\It1-IAller_JEcheveste_IGarcia\src\main\resources\products.temp' is opened by 23416@Joxe-Pc

[2026-04-28 11:47:55 #2 type.registry] 
New type domain.Comprador

[2026-04-28 11:47:55 #3 type] 
Type domain.Comprador is not enhanced.

[2026-04-28 11:47:55 #4 type.registry] 
New type domain.Cuentas

[2026-04-28 11:47:55 #5 type.registry] 
New type domain.Oferta

[2026-04-28 11:47:55 #6 type.registry] 
New type java.util.ArrayList<domain.Oferta>

[2026-04-28 11:47:55 #7 type.registry] 
New type domain.Sale

[2026-04-28 11:47:55 #8 type.registry] 
New type java.util.ArrayList<domain.Sale>

[2026-04-28 11:47:55 #9 type] 
Type domain.Cuentas is not enhanced.

[2026-04-28 11:47:55 #10 type] 
Type domain.Oferta is not enhanced.

[2026-04-28 11:47:55 #11 type] 
Type domain.Sale is not enhanced.

[2026-04-28 11:47:55 #12 type.registry] 
New type domain.Seller

[2026-04-28 11:47:55 #13 type] 
Type domain.Seller is not enhanced.

[2026-04-28 11:47:55 #14 type.registry] 
New type java.util.ArrayList<java.lang.Object>

------------------------------------------------------------------------------------------------------------------------

[2026-04-28 12:04:51 #1 store] 
Database 'C:\Users\Jose\IS-GIT\It1-IAller_JEcheveste_IGarcia\src\main\resources\products.temp' is opened by 22448@Joxe-Pc

[2026-04-28 12:04:51 #2 type.registry] 
New type domain.Comprador

[2026-04-28 12:04:51 #3 type] 
Type domain.Comprador is not enhanced.

[2026-04-28 12:04:51 #4 type.registry] 
New type domain.Cuentas

[2026-04-28 12:04:51 #5 type.registry] 
New type domain.Oferta

[2026-04-28 12:04:51 #6 type.registry] 
New type java.util.ArrayList<domain.Oferta>

[2026-04-28 12:04:51 #7 type.registry] 
New type domain.Sale

[2026-04-28 12:04:51 #8 type.registry] 
New type java.util.ArrayList<domain.Sale>

[2026-04-28 12:04:51 #9 type] 
Type domain.Cuentas is not enhanced.

[2026-04-28 12:04:51 #10 type] 
Type domain.Oferta is not enhanced.

[2026-04-28 12:04:51 #11 type] 
Type domain.Sale is not enhanced.

[2026-04-28 12:04:51 #12 type.registry] 
New type domain.Seller

[2026-04-28 12:04:51 #13 type] 
Type domain.Seller is not enhanced.

[2026-04-28 12:04:51 #14 type.registry] 
New type java.util.ArrayList<java.lang.Object>

------------------------------------------------------------------------------------------------------------------------

[2026-04-28 12:08:49 #1 store] 
Database 'C:\Users\Jose\IS-GIT\It1-IAller_JEcheveste_IGarcia\src\main\resources\products.temp' is opened by 17740@Joxe-Pc

[2026-04-28 12:08:49 #2 type.registry] 
New type domain.Comprador

[2026-04-28 12:08:49 #3 type] 
Type domain.Comprador is not enhanced.

[2026-04-28 12:08:49 #4 type.registry] 
New type domain.Cuentas

[2026-04-28 12:08:49 #5 type.registry] 
New type domain.Oferta

[2026-04-28 12:08:49 #6 type.registry] 
New type java.util.ArrayList<domain.Oferta>

[2026-04-28 12:08:49 #7 type.registry] 
New type domain.Sale

[2026-04-28 12:08:49 #8 type.registry] 
New type java.util.ArrayList<domain.Sale>

[2026-04-28 12:08:49 #9 type] 
Type domain.Cuentas is not enhanced.

[2026-04-28 12:08:49 #10 type] 
Type domain.Oferta is not enhanced.

[2026-04-28 12:08:49 #11 type] 
Type domain.Sale is not enhanced.

[2026-04-28 12:08:49 #12 type.registry] 
New type domain.Seller

[2026-04-28 12:08:49 #13 type] 
Type domain.Seller is not enhanced.

[2026-04-28 12:08:49 #14 type.registry] 
New type java.util.ArrayList<java.lang.Object>

------------------------------------------------------------------------------------------------------------------------

[2026-04-28 12:09:42 #1 store] 
Database 'C:\Users\Jose\IS-GIT\It1-IAller_JEcheveste_IGarcia\src\main\resources\products.temp' is opened by 13200@Joxe-Pc

[2026-04-28 12:09:42 #2 type.registry] 
New type domain.Comprador

[2026-04-28 12:09:42 #3 type] 
Type domain.Comprador is not enhanced.

[2026-04-28 12:09:42 #4 type.registry] 
New type domain.Cuentas

[2026-04-28 12:09:42 #5 type.registry] 
New type domain.Oferta

[2026-04-28 12:09:42 #6 type.registry] 
New type java.util.ArrayList<domain.Oferta>

[2026-04-28 12:09:42 #7 type.registry] 
New type domain.Sale

[2026-04-28 12:09:42 #8 type.registry] 
New type java.util.ArrayList<domain.Sale>

[2026-04-28 12:09:42 #9 type] 
Type domain.Cuentas is not enhanced.

[2026-04-28 12:09:42 #10 type] 
Type domain.Oferta is not enhanced.

[2026-04-28 12:09:42 #11 type] 
Type domain.Sale is not enhanced.

[2026-04-28 12:09:42 #12 type.registry] 
New type domain.Seller

[2026-04-28 12:09:42 #13 type] 
Type domain.Seller is not enhanced.

[2026-04-28 12:09:42 #14 type.registry] 
New type java.util.ArrayList<java.lang.Object>

------------------------------------------------------------------------------------------------------------------------

[2026-04-28 12:10:13 #1 store] 
Database 'C:\Users\Jose\IS-GIT\It1-IAller_JEcheveste_IGarcia\src\main\resources\products.temp' is opened by 22148@Joxe-Pc

[2026-04-28 12:10:13 #2 type.registry] 
New type domain.Comprador

[2026-04-28 12:10:13 #3 type] 
Type domain.Comprador is not enhanced.

[2026-04-28 12:10:13 #4 type.registry] 
New type domain.Cuentas

[2026-04-28 12:10:13 #5 type.registry] 
New type domain.Oferta

[2026-04-28 12:10:13 #6 type.registry] 
New type java.util.ArrayList<domain.Oferta>

[2026-04-28 12:10:13 #7 type.registry] 
New type domain.Sale

[2026-04-28 12:10:13 #8 type.registry] 
New type java.util.ArrayList<domain.Sale>

[2026-04-28 12:10:13 #9 type] 
Type domain.Cuentas is not enhanced.

[2026-04-28 12:10:13 #10 type] 
Type domain.Oferta is not enhanced.

[2026-04-28 12:10:13 #11 type] 
Type domain.Sale is not enhanced.

[2026-04-28 12:10:13 #12 type.registry] 
New type domain.Seller

[2026-04-28 12:10:13 #13 type] 
Type domain.Seller is not enhanced.

[2026-04-28 12:10:13 #14 type.registry] 
New type java.util.ArrayList<java.lang.Object>

------------------------------------------------------------------------------------------------------------------------

[2026-04-28 12:40:21 #1 store] 
Database 'C:\Users\Jose\IS-GIT\It1-IAller_JEcheveste_IGarcia\src\main\resources\products.temp' is opened by 13460@Joxe-Pc

[2026-04-28 12:40:22 #2 type.registry] 
New type domain.Comprador

[2026-04-28 12:40:22 #3 type] 
Type domain.Comprador is not enhanced.

[2026-04-28 12:40:22 #4 type.registry] 
New type domain.Cuentas

[2026-04-28 12:40:22 #5 type.registry] 
New type domain.Oferta

[2026-04-28 12:40:22 #6 type.registry] 
New type java.util.ArrayList<domain.Oferta>

[2026-04-28 12:40:22 #7 type.registry] 
New type domain.Sale

[2026-04-28 12:40:22 #8 type.registry] 
New type java.util.ArrayList<domain.Sale>

[2026-04-28 12:40:22 #9 type] 
Type domain.Cuentas is not enhanced.

[2026-04-28 12:40:22 #10 type] 
Type domain.Oferta is not enhanced.

[2026-04-28 12:40:22 #11 type] 
Type domain.Sale is not enhanced.

[2026-04-28 12:40:22 #12 type.registry] 
New type domain.Seller

[2026-04-28 12:40:22 #13 type] 
Type domain.Seller is not enhanced.

[2026-04-28 12:40:22 #14 type.registry] 
New type java.util.ArrayList<java.lang.Object>

------------------------------------------------------------------------------------------------------------------------

[2026-04-28 12:41:54 #1 store] 
Database 'C:\Users\Jose\IS-GIT\It1-IAller_JEcheveste_IGarcia\src\main\resources\products.temp' is opened by 3980@Joxe-Pc

[2026-04-28 12:41:54 #2 type.registry] 
New type domain.Comprador

[2026-04-28 12:41:54 #3 type] 
Type domain.Comprador is not enhanced.

[2026-04-28 12:41:54 #4 type.registry] 
New type domain.Cuentas

[2026-04-28 12:41:54 #5 type.registry] 
New type domain.Oferta

[2026-04-28 12:41:54 #6 type.registry] 
New type java.util.ArrayList<domain.Oferta>

[2026-04-28 12:41:54 #7 type.registry] 
New type domain.Sale

[2026-04-28 12:41:54 #8 type.registry] 
New type java.util.ArrayList<domain.Sale>

[2026-04-28 12:41:54 #9 type] 
Type domain.Cuentas is not enhanced.

[2026-04-28 12:41:54 #10 type] 
Type domain.Oferta is not enhanced.

[2026-04-28 12:41:54 #11 type] 
Type domain.Sale is not enhanced.

[2026-04-28 12:41:54 #12 type.registry] 
New type domain.Seller

[2026-04-28 12:41:54 #13 type] 
Type domain.Seller is not enhanced.

[2026-04-28 12:41:54 #14 type.registry] 
New type java.util.ArrayList<java.lang.Object>

------------------------------------------------------------------------------------------------------------------------

[2026-04-28 12:46:50 #1 store] 
Database 'C:\Users\Jose\IS-GIT\It1-IAller_JEcheveste_IGarcia\src\main\resources\products.temp' is opened by 6112@Joxe-Pc

[2026-04-28 12:46:50 #2 type.registry] 
New type domain.Comprador

[2026-04-28 12:46:50 #3 type] 
Type domain.Comprador is not enhanced.

[2026-04-28 12:46:50 #4 type.registry] 
New type domain.Cuentas

[2026-04-28 12:46:50 #5 type.registry] 
New type domain.Oferta

[2026-04-28 12:46:50 #6 type.registry] 
New type java.util.ArrayList<domain.Oferta>

[2026-04-28 12:46:50 #7 type.registry] 
New type domain.Sale

[2026-04-28 12:46:50 #8 type.registry] 
New type java.util.ArrayList<domain.Sale>

[2026-04-28 12:46:50 #9 type] 
Type domain.Cuentas is not enhanced.

[2026-04-28 12:46:50 #10 type] 
Type domain.Oferta is not enhanced.

[2026-04-28 12:46:50 #11 type] 
Type domain.Sale is not enhanced.

[2026-04-28 12:46:50 #12 type.registry] 
New type domain.Seller

[2026-04-28 12:46:50 #13 type] 
Type domain.Seller is not enhanced.

[2026-04-28 12:46:50 #14 type.registry] 
New type java.util.ArrayList<java.lang.Object>

------------------------------------------------------------------------------------------------------------------------

[2026-04-28 18:49:45 #1 store] 
Database 'C:\Users\Jose\IS-GIT\It1-IAller_JEcheveste_IGarcia\src\main\resources\products.temp' is opened by 2400@Joxe-Pc

[2026-04-28 18:49:45 #2 type.registry] 
New type domain.Usuario

[2026-04-28 18:49:45 #3 type.registry] 
New type domain.Comprador

[2026-04-28 18:49:45 #4 type] 
Type domain.Usuario is not enhanced.

[2026-04-28 18:49:45 #5 type] 
Type domain.Comprador is not enhanced.

[2026-04-28 18:49:45 #6 type.registry] 
New type domain.Cuentas

[2026-04-28 18:49:45 #7 type.registry] 
New type domain.Oferta

[2026-04-28 18:49:45 #8 type.registry] 
New type java.util.ArrayList<domain.Oferta>

[2026-04-28 18:49:45 #9 type.registry] 
New type domain.Sale

[2026-04-28 18:49:45 #10 type.registry] 
New type java.util.ArrayList<domain.Sale>

[2026-04-28 18:49:45 #11 type] 
Type domain.Cuentas is not enhanced.

[2026-04-28 18:49:45 #12 type] 
Type domain.Oferta is not enhanced.

[2026-04-28 18:49:45 #13 type] 
Type domain.Sale is not enhanced.

[2026-04-28 18:49:45 #14 type.registry] 
New type domain.Seller

[2026-04-28 18:49:45 #15 type] 
Type domain.Seller is not enhanced.

[2026-04-28 18:49:45 #16 type.registry] 
New type java.util.ArrayList<java.lang.Object>

