------------------------------------------------------------------------------------------------------------------------

[2026-05-08 00:40:36 #1 store] 
Database 'D:\IS\IT3-GIT\IS-IAller_JEcheveste_IGarcia\It1-IAller_JEcheveste_IGarcia\src\main\resources\products.temp' is opened by 8276@PC-Ioritz

[2026-05-08 00:40:36 #2 type] 
Type domain.Usuario is not enhanced.

[2026-05-08 00:40:36 #3 type] 
Type domain.Comprador is not enhanced.

[2026-05-08 00:40:36 #4 type] 
Type domain.Solicitud is not enhanced.

[2026-05-08 00:40:36 #5 type] 
Type domain.Friendly is not enhanced.

[2026-05-08 00:40:36 #6 type] 
Type domain.Cuentas is not enhanced.

[2026-05-08 00:40:36 #7 type] 
Type domain.Oferta is not enhanced.

[2026-05-08 00:40:36 #8 type] 
Type domain.Sale is not enhanced.

[2026-05-08 00:40:36 #9 type] 
Type domain.Resena is not enhanced.

[2026-05-08 00:40:36 #10 type] 
Type domain.Seller is not enhanced.

------------------------------------------------------------------------------------------------------------------------

[2026-05-08 00:49:36 #1 store] 
Database 'D:\IS\IT3-GIT\IS-IAller_JEcheveste_IGarcia\It1-IAller_JEcheveste_IGarcia\src\main\resources\products.temp' has been recovered (tr. 69-71)

[2026-05-08 00:49:36 #2 store] 
Database 'D:\IS\IT3-GIT\IS-IAller_JEcheveste_IGarcia\It1-IAller_JEcheveste_IGarcia\src\main\resources\products.temp' is opened by 18368@PC-Ioritz

[2026-05-08 00:49:36 #3 type] 
Type domain.Usuario is not enhanced.

[2026-05-08 00:49:36 #4 type] 
Type domain.Comprador is not enhanced.

[2026-05-08 00:49:36 #5 type] 
Type domain.Solicitud is not enhanced.

[2026-05-08 00:49:36 #6 type] 
Type domain.Friendly is not enhanced.

[2026-05-08 00:49:36 #7 type] 
Type domain.Cuentas is not enhanced.

[2026-05-08 00:49:36 #8 type] 
Type domain.Oferta is not enhanced.

[2026-05-08 00:49:36 #9 type] 
Type domain.Sale is not enhanced.

[2026-05-08 00:49:36 #10 type] 
Type domain.Resena is not enhanced.

[2026-05-08 00:49:36 #11 type] 
Type domain.Seller is not enhanced.

