------------------------------------------------------------------------------------------------------------------------

[2026-04-12 21:53:19 #1 store] 
Database 'C:\Users\Jose\IS-GIT\It1-IAller_JEcheveste_IGarcia\src\main\resources\products.temp' is opened by 2340@Joxe-Pc

[2026-04-12 21:53:19 #2 type] 
Type domain.Comprador is not enhanced.

[2026-04-12 21:53:19 #3 type] 
Type domain.Sale is not enhanced.

[2026-04-12 21:53:19 #4 type] 
Type domain.Seller is not enhanced.

[2026-04-12 21:53:19 #5 type] 
Type domain.Oferta is not enhanced.

[2026-04-12 21:53:19 #6 type] 
Type domain.Cuentas is not enhanced.

------------------------------------------------------------------------------------------------------------------------

[2026-04-12 21:56:04 #1 store] 
Database 'C:\Users\Jose\IS-GIT\It1-IAller_JEcheveste_IGarcia\src\main\resources\products.temp' is opened by 11464@Joxe-Pc

[2026-04-12 21:56:04 #2 type] 
Type domain.Comprador is not enhanced.

[2026-04-12 21:56:04 #3 type] 
Type domain.Sale is not enhanced.

[2026-04-12 21:56:04 #4 type] 
Type domain.Seller is not enhanced.

[2026-04-12 21:56:04 #5 type] 
Type domain.Oferta is not enhanced.

[2026-04-12 21:56:04 #6 type] 
Type domain.Cuentas is not enhanced.

------------------------------------------------------------------------------------------------------------------------

[2026-04-12 21:56:36 #1 store] 
Database 'C:\Users\Jose\IS-GIT\It1-IAller_JEcheveste_IGarcia\src\main\resources\products.temp' is opened by 15364@Joxe-Pc

[2026-04-12 21:56:36 #2 type] 
Type domain.Comprador is not enhanced.

[2026-04-12 21:56:36 #3 type] 
Type domain.Sale is not enhanced.

[2026-04-12 21:56:36 #4 type] 
Type domain.Seller is not enhanced.

[2026-04-12 21:56:36 #5 type] 
Type domain.Oferta is not enhanced.

[2026-04-12 21:56:36 #6 type] 
Type domain.Cuentas is not enhanced.

------------------------------------------------------------------------------------------------------------------------

[2026-04-12 22:00:47 #1 store] 
Database 'C:\Users\Jose\IS-GIT\It1-IAller_JEcheveste_IGarcia\src\main\resources\products.temp' is opened by 16488@Joxe-Pc

[2026-04-12 22:00:47 #2 type] 
Type domain.Comprador is not enhanced.

[2026-04-12 22:00:47 #3 type] 
Type domain.Sale is not enhanced.

[2026-04-12 22:00:47 #4 type] 
Type domain.Seller is not enhanced.

[2026-04-12 22:00:47 #5 type] 
Type domain.Oferta is not enhanced.

[2026-04-12 22:00:47 #6 type] 
Type domain.Cuentas is not enhanced.

