------------------------------------------------------------------------------------------------------------------------

[2026-05-03 11:55:56 #1 store] 
Database 'C:\Users\USER\git\IS-IAller_JEcheveste_IGarcia\It1-IAller_JEcheveste_IGarcia\src\main\resources\products.temp' is opened by 6872@LAPTOP-V898NAMH

[2026-05-03 11:55:56 #2 type.registry] 
New type domain.Usuario

[2026-05-03 11:55:56 #3 type.registry] 
New type domain.Comprador

[2026-05-03 11:55:56 #4 type] 
Type domain.Usuario is not enhanced.

[2026-05-03 11:55:56 #5 type] 
Type domain.Comprador is not enhanced.

[2026-05-03 11:55:56 #6 type.registry] 
New type domain.Solicitud

[2026-05-03 11:55:56 #7 type.registry] 
New type java.util.ArrayList<domain.Solicitud>

[2026-05-03 11:55:56 #8 type.registry] 
New type domain.Friendly

[2026-05-03 11:55:56 #9 type.registry] 
New type java.util.ArrayList<domain.Friendly>

[2026-05-03 11:55:56 #10 type.registry] 
New type domain.Cuentas

[2026-05-03 11:55:56 #11 type.registry] 
New type domain.Oferta

[2026-05-03 11:55:56 #12 type.registry] 
New type java.util.ArrayList<domain.Oferta>

[2026-05-03 11:55:56 #13 type.registry] 
New type domain.Sale

[2026-05-03 11:55:56 #14 type.registry] 
New type java.util.ArrayList<domain.Sale>

[2026-05-03 11:55:56 #15 type] 
Type domain.Friendly is not enhanced.

[2026-05-03 11:55:56 #16 type] 
Type domain.Cuentas is not enhanced.

[2026-05-03 11:55:56 #17 type] 
Type domain.Oferta is not enhanced.

[2026-05-03 11:55:56 #18 type] 
Type domain.Sale is not enhanced.

[2026-05-03 11:55:56 #19 type.registry] 
New type domain.Resena

[2026-05-03 11:55:56 #20 type.registry] 
New type java.util.ArrayList<domain.Resena>

[2026-05-03 11:55:56 #21 type.registry] 
New type domain.Seller

[2026-05-03 11:55:56 #22 type] 
Type domain.Seller is not enhanced.

[2026-05-03 11:55:56 #23 type.registry] 
New type java.util.ArrayList<java.lang.Object>

