------------------------------------------------------------------------------------------------------------------------

[2026-03-04 10:40:18 #1 store] 
Database 'C:\Users\Jose\eclipse-workspace\IreneJoxe\src\main\resources\products.temp' has been recovered (tr. 46-50)

[2026-03-04 10:40:18 #2 store] 
Database 'C:\Users\Jose\eclipse-workspace\IreneJoxe\src\main\resources\products.temp' is opened by 4828@Joxe-Pc

[2026-03-04 10:40:18 #3 type] 
Type domain.Comprador is not enhanced.

[2026-03-04 10:40:18 #4 type] 
Type domain.Sale is not enhanced.

[2026-03-04 10:40:18 #5 type] 
Type domain.Seller is not enhanced.

------------------------------------------------------------------------------------------------------------------------

[2026-03-04 10:42:03 #1 store] 
Database 'C:\Users\Jose\eclipse-workspace\IreneJoxe\src\main\resources\products.temp' is opened by 9188@Joxe-Pc

[2026-03-04 10:42:03 #2 type] 
Type domain.Comprador is not enhanced.

[2026-03-04 10:42:03 #3 type] 
Type domain.Sale is not enhanced.

[2026-03-04 10:42:03 #4 type] 
Type domain.Seller is not enhanced.

------------------------------------------------------------------------------------------------------------------------

[2026-03-04 10:52:18 #1 store] 
Database 'C:\Users\Jose\eclipse-workspace\IreneJoxe\src\main\resources\products.temp' is opened by 2276@Joxe-Pc

[2026-03-04 10:52:18 #2 type] 
Type domain.Comprador is not enhanced.

[2026-03-04 10:52:18 #3 type] 
Type domain.Sale is not enhanced.

[2026-03-04 10:52:18 #4 type] 
Type domain.Seller is not enhanced.

------------------------------------------------------------------------------------------------------------------------

[2026-03-04 10:59:27 #1 store] 
Database 'C:\Users\Jose\eclipse-workspace\IreneJoxe\src\main\resources\products.temp' has been recovered (tr. 51-51)

[2026-03-04 10:59:28 #2 store] 
Database 'C:\Users\Jose\eclipse-workspace\IreneJoxe\src\main\resources\products.temp' is opened by 5620@Joxe-Pc

[2026-03-04 10:59:28 #3 type] 
Type domain.Comprador is not enhanced.

[2026-03-04 10:59:28 #4 type] 
Type domain.Sale is not enhanced.

[2026-03-04 10:59:28 #5 type] 
Type domain.Seller is not enhanced.

------------------------------------------------------------------------------------------------------------------------

[2026-03-04 11:01:52 #1 store] 
Database 'C:\Users\Jose\eclipse-workspace\IreneJoxe\src\main\resources\products.temp' is opened by 21248@Joxe-Pc

[2026-03-04 11:01:52 #2 type] 
Type domain.Comprador is not enhanced.

[2026-03-04 11:01:52 #3 type] 
Type domain.Sale is not enhanced.

[2026-03-04 11:01:52 #4 type] 
Type domain.Seller is not enhanced.

------------------------------------------------------------------------------------------------------------------------

[2026-03-04 11:02:31 #1 store] 
Database 'C:\Users\Jose\eclipse-workspace\IreneJoxe\src\main\resources\products.temp' is opened by 18696@Joxe-Pc

[2026-03-04 11:02:31 #2 type] 
Type domain.Comprador is not enhanced.

[2026-03-04 11:02:31 #3 type] 
Type domain.Sale is not enhanced.

[2026-03-04 11:02:31 #4 type] 
Type domain.Seller is not enhanced.

------------------------------------------------------------------------------------------------------------------------

[2026-03-04 11:03:04 #1 store] 
Database 'C:\Users\Jose\eclipse-workspace\IreneJoxe\src\main\resources\products.temp' is opened by 852@Joxe-Pc

[2026-03-04 11:03:04 #2 type] 
Type domain.Comprador is not enhanced.

[2026-03-04 11:03:05 #3 type] 
Type domain.Sale is not enhanced.

[2026-03-04 11:03:05 #4 type] 
Type domain.Seller is not enhanced.

------------------------------------------------------------------------------------------------------------------------

[2026-03-04 11:04:40 #1 store] 
Database 'C:\Users\Jose\eclipse-workspace\IreneJoxe\src\main\resources\products.temp' is opened by 21444@Joxe-Pc

[2026-03-04 11:04:40 #2 type] 
Type domain.Comprador is not enhanced.

[2026-03-04 11:04:40 #3 type] 
Type domain.Sale is not enhanced.

[2026-03-04 11:04:40 #4 type] 
Type domain.Seller is not enhanced.

------------------------------------------------------------------------------------------------------------------------

[2026-03-04 11:06:16 #1 store] 
Database 'C:\Users\Jose\eclipse-workspace\IreneJoxe\src\main\resources\products.temp' is opened by 9324@Joxe-Pc

[2026-03-04 11:06:16 #2 type] 
Type domain.Comprador is not enhanced.

[2026-03-04 11:06:16 #3 type] 
Type domain.Sale is not enhanced.

[2026-03-04 11:06:16 #4 type] 
Type domain.Seller is not enhanced.

------------------------------------------------------------------------------------------------------------------------

[2026-03-04 11:10:55 #1 store] 
Database 'C:\Users\Jose\eclipse-workspace\IreneJoxe\src\main\resources\products.temp' is opened by 9492@Joxe-Pc

[2026-03-04 11:10:55 #2 type] 
Type domain.Comprador is not enhanced.

[2026-03-04 11:10:55 #3 type] 
Type domain.Sale is not enhanced.

[2026-03-04 11:10:56 #4 type] 
Type domain.Seller is not enhanced.

------------------------------------------------------------------------------------------------------------------------

[2026-03-04 11:13:08 #1 store] 
Database 'C:\Users\Jose\eclipse-workspace\IreneJoxe\src\main\resources\products.temp' has been recovered (tr. 52-52)

[2026-03-04 11:13:08 #2 store] 
Database 'C:\Users\Jose\eclipse-workspace\IreneJoxe\src\main\resources\products.temp' is opened by 4944@Joxe-Pc

[2026-03-04 11:13:08 #3 type] 
Type domain.Comprador is not enhanced.

[2026-03-04 11:13:08 #4 type] 
Type domain.Sale is not enhanced.

[2026-03-04 11:13:08 #5 type] 
Type domain.Seller is not enhanced.

------------------------------------------------------------------------------------------------------------------------

[2026-03-04 11:15:47 #1 store] 
Database 'C:\Users\Jose\eclipse-workspace\IreneJoxe\src\main\resources\products.temp' is opened by 4648@Joxe-Pc

[2026-03-04 11:15:47 #2 type] 
Type domain.Comprador is not enhanced.

[2026-03-04 11:15:47 #3 type] 
Type domain.Sale is not enhanced.

[2026-03-04 11:15:47 #4 type] 
Type domain.Seller is not enhanced.

------------------------------------------------------------------------------------------------------------------------

[2026-03-04 11:25:50 #1 store] 
Database 'C:\Users\Jose\eclipse-workspace\IreneJoxe\src\main\resources\products.temp' has been recovered (tr. 53-55)

[2026-03-04 11:25:51 #2 store] 
Database 'C:\Users\Jose\eclipse-workspace\IreneJoxe\src\main\resources\products.temp' is opened by 16096@Joxe-Pc

[2026-03-04 11:25:51 #3 type] 
Type domain.Comprador is not enhanced.

[2026-03-04 11:25:51 #4 type] 
Type domain.Sale is not enhanced.

[2026-03-04 11:25:51 #5 type] 
Type domain.Seller is not enhanced.

------------------------------------------------------------------------------------------------------------------------

[2026-03-04 11:27:09 #1 store] 
Database 'C:\Users\Jose\eclipse-workspace\IreneJoxe\src\main\resources\products.temp' has been recovered (tr. 56-57)

[2026-03-04 11:27:09 #2 store] 
Database 'C:\Users\Jose\eclipse-workspace\IreneJoxe\src\main\resources\products.temp' is opened by 3468@Joxe-Pc

[2026-03-04 11:27:09 #3 type] 
Type domain.Comprador is not enhanced.

[2026-03-04 11:27:09 #4 type] 
Type domain.Sale is not enhanced.

[2026-03-04 11:27:09 #5 type] 
Type domain.Seller is not enhanced.

------------------------------------------------------------------------------------------------------------------------

[2026-03-04 11:31:34 #1 store] 
Database 'C:\Users\Jose\eclipse-workspace\IreneJoxe\src\main\resources\products.temp' has been recovered (tr. 58-61)

[2026-03-04 11:31:34 #2 store] 
Database 'C:\Users\Jose\eclipse-workspace\IreneJoxe\src\main\resources\products.temp' is opened by 20968@Joxe-Pc

[2026-03-04 11:31:34 #3 type] 
Type domain.Comprador is not enhanced.

[2026-03-04 11:31:34 #4 type] 
Type domain.Sale is not enhanced.

[2026-03-04 11:31:34 #5 type] 
Type domain.Seller is not enhanced.

------------------------------------------------------------------------------------------------------------------------

[2026-03-04 11:31:57 #1 store] 
Database 'C:\Users\Jose\eclipse-workspace\IreneJoxe\src\main\resources\products.temp' is opened by 3484@Joxe-Pc

[2026-03-04 11:31:57 #2 type] 
Type domain.Comprador is not enhanced.

[2026-03-04 11:31:57 #3 type] 
Type domain.Sale is not enhanced.

[2026-03-04 11:31:57 #4 type] 
Type domain.Seller is not enhanced.

------------------------------------------------------------------------------------------------------------------------

[2026-03-04 11:39:44 #1 store] 
Database 'C:\Users\Jose\eclipse-workspace\IreneJoxe\src\main\resources\products.temp' has been recovered (tr. 62-63)

[2026-03-04 11:39:44 #2 store] 
Database 'C:\Users\Jose\eclipse-workspace\IreneJoxe\src\main\resources\products.temp' is opened by 9024@Joxe-Pc

[2026-03-04 11:39:44 #3 type] 
Type domain.Comprador is not enhanced.

[2026-03-04 11:39:44 #4 type] 
Type domain.Sale is not enhanced.

[2026-03-04 11:39:44 #5 type] 
Type domain.Seller is not enhanced.

------------------------------------------------------------------------------------------------------------------------

[2026-03-04 11:41:53 #1 store] 
Database 'C:\Users\Jose\eclipse-workspace\IreneJoxe\src\main\resources\products.temp' has been recovered (tr. 64-64)

[2026-03-04 11:41:53 #2 store] 
Database 'C:\Users\Jose\eclipse-workspace\IreneJoxe\src\main\resources\products.temp' is opened by 4004@Joxe-Pc

[2026-03-04 11:41:53 #3 type] 
Type domain.Comprador is not enhanced.

[2026-03-04 11:41:53 #4 type] 
Type domain.Sale is not enhanced.

[2026-03-04 11:41:53 #5 type] 
Type domain.Seller is not enhanced.

------------------------------------------------------------------------------------------------------------------------

[2026-03-04 11:42:11 #1 store] 
Database 'C:\Users\Jose\eclipse-workspace\IreneJoxe\src\main\resources\products.temp' is opened by 6116@Joxe-Pc

[2026-03-04 11:42:11 #2 type] 
Type domain.Comprador is not enhanced.

[2026-03-04 11:42:11 #3 type] 
Type domain.Sale is not enhanced.

[2026-03-04 11:42:11 #4 type] 
Type domain.Seller is not enhanced.

------------------------------------------------------------------------------------------------------------------------

[2026-03-04 11:46:56 #1 store] 
Database 'C:\Users\Jose\eclipse-workspace\IreneJoxe\src\main\resources\products.temp' has been recovered (tr. 65-67)

[2026-03-04 11:46:56 #2 store] 
Database 'C:\Users\Jose\eclipse-workspace\IreneJoxe\src\main\resources\products.temp' is opened by 3168@Joxe-Pc

[2026-03-04 11:46:56 #3 type] 
Type domain.Comprador is not enhanced.

[2026-03-04 11:46:56 #4 type] 
Type domain.Sale is not enhanced.

[2026-03-04 11:46:56 #5 type] 
Type domain.Seller is not enhanced.

------------------------------------------------------------------------------------------------------------------------

[2026-03-04 11:52:12 #1 store] 
Database 'C:\Users\Jose\eclipse-workspace\IreneJoxe\src\main\resources\products.temp' has been recovered (tr. 68-70)

[2026-03-04 11:52:12 #2 store] 
Database 'C:\Users\Jose\eclipse-workspace\IreneJoxe\src\main\resources\products.temp' is opened by 21436@Joxe-Pc

[2026-03-04 11:52:12 #3 type] 
Type domain.Comprador is not enhanced.

[2026-03-04 11:52:12 #4 type] 
Type domain.Sale is not enhanced.

[2026-03-04 11:52:12 #5 type] 
Type domain.Seller is not enhanced.

------------------------------------------------------------------------------------------------------------------------

[2026-03-04 11:54:08 #1 store] 
Database 'C:\Users\Jose\eclipse-workspace\IreneJoxe\src\main\resources\products.temp' has been recovered (tr. 71-72)

[2026-03-04 11:54:08 #2 store] 
Database 'C:\Users\Jose\eclipse-workspace\IreneJoxe\src\main\resources\products.temp' is opened by 12852@Joxe-Pc

[2026-03-04 11:54:08 #3 type] 
Type domain.Comprador is not enhanced.

[2026-03-04 11:54:08 #4 type] 
Type domain.Sale is not enhanced.

[2026-03-04 11:54:08 #5 type] 
Type domain.Seller is not enhanced.

------------------------------------------------------------------------------------------------------------------------

[2026-03-04 11:59:56 #1 store] 
Database 'C:\Users\Jose\eclipse-workspace\IreneJoxe\src\main\resources\products.temp' has been recovered (tr. 73-76)

[2026-03-04 11:59:56 #2 store] 
Database 'C:\Users\Jose\eclipse-workspace\IreneJoxe\src\main\resources\products.temp' is opened by 12612@Joxe-Pc

[2026-03-04 11:59:56 #3 type] 
Type domain.Comprador is not enhanced.

[2026-03-04 11:59:56 #4 type] 
Type domain.Sale is not enhanced.

[2026-03-04 11:59:56 #5 type] 
Type domain.Seller is not enhanced.

------------------------------------------------------------------------------------------------------------------------

[2026-03-04 12:01:58 #1 store] 
Database 'C:\Users\Jose\eclipse-workspace\IreneJoxe\src\main\resources\products.temp' has been recovered (tr. 77-77)

[2026-03-04 12:01:58 #2 store] 
Database 'C:\Users\Jose\eclipse-workspace\IreneJoxe\src\main\resources\products.temp' is opened by 18204@Joxe-Pc

[2026-03-04 12:01:58 #3 type] 
Type domain.Comprador is not enhanced.

[2026-03-04 12:01:58 #4 type] 
Type domain.Sale is not enhanced.

[2026-03-04 12:01:58 #5 type] 
Type domain.Seller is not enhanced.

------------------------------------------------------------------------------------------------------------------------

[2026-03-04 12:04:20 #1 store] 
Database 'C:\Users\Jose\eclipse-workspace\IreneJoxe\src\main\resources\products.temp' is opened by 13368@Joxe-Pc

[2026-03-04 12:04:20 #2 type] 
Type domain.Comprador is not enhanced.

[2026-03-04 12:04:20 #3 type] 
Type domain.Sale is not enhanced.

[2026-03-04 12:04:20 #4 type] 
Type domain.Seller is not enhanced.

------------------------------------------------------------------------------------------------------------------------

[2026-03-04 12:07:40 #1 store] 
Database 'C:\Users\Jose\eclipse-workspace\IreneJoxe\src\main\resources\products.temp' is opened by 17504@Joxe-Pc

[2026-03-04 12:07:40 #2 type] 
Type domain.Comprador is not enhanced.

[2026-03-04 12:07:40 #3 type] 
Type domain.Sale is not enhanced.

[2026-03-04 12:07:40 #4 type] 
Type domain.Seller is not enhanced.

------------------------------------------------------------------------------------------------------------------------

[2026-03-04 12:13:14 #1 store] 
Database 'C:\Users\Jose\eclipse-workspace\IreneJoxe\src\main\resources\products.temp' is opened by 812@Joxe-Pc

[2026-03-04 12:13:14 #2 type] 
Type domain.Comprador is not enhanced.

[2026-03-04 12:13:14 #3 type] 
Type domain.Sale is not enhanced.

[2026-03-04 12:13:14 #4 type] 
Type domain.Seller is not enhanced.

------------------------------------------------------------------------------------------------------------------------

[2026-03-04 12:13:47 #1 store] 
Database 'C:\Users\Jose\eclipse-workspace\IreneJoxe\src\main\resources\products.temp' is opened by 20076@Joxe-Pc

[2026-03-04 12:13:47 #2 type] 
Type domain.Comprador is not enhanced.

[2026-03-04 12:13:47 #3 type] 
Type domain.Sale is not enhanced.

[2026-03-04 12:13:47 #4 type] 
Type domain.Seller is not enhanced.

------------------------------------------------------------------------------------------------------------------------

[2026-03-04 12:14:24 #1 store] 
Database 'C:\Users\Jose\eclipse-workspace\IreneJoxe\src\main\resources\products.temp' is opened by 9400@Joxe-Pc

[2026-03-04 12:14:24 #2 type] 
Type domain.Comprador is not enhanced.

[2026-03-04 12:14:24 #3 type] 
Type domain.Sale is not enhanced.

[2026-03-04 12:14:24 #4 type] 
Type domain.Seller is not enhanced.

------------------------------------------------------------------------------------------------------------------------

[2026-03-04 12:29:13 #1 store] 
Database 'C:\Users\Jose\eclipse-workspace\IreneJoxe\src\main\resources\products.temp' is opened by 22044@Joxe-Pc

[2026-03-04 12:29:13 #2 type] 
Type domain.Comprador is not enhanced.

[2026-03-04 12:29:13 #3 type] 
Type domain.Sale is not enhanced.

[2026-03-04 12:29:13 #4 type] 
Type domain.Seller is not enhanced.

------------------------------------------------------------------------------------------------------------------------

[2026-03-04 12:42:30 #1 store] 
Database 'C:\Users\Jose\eclipse-workspace\IreneJoxe\src\main\resources\products.temp' is opened by 22024@Joxe-Pc

[2026-03-04 12:42:30 #2 type] 
Type domain.Comprador is not enhanced.

[2026-03-04 12:42:30 #3 type] 
Type domain.Sale is not enhanced.

[2026-03-04 12:42:30 #4 type] 
Type domain.Seller is not enhanced.

------------------------------------------------------------------------------------------------------------------------

[2026-03-04 12:43:43 #1 store] 
Database 'C:\Users\Jose\eclipse-workspace\IreneJoxe\src\main\resources\products.temp' is opened by 13316@Joxe-Pc

[2026-03-04 12:43:44 #2 type] 
Type domain.Comprador is not enhanced.

[2026-03-04 12:43:44 #3 type] 
Type domain.Sale is not enhanced.

[2026-03-04 12:43:44 #4 type] 
Type domain.Seller is not enhanced.

------------------------------------------------------------------------------------------------------------------------

[2026-03-04 12:51:06 #1 store] 
Database 'C:\Users\Jose\eclipse-workspace\IreneJoxe\src\main\resources\products.temp' is opened by 8960@Joxe-Pc

[2026-03-04 12:51:06 #2 type] 
Type domain.Comprador is not enhanced.

[2026-03-04 12:51:06 #3 type] 
Type domain.Sale is not enhanced.

[2026-03-04 12:51:06 #4 type] 
Type domain.Seller is not enhanced.

------------------------------------------------------------------------------------------------------------------------

[2026-03-04 12:54:30 #1 store] 
Database 'C:\Users\Jose\eclipse-workspace\IreneJoxe\src\main\resources\products.temp' is opened by 444@Joxe-Pc

[2026-03-04 12:54:30 #2 type] 
Type domain.Comprador is not enhanced.

[2026-03-04 12:54:30 #3 type] 
Type domain.Sale is not enhanced.

[2026-03-04 12:54:30 #4 type] 
Type domain.Seller is not enhanced.

------------------------------------------------------------------------------------------------------------------------

[2026-03-04 12:59:34 #1 store] 
Database 'C:\Users\Jose\eclipse-workspace\IreneJoxe\src\main\resources\products.temp' is opened by 7820@Joxe-Pc

[2026-03-04 12:59:34 #2 type] 
Type domain.Comprador is not enhanced.

[2026-03-04 12:59:34 #3 type] 
Type domain.Sale is not enhanced.

[2026-03-04 12:59:34 #4 type] 
Type domain.Seller is not enhanced.

------------------------------------------------------------------------------------------------------------------------

[2026-03-04 13:08:57 #1 store] 
Database 'C:\Users\ehu\Desktop\eclipse lana\IreneJoxe\src\main\resources\products.temp' has been recovered (tr. 86-86)

[2026-03-04 13:08:57 #2 store] 
Database 'C:\Users\ehu\Desktop\eclipse lana\IreneJoxe\src\main\resources\products.temp' is opened by 4492@U029857

[2026-03-04 13:08:57 #3 type] 
Type domain.Comprador is not enhanced.

[2026-03-04 13:08:57 #4 type] 
Type domain.Sale is not enhanced.

[2026-03-04 13:08:57 #5 type] 
Type domain.Seller is not enhanced.

------------------------------------------------------------------------------------------------------------------------

[2026-03-04 13:10:26 #1 store] 
Database 'C:\Users\ehu\Desktop\eclipse lana\IreneJoxe\src\main\resources\products.temp' has been recovered (tr. 87-87)

[2026-03-04 13:10:26 #2 store] 
Database 'C:\Users\ehu\Desktop\eclipse lana\IreneJoxe\src\main\resources\products.temp' is opened by 6840@U029857

[2026-03-04 13:10:26 #3 type] 
Type domain.Comprador is not enhanced.

[2026-03-04 13:10:26 #4 type] 
Type domain.Sale is not enhanced.

[2026-03-04 13:10:26 #5 type] 
Type domain.Seller is not enhanced.

------------------------------------------------------------------------------------------------------------------------

[2026-03-04 13:19:53 #1 store] 
Database 'C:\Users\Jose\eclipse-workspace\It1-IAller_JEcheveste_IGarcia\src\main\resources\products.temp' is opened by 11016@Joxe-Pc

[2026-03-04 13:19:53 #2 type] 
Type domain.Comprador is not enhanced.

[2026-03-04 13:19:53 #3 type] 
Type domain.Sale is not enhanced.

[2026-03-04 13:19:53 #4 type] 
Type domain.Seller is not enhanced.

------------------------------------------------------------------------------------------------------------------------

[2026-03-04 23:12:57 #1 store] 
Database 'C:\Users\Jose\eclipse-workspace\It1-IAller_JEcheveste_IGarcia\src\main\resources\products.temp' is opened by 25488@Joxe-Pc

[2026-03-04 23:12:57 #2 type] 
Type domain.Comprador is not enhanced.

[2026-03-04 23:12:57 #3 type] 
Type domain.Sale is not enhanced.

[2026-03-04 23:12:57 #4 type] 
Type domain.Seller is not enhanced.

------------------------------------------------------------------------------------------------------------------------

[2026-03-04 23:14:36 #1 store] 
Database 'C:\Users\Jose\eclipse-workspace\It1-IAller_JEcheveste_IGarcia\src\main\resources\products.temp' is opened by 23740@Joxe-Pc

[2026-03-04 23:14:36 #2 type.registry] 
New type domain.Comprador

[2026-03-04 23:14:36 #3 type] 
Type domain.Comprador is not enhanced.

[2026-03-04 23:14:36 #4 type.registry] 
New type domain.Sale

[2026-03-04 23:14:36 #5 type.registry] 
New type java.util.ArrayList<domain.Sale>

[2026-03-04 23:14:36 #6 type] 
Type domain.Sale is not enhanced.

[2026-03-04 23:14:36 #7 type.registry] 
New type domain.Seller

[2026-03-04 23:14:36 #8 type] 
Type domain.Seller is not enhanced.

[2026-03-04 23:14:36 #9 type.registry] 
New type java.util.ArrayList<java.lang.Object>

------------------------------------------------------------------------------------------------------------------------

[2026-03-04 23:17:47 #1 store] 
Database 'C:\Users\Jose\eclipse-workspace\It1-IAller_JEcheveste_IGarcia\src\main\resources\products.temp' is opened by 19128@Joxe-Pc

[2026-03-04 23:17:47 #2 type.registry] 
New type domain.Comprador

[2026-03-04 23:17:47 #3 type] 
Type domain.Comprador is not enhanced.

[2026-03-04 23:17:47 #4 type.registry] 
New type domain.Sale

[2026-03-04 23:17:47 #5 type.registry] 
New type java.util.ArrayList<domain.Sale>

[2026-03-04 23:17:47 #6 type] 
Type domain.Sale is not enhanced.

[2026-03-04 23:17:47 #7 type.registry] 
New type domain.Seller

[2026-03-04 23:17:47 #8 type] 
Type domain.Seller is not enhanced.

[2026-03-04 23:17:47 #9 type.registry] 
New type java.util.ArrayList<java.lang.Object>

------------------------------------------------------------------------------------------------------------------------

[2026-03-04 23:22:05 #1 store] 
Database 'C:\Users\Jose\eclipse-workspace\It1-IAller_JEcheveste_IGarcia\src\main\resources\products.temp' is opened by 5876@Joxe-Pc

[2026-03-04 23:22:05 #2 type.registry] 
New type domain.Comprador

[2026-03-04 23:22:05 #3 type] 
Type domain.Comprador is not enhanced.

[2026-03-04 23:22:05 #4 type.registry] 
New type domain.Sale

[2026-03-04 23:22:05 #5 type.registry] 
New type java.util.ArrayList<domain.Sale>

[2026-03-04 23:22:05 #6 type] 
Type domain.Sale is not enhanced.

[2026-03-04 23:22:05 #7 type.registry] 
New type domain.Seller

[2026-03-04 23:22:05 #8 type] 
Type domain.Seller is not enhanced.

[2026-03-04 23:22:05 #9 type.registry] 
New type java.util.ArrayList<java.lang.Object>

------------------------------------------------------------------------------------------------------------------------

[2026-03-04 23:45:17 #1 store] 
Database 'C:\Users\Jose\eclipse-workspace\It1-IAller_JEcheveste_IGarcia\src\main\resources\products.temp' is opened by 2664@Joxe-Pc

[2026-03-04 23:45:17 #2 type] 
Type domain.Comprador is not enhanced.

[2026-03-04 23:45:17 #3 type] 
Type domain.Sale is not enhanced.

[2026-03-04 23:45:17 #4 type] 
Type domain.Seller is not enhanced.

