------------------------------------------------------------------------------------------------------------------------

[2026-05-07 14:10:14 #1 store] 
Database 'C:\Users\USER\git\IS-IAller_JEcheveste_IGarcia\It1-IAller_JEcheveste_IGarcia\src\main\resources\products.temp' has been recovered (tr. 16-21)

[2026-05-07 14:10:14 #2 store] 
Database 'C:\Users\USER\git\IS-IAller_JEcheveste_IGarcia\It1-IAller_JEcheveste_IGarcia\src\main\resources\products.temp' is opened by 31520@LAPTOP-V898NAMH

[2026-05-07 14:10:15 #3 type] 
Type domain.Usuario is not enhanced.

[2026-05-07 14:10:15 #4 type] 
Type domain.Comprador is not enhanced.

[2026-05-07 14:10:15 #5 type] 
Type domain.Solicitud is not enhanced.

[2026-05-07 14:10:15 #6 type] 
Type domain.Friendly is not enhanced.

[2026-05-07 14:10:15 #7 type] 
Type domain.Cuentas is not enhanced.

[2026-05-07 14:10:15 #8 type] 
Type domain.Oferta is not enhanced.

[2026-05-07 14:10:15 #9 type] 
Type domain.Sale is not enhanced.

[2026-05-07 14:10:15 #10 type] 
Type domain.Resena is not enhanced.

[2026-05-07 14:10:15 #11 type] 
Type domain.Seller is not enhanced.

------------------------------------------------------------------------------------------------------------------------

[2026-05-07 14:28:53 #1 store] 
Database 'C:\Users\USER\git\IS-IAller_JEcheveste_IGarcia\It1-IAller_JEcheveste_IGarcia\src\main\resources\products.temp' is opened by 23844@LAPTOP-V898NAMH

[2026-05-07 14:28:53 #2 type] 
Type domain.Usuario is not enhanced.

[2026-05-07 14:28:53 #3 type] 
Type domain.Comprador is not enhanced.

[2026-05-07 14:28:53 #4 type] 
Type domain.Solicitud is not enhanced.

[2026-05-07 14:28:53 #5 type] 
Type domain.Friendly is not enhanced.

[2026-05-07 14:28:53 #6 type] 
Type domain.Cuentas is not enhanced.

[2026-05-07 14:28:53 #7 type] 
Type domain.Oferta is not enhanced.

[2026-05-07 14:28:53 #8 type] 
Type domain.Sale is not enhanced.

[2026-05-07 14:28:53 #9 type] 
Type domain.Resena is not enhanced.

[2026-05-07 14:28:53 #10 type] 
Type domain.Seller is not enhanced.

------------------------------------------------------------------------------------------------------------------------

[2026-05-07 14:34:34 #1 store] 
Database 'C:\Users\USER\git\IS-IAller_JEcheveste_IGarcia\It1-IAller_JEcheveste_IGarcia\src\main\resources\products.temp' has been recovered (tr. 22-26)

[2026-05-07 14:34:35 #2 store] 
Database 'C:\Users\USER\git\IS-IAller_JEcheveste_IGarcia\It1-IAller_JEcheveste_IGarcia\src\main\resources\products.temp' is opened by 14160@LAPTOP-V898NAMH

[2026-05-07 14:34:35 #3 type] 
Type domain.Usuario is not enhanced.

[2026-05-07 14:34:35 #4 type] 
Type domain.Comprador is not enhanced.

[2026-05-07 14:34:35 #5 type] 
Type domain.Solicitud is not enhanced.

[2026-05-07 14:34:35 #6 type] 
Type domain.Friendly is not enhanced.

[2026-05-07 14:34:35 #7 type] 
Type domain.Cuentas is not enhanced.

[2026-05-07 14:34:35 #8 type] 
Type domain.Oferta is not enhanced.

[2026-05-07 14:34:35 #9 type] 
Type domain.Sale is not enhanced.

[2026-05-07 14:34:35 #10 type] 
Type domain.Resena is not enhanced.

[2026-05-07 14:34:35 #11 type] 
Type domain.Seller is not enhanced.

------------------------------------------------------------------------------------------------------------------------

[2026-05-07 14:37:13 #1 store] 
Database 'C:\Users\USER\git\IS-IAller_JEcheveste_IGarcia\It1-IAller_JEcheveste_IGarcia\src\main\resources\products.temp' has been recovered (tr. 27-28)

[2026-05-07 14:37:13 #2 store] 
Database 'C:\Users\USER\git\IS-IAller_JEcheveste_IGarcia\It1-IAller_JEcheveste_IGarcia\src\main\resources\products.temp' is opened by 1764@LAPTOP-V898NAMH

[2026-05-07 14:37:13 #3 type] 
Type domain.Usuario is not enhanced.

[2026-05-07 14:37:13 #4 type] 
Type domain.Comprador is not enhanced.

[2026-05-07 14:37:13 #5 type] 
Type domain.Solicitud is not enhanced.

[2026-05-07 14:37:13 #6 type] 
Type domain.Friendly is not enhanced.

[2026-05-07 14:37:13 #7 type] 
Type domain.Cuentas is not enhanced.

[2026-05-07 14:37:13 #8 type] 
Type domain.Oferta is not enhanced.

[2026-05-07 14:37:13 #9 type] 
Type domain.Sale is not enhanced.

[2026-05-07 14:37:13 #10 type] 
Type domain.Resena is not enhanced.

[2026-05-07 14:37:13 #11 type] 
Type domain.Seller is not enhanced.

------------------------------------------------------------------------------------------------------------------------

[2026-05-07 14:39:14 #1 store] 
Database 'C:\Users\USER\git\IS-IAller_JEcheveste_IGarcia\It1-IAller_JEcheveste_IGarcia\src\main\resources\products.temp' has been recovered (tr. 29-29)

[2026-05-07 14:39:14 #2 store] 
Database 'C:\Users\USER\git\IS-IAller_JEcheveste_IGarcia\It1-IAller_JEcheveste_IGarcia\src\main\resources\products.temp' is opened by 30672@LAPTOP-V898NAMH

[2026-05-07 14:39:14 #3 type] 
Type domain.Usuario is not enhanced.

[2026-05-07 14:39:14 #4 type] 
Type domain.Comprador is not enhanced.

[2026-05-07 14:39:14 #5 type] 
Type domain.Solicitud is not enhanced.

[2026-05-07 14:39:14 #6 type] 
Type domain.Friendly is not enhanced.

[2026-05-07 14:39:14 #7 type] 
Type domain.Cuentas is not enhanced.

[2026-05-07 14:39:14 #8 type] 
Type domain.Oferta is not enhanced.

[2026-05-07 14:39:14 #9 type] 
Type domain.Sale is not enhanced.

[2026-05-07 14:39:14 #10 type] 
Type domain.Resena is not enhanced.

[2026-05-07 14:39:14 #11 type] 
Type domain.Seller is not enhanced.

------------------------------------------------------------------------------------------------------------------------

[2026-05-07 14:44:06 #1 store] 
Database 'C:\Users\USER\git\IS-IAller_JEcheveste_IGarcia\It1-IAller_JEcheveste_IGarcia\src\main\resources\products.temp' is opened by 30592@LAPTOP-V898NAMH

[2026-05-07 14:44:06 #2 type] 
Type domain.Usuario is not enhanced.

[2026-05-07 14:44:06 #3 type] 
Type domain.Comprador is not enhanced.

[2026-05-07 14:44:06 #4 type] 
Type domain.Solicitud is not enhanced.

[2026-05-07 14:44:06 #5 type] 
Type domain.Friendly is not enhanced.

[2026-05-07 14:44:06 #6 type] 
Type domain.Cuentas is not enhanced.

[2026-05-07 14:44:06 #7 type] 
Type domain.Oferta is not enhanced.

[2026-05-07 14:44:06 #8 type] 
Type domain.Sale is not enhanced.

[2026-05-07 14:44:06 #9 type] 
Type domain.Resena is not enhanced.

[2026-05-07 14:44:06 #10 type] 
Type domain.Seller is not enhanced.

------------------------------------------------------------------------------------------------------------------------

[2026-05-07 14:46:17 #1 store] 
Database 'C:\Users\USER\git\IS-IAller_JEcheveste_IGarcia\It1-IAller_JEcheveste_IGarcia\src\main\resources\products.temp' is opened by 34184@LAPTOP-V898NAMH

[2026-05-07 14:46:17 #2 type] 
Type domain.Usuario is not enhanced.

[2026-05-07 14:46:17 #3 type] 
Type domain.Comprador is not enhanced.

[2026-05-07 14:46:17 #4 type] 
Type domain.Solicitud is not enhanced.

[2026-05-07 14:46:17 #5 type] 
Type domain.Friendly is not enhanced.

[2026-05-07 14:46:17 #6 type] 
Type domain.Cuentas is not enhanced.

[2026-05-07 14:46:17 #7 type] 
Type domain.Oferta is not enhanced.

[2026-05-07 14:46:17 #8 type] 
Type domain.Sale is not enhanced.

[2026-05-07 14:46:17 #9 type] 
Type domain.Resena is not enhanced.

[2026-05-07 14:46:17 #10 type] 
Type domain.Seller is not enhanced.

------------------------------------------------------------------------------------------------------------------------

[2026-05-07 14:47:54 #1 store] 
Database 'C:\Users\USER\git\IS-IAller_JEcheveste_IGarcia\It1-IAller_JEcheveste_IGarcia\src\main\resources\products.temp' is opened by 16844@LAPTOP-V898NAMH

[2026-05-07 14:47:55 #2 type] 
Type domain.Usuario is not enhanced.

[2026-05-07 14:47:55 #3 type] 
Type domain.Comprador is not enhanced.

[2026-05-07 14:47:55 #4 type] 
Type domain.Solicitud is not enhanced.

[2026-05-07 14:47:55 #5 type] 
Type domain.Friendly is not enhanced.

[2026-05-07 14:47:55 #6 type] 
Type domain.Cuentas is not enhanced.

[2026-05-07 14:47:55 #7 type] 
Type domain.Oferta is not enhanced.

[2026-05-07 14:47:55 #8 type] 
Type domain.Sale is not enhanced.

[2026-05-07 14:47:55 #9 type] 
Type domain.Resena is not enhanced.

[2026-05-07 14:47:55 #10 type] 
Type domain.Seller is not enhanced.

------------------------------------------------------------------------------------------------------------------------

[2026-05-07 14:48:36 #1 store] 
Database 'C:\Users\USER\git\IS-IAller_JEcheveste_IGarcia\It1-IAller_JEcheveste_IGarcia\src\main\resources\products.temp' is opened by 36628@LAPTOP-V898NAMH

[2026-05-07 14:48:36 #2 type] 
Type domain.Usuario is not enhanced.

[2026-05-07 14:48:36 #3 type] 
Type domain.Comprador is not enhanced.

[2026-05-07 14:48:36 #4 type] 
Type domain.Solicitud is not enhanced.

[2026-05-07 14:48:36 #5 type] 
Type domain.Friendly is not enhanced.

[2026-05-07 14:48:36 #6 type] 
Type domain.Cuentas is not enhanced.

[2026-05-07 14:48:36 #7 type] 
Type domain.Oferta is not enhanced.

[2026-05-07 14:48:37 #8 type] 
Type domain.Sale is not enhanced.

[2026-05-07 14:48:37 #9 type] 
Type domain.Resena is not enhanced.

[2026-05-07 14:48:37 #10 type] 
Type domain.Seller is not enhanced.

------------------------------------------------------------------------------------------------------------------------

[2026-05-07 15:02:39 #1 store] 
Database 'C:\Users\USER\git\IS-IAller_JEcheveste_IGarcia\It1-IAller_JEcheveste_IGarcia\src\main\resources\products.temp' has been recovered (tr. 30-30)

[2026-05-07 15:02:39 #2 store] 
Database 'C:\Users\USER\git\IS-IAller_JEcheveste_IGarcia\It1-IAller_JEcheveste_IGarcia\src\main\resources\products.temp' is opened by 26656@LAPTOP-V898NAMH

[2026-05-07 15:02:39 #3 type] 
Type domain.Usuario is not enhanced.

[2026-05-07 15:02:39 #4 type] 
Type domain.Comprador is not enhanced.

[2026-05-07 15:02:39 #5 type] 
Type domain.Solicitud is not enhanced.

[2026-05-07 15:02:39 #6 type] 
Type domain.Friendly is not enhanced.

[2026-05-07 15:02:39 #7 type] 
Type domain.Cuentas is not enhanced.

[2026-05-07 15:02:39 #8 type] 
Type domain.Oferta is not enhanced.

[2026-05-07 15:02:39 #9 type] 
Type domain.Sale is not enhanced.

[2026-05-07 15:02:39 #10 type] 
Type domain.Resena is not enhanced.

[2026-05-07 15:02:39 #11 type] 
Type domain.Seller is not enhanced.

------------------------------------------------------------------------------------------------------------------------

[2026-05-07 15:03:29 #1 store] 
Database 'C:\Users\USER\git\IS-IAller_JEcheveste_IGarcia\It1-IAller_JEcheveste_IGarcia\src\main\resources\products.temp' has been recovered (tr. 31-32)

[2026-05-07 15:03:29 #2 store] 
Database 'C:\Users\USER\git\IS-IAller_JEcheveste_IGarcia\It1-IAller_JEcheveste_IGarcia\src\main\resources\products.temp' is opened by 21740@LAPTOP-V898NAMH

[2026-05-07 15:03:29 #3 type] 
Type domain.Usuario is not enhanced.

[2026-05-07 15:03:29 #4 type] 
Type domain.Comprador is not enhanced.

[2026-05-07 15:03:29 #5 type] 
Type domain.Solicitud is not enhanced.

[2026-05-07 15:03:29 #6 type] 
Type domain.Friendly is not enhanced.

[2026-05-07 15:03:29 #7 type] 
Type domain.Cuentas is not enhanced.

[2026-05-07 15:03:29 #8 type] 
Type domain.Oferta is not enhanced.

[2026-05-07 15:03:29 #9 type] 
Type domain.Sale is not enhanced.

[2026-05-07 15:03:29 #10 type] 
Type domain.Resena is not enhanced.

[2026-05-07 15:03:29 #11 type] 
Type domain.Seller is not enhanced.

------------------------------------------------------------------------------------------------------------------------

[2026-05-07 15:10:18 #1 store] 
Database 'C:\Users\USER\git\IS-IAller_JEcheveste_IGarcia\It1-IAller_JEcheveste_IGarcia\src\main\resources\products.temp' has been recovered (tr. 33-33)

[2026-05-07 15:10:18 #2 store] 
Database 'C:\Users\USER\git\IS-IAller_JEcheveste_IGarcia\It1-IAller_JEcheveste_IGarcia\src\main\resources\products.temp' is opened by 37656@LAPTOP-V898NAMH

[2026-05-07 15:10:18 #3 type] 
Type domain.Usuario is not enhanced.

[2026-05-07 15:10:18 #4 type] 
Type domain.Comprador is not enhanced.

[2026-05-07 15:10:18 #5 type] 
Type domain.Solicitud is not enhanced.

[2026-05-07 15:10:18 #6 type] 
Type domain.Friendly is not enhanced.

[2026-05-07 15:10:18 #7 type] 
Type domain.Cuentas is not enhanced.

[2026-05-07 15:10:18 #8 type] 
Type domain.Oferta is not enhanced.

[2026-05-07 15:10:18 #9 type] 
Type domain.Sale is not enhanced.

[2026-05-07 15:10:18 #10 type] 
Type domain.Resena is not enhanced.

[2026-05-07 15:10:18 #11 type] 
Type domain.Seller is not enhanced.

------------------------------------------------------------------------------------------------------------------------

[2026-05-07 15:10:49 #1 store] 
Database 'C:\Users\USER\git\IS-IAller_JEcheveste_IGarcia\It1-IAller_JEcheveste_IGarcia\src\main\resources\products.temp' is opened by 35660@LAPTOP-V898NAMH

[2026-05-07 15:10:49 #2 type] 
Type domain.Usuario is not enhanced.

[2026-05-07 15:10:49 #3 type] 
Type domain.Comprador is not enhanced.

[2026-05-07 15:10:49 #4 type] 
Type domain.Solicitud is not enhanced.

[2026-05-07 15:10:49 #5 type] 
Type domain.Friendly is not enhanced.

[2026-05-07 15:10:49 #6 type] 
Type domain.Cuentas is not enhanced.

[2026-05-07 15:10:49 #7 type] 
Type domain.Oferta is not enhanced.

[2026-05-07 15:10:49 #8 type] 
Type domain.Sale is not enhanced.

[2026-05-07 15:10:49 #9 type] 
Type domain.Resena is not enhanced.

[2026-05-07 15:10:49 #10 type] 
Type domain.Seller is not enhanced.

------------------------------------------------------------------------------------------------------------------------

[2026-05-07 15:13:02 #1 store] 
Database 'C:\Users\USER\git\IS-IAller_JEcheveste_IGarcia\It1-IAller_JEcheveste_IGarcia\src\main\resources\products.temp' is opened by 33328@LAPTOP-V898NAMH

[2026-05-07 15:13:02 #2 type] 
Type domain.Usuario is not enhanced.

[2026-05-07 15:13:02 #3 type] 
Type domain.Comprador is not enhanced.

[2026-05-07 15:13:02 #4 type] 
Type domain.Solicitud is not enhanced.

[2026-05-07 15:13:02 #5 type] 
Type domain.Friendly is not enhanced.

[2026-05-07 15:13:02 #6 type] 
Type domain.Cuentas is not enhanced.

[2026-05-07 15:13:02 #7 type] 
Type domain.Oferta is not enhanced.

[2026-05-07 15:13:02 #8 type] 
Type domain.Sale is not enhanced.

[2026-05-07 15:13:02 #9 type] 
Type domain.Resena is not enhanced.

[2026-05-07 15:13:02 #10 type] 
Type domain.Seller is not enhanced.

