------------------------------------------------------------------------------------------------------------------------

[2026-04-01 11:29:38 #1 store] 
Database 'C:\Users\Jose\IS-GIT\It1-IAller_JEcheveste_IGarcia\src\main\resources\products.temp' has been recovered (tr. 11-17)

[2026-04-01 11:29:38 #2 store] 
Database 'C:\Users\Jose\IS-GIT\It1-IAller_JEcheveste_IGarcia\src\main\resources\products.temp' is opened by 13816@Joxe-Pc

[2026-04-01 11:29:38 #3 type] 
Type domain.Comprador is not enhanced.

[2026-04-01 11:29:38 #4 type] 
Type domain.Sale is not enhanced.

[2026-04-01 11:29:38 #5 type] 
Type domain.Seller is not enhanced.

------------------------------------------------------------------------------------------------------------------------

[2026-04-01 11:36:07 #1 store] 
Database 'C:\Users\Jose\IS-GIT\It1-IAller_JEcheveste_IGarcia\src\main\resources\products.temp' has been recovered (tr. 18-22)

[2026-04-01 11:36:07 #2 store] 
Database 'C:\Users\Jose\IS-GIT\It1-IAller_JEcheveste_IGarcia\src\main\resources\products.temp' is opened by 11164@Joxe-Pc

[2026-04-01 11:36:07 #3 type] 
Type domain.Comprador is not enhanced.

[2026-04-01 11:36:07 #4 type] 
Type domain.Sale is not enhanced.

[2026-04-01 11:36:07 #5 type] 
Type domain.Seller is not enhanced.

------------------------------------------------------------------------------------------------------------------------

[2026-04-01 11:40:10 #1 store] 
Database 'C:\Users\Jose\IS-GIT\It1-IAller_JEcheveste_IGarcia\src\main\resources\products.temp' has been recovered (tr. 23-24)

[2026-04-01 11:40:10 #2 store] 
Database 'C:\Users\Jose\IS-GIT\It1-IAller_JEcheveste_IGarcia\src\main\resources\products.temp' is opened by 452@Joxe-Pc

[2026-04-01 11:40:10 #3 type] 
Type domain.Comprador is not enhanced.

[2026-04-01 11:40:10 #4 type] 
Type domain.Sale is not enhanced.

[2026-04-01 11:40:10 #5 type] 
Type domain.Seller is not enhanced.

------------------------------------------------------------------------------------------------------------------------

[2026-04-01 12:03:38 #1 store] 
Database 'C:\Users\Jose\IS-GIT\It1-IAller_JEcheveste_IGarcia\src\main\resources\products.temp' has been recovered (tr. 25-25)

[2026-04-01 12:03:38 #2 store] 
Database 'C:\Users\Jose\IS-GIT\It1-IAller_JEcheveste_IGarcia\src\main\resources\products.temp' is opened by 20724@Joxe-Pc

[2026-04-01 12:03:38 #3 type] 
Type domain.Comprador is not enhanced.

[2026-04-01 12:03:38 #4 type] 
Type domain.Sale is not enhanced.

[2026-04-01 12:03:38 #5 type.registry] 
New type domain.Oferta

[2026-04-01 12:03:38 #6 type.registry] 
New type java.util.ArrayList<domain.Oferta>

[2026-04-01 12:03:38 #7 type] 
Type domain.Seller is not enhanced.

[2026-04-01 12:03:38 #8 type] 
Type domain.Oferta is not enhanced.

------------------------------------------------------------------------------------------------------------------------

[2026-04-01 12:38:21 #1 store] 
Database 'C:\Users\Jose\IS-GIT\It1-IAller_JEcheveste_IGarcia\src\main\resources\products.temp' has been recovered (tr. 26-26)

[2026-04-01 12:38:21 #2 store] 
Database 'C:\Users\Jose\IS-GIT\It1-IAller_JEcheveste_IGarcia\src\main\resources\products.temp' is opened by 7560@Joxe-Pc

[2026-04-01 12:38:21 #3 type] 
Type domain.Comprador is not enhanced.

[2026-04-01 12:38:21 #4 type.registry] 
New type domain.Cuentas

[2026-04-01 12:38:21 #5 type] 
Type domain.Sale is not enhanced.

[2026-04-01 12:38:21 #6 type] 
Type domain.Seller is not enhanced.

[2026-04-01 12:38:21 #7 type] 
Type domain.Oferta is not enhanced.

------------------------------------------------------------------------------------------------------------------------

[2026-04-01 12:39:34 #1 store] 
Database 'C:\Users\Jose\IS-GIT\It1-IAller_JEcheveste_IGarcia\src\main\resources\products.temp' has been recovered (tr. 27-28)

[2026-04-01 12:39:34 #2 store] 
Database 'C:\Users\Jose\IS-GIT\It1-IAller_JEcheveste_IGarcia\src\main\resources\products.temp' is opened by 16376@Joxe-Pc

[2026-04-01 12:39:34 #3 type] 
Type domain.Comprador is not enhanced.

[2026-04-01 12:39:34 #4 type] 
Type domain.Sale is not enhanced.

[2026-04-01 12:39:34 #5 type] 
Type domain.Seller is not enhanced.

[2026-04-01 12:39:34 #6 type] 
Type domain.Oferta is not enhanced.

------------------------------------------------------------------------------------------------------------------------

[2026-04-01 12:41:36 #1 store] 
Database 'C:\Users\Jose\IS-GIT\It1-IAller_JEcheveste_IGarcia\src\main\resources\products.temp' has been recovered (tr. 29-29)

[2026-04-01 12:41:36 #2 store] 
Database 'C:\Users\Jose\IS-GIT\It1-IAller_JEcheveste_IGarcia\src\main\resources\products.temp' is opened by 5232@Joxe-Pc

[2026-04-01 12:41:36 #3 type] 
Type domain.Comprador is not enhanced.

[2026-04-01 12:41:36 #4 type] 
Type domain.Sale is not enhanced.

[2026-04-01 12:41:36 #5 type] 
Type domain.Seller is not enhanced.

[2026-04-01 12:41:36 #6 type] 
Type domain.Oferta is not enhanced.

------------------------------------------------------------------------------------------------------------------------

[2026-04-01 12:44:41 #1 store] 
Database 'C:\Users\Jose\IS-GIT\It1-IAller_JEcheveste_IGarcia\src\main\resources\products.temp' has been recovered (tr. 30-32)

[2026-04-01 12:44:41 #2 store] 
Database 'C:\Users\Jose\IS-GIT\It1-IAller_JEcheveste_IGarcia\src\main\resources\products.temp' is opened by 17884@Joxe-Pc

[2026-04-01 12:44:41 #3 type] 
Type domain.Comprador is not enhanced.

[2026-04-01 12:44:41 #4 type] 
Type domain.Sale is not enhanced.

[2026-04-01 12:44:41 #5 type] 
Type domain.Seller is not enhanced.

[2026-04-01 12:44:41 #6 type] 
Type domain.Oferta is not enhanced.

------------------------------------------------------------------------------------------------------------------------

[2026-04-01 12:45:45 #1 store] 
Database 'C:\Users\Jose\IS-GIT\It1-IAller_JEcheveste_IGarcia\src\main\resources\products.temp' has been recovered (tr. 33-33)

[2026-04-01 12:45:45 #2 store] 
Database 'C:\Users\Jose\IS-GIT\It1-IAller_JEcheveste_IGarcia\src\main\resources\products.temp' is opened by 2464@Joxe-Pc

[2026-04-01 12:45:45 #3 type] 
Type domain.Comprador is not enhanced.

[2026-04-01 12:45:45 #4 type] 
Type domain.Sale is not enhanced.

[2026-04-01 12:45:45 #5 type] 
Type domain.Seller is not enhanced.

[2026-04-01 12:45:45 #6 type] 
Type domain.Oferta is not enhanced.

------------------------------------------------------------------------------------------------------------------------

[2026-04-01 12:50:47 #1 store] 
Database 'C:\Users\Jose\IS-GIT\It1-IAller_JEcheveste_IGarcia\src\main\resources\products.temp' has been recovered (tr. 34-36)

[2026-04-01 12:50:47 #2 store] 
Database 'C:\Users\Jose\IS-GIT\It1-IAller_JEcheveste_IGarcia\src\main\resources\products.temp' is opened by 11088@Joxe-Pc

[2026-04-01 12:50:47 #3 type] 
Type domain.Comprador is not enhanced.

[2026-04-01 12:50:47 #4 type] 
Type domain.Sale is not enhanced.

[2026-04-01 12:50:47 #5 type] 
Type domain.Seller is not enhanced.

[2026-04-01 12:50:47 #6 type] 
Type domain.Oferta is not enhanced.

------------------------------------------------------------------------------------------------------------------------

[2026-04-01 12:54:17 #1 store] 
Database 'C:\Users\Jose\IS-GIT\It1-IAller_JEcheveste_IGarcia\src\main\resources\products.temp' has been recovered (tr. 37-37)

[2026-04-01 12:54:17 #2 store] 
Database 'C:\Users\Jose\IS-GIT\It1-IAller_JEcheveste_IGarcia\src\main\resources\products.temp' is opened by 11408@Joxe-Pc

[2026-04-01 12:54:17 #3 type] 
Type domain.Comprador is not enhanced.

[2026-04-01 12:54:17 #4 type] 
Type domain.Sale is not enhanced.

[2026-04-01 12:54:17 #5 type] 
Type domain.Seller is not enhanced.

[2026-04-01 12:54:17 #6 type] 
Type domain.Oferta is not enhanced.

------------------------------------------------------------------------------------------------------------------------

[2026-04-01 12:56:37 #1 store] 
Database 'C:\Users\Jose\IS-GIT\It1-IAller_JEcheveste_IGarcia\src\main\resources\products.temp' has been recovered (tr. 38-38)

[2026-04-01 12:56:37 #2 store] 
Database 'C:\Users\Jose\IS-GIT\It1-IAller_JEcheveste_IGarcia\src\main\resources\products.temp' is opened by 3816@Joxe-Pc

[2026-04-01 12:56:37 #3 type] 
Type domain.Comprador is not enhanced.

[2026-04-01 12:56:37 #4 type] 
Type domain.Sale is not enhanced.

[2026-04-01 12:56:37 #5 type] 
Type domain.Seller is not enhanced.

[2026-04-01 12:56:37 #6 type] 
Type domain.Oferta is not enhanced.

[2026-04-01 12:56:37 #7 type] 
Type domain.Cuentas is not enhanced.

------------------------------------------------------------------------------------------------------------------------

[2026-04-01 13:00:38 #1 store] 
Database 'C:\Users\Jose\IS-GIT\It1-IAller_JEcheveste_IGarcia\src\main\resources\products.temp' has been recovered (tr. 39-39)

[2026-04-01 13:00:38 #2 store] 
Database 'C:\Users\Jose\IS-GIT\It1-IAller_JEcheveste_IGarcia\src\main\resources\products.temp' is opened by 21572@Joxe-Pc

[2026-04-01 13:00:38 #3 type] 
Type domain.Comprador is not enhanced.

[2026-04-01 13:00:38 #4 type] 
Type domain.Sale is not enhanced.

[2026-04-01 13:00:38 #5 type] 
Type domain.Seller is not enhanced.

[2026-04-01 13:00:38 #6 type] 
Type domain.Oferta is not enhanced.

[2026-04-01 13:00:38 #7 type] 
Type domain.Cuentas is not enhanced.

------------------------------------------------------------------------------------------------------------------------

[2026-04-01 13:07:22 #1 store] 
Database 'C:\Users\Jose\IS-GIT\It1-IAller_JEcheveste_IGarcia\src\main\resources\products.temp' is opened by 4792@Joxe-Pc

[2026-04-01 13:07:22 #2 type] 
Type domain.Comprador is not enhanced.

[2026-04-01 13:07:22 #3 type] 
Type domain.Sale is not enhanced.

[2026-04-01 13:07:22 #4 type] 
Type domain.Seller is not enhanced.

[2026-04-01 13:07:22 #5 type] 
Type domain.Oferta is not enhanced.

[2026-04-01 13:07:22 #6 type] 
Type domain.Cuentas is not enhanced.

------------------------------------------------------------------------------------------------------------------------

[2026-04-01 13:13:28 #1 store] 
Database 'C:\Users\Jose\IS-GIT\It1-IAller_JEcheveste_IGarcia\src\main\resources\products.temp' has been recovered (tr. 41-42)

[2026-04-01 13:13:29 #2 store] 
Database 'C:\Users\Jose\IS-GIT\It1-IAller_JEcheveste_IGarcia\src\main\resources\products.temp' is opened by 1944@Joxe-Pc

[2026-04-01 13:13:29 #3 type] 
Type domain.Comprador is not enhanced.

[2026-04-01 13:13:29 #4 type] 
Type domain.Sale is not enhanced.

[2026-04-01 13:13:29 #5 type] 
Type domain.Seller is not enhanced.

[2026-04-01 13:13:29 #6 type] 
Type domain.Oferta is not enhanced.

[2026-04-01 13:13:29 #7 type] 
Type domain.Cuentas is not enhanced.

