------------------------------------------------------------------------------------------------------------------------

[2026-04-11 00:01:31 #1 store] 
Database 'C:\Users\Jose\IS-GIT\It1-IAller_JEcheveste_IGarcia\src\main\resources\products.temp' is opened by 2808@Joxe-Pc

[2026-04-11 00:01:31 #2 type] 
Type domain.Comprador is not enhanced.

[2026-04-11 00:01:31 #3 type] 
Type domain.Sale is not enhanced.

[2026-04-11 00:01:31 #4 type] 
Type domain.Seller is not enhanced.

[2026-04-11 00:01:31 #5 type] 
Type domain.Oferta is not enhanced.

[2026-04-11 00:01:31 #6 type] 
Type domain.Cuentas is not enhanced.

------------------------------------------------------------------------------------------------------------------------

[2026-04-11 18:58:30 #1 store] 
Database 'C:\Users\Jose\IS-GIT\It1-IAller_JEcheveste_IGarcia\src\main\resources\products.temp' has been recovered (tr. 211-217)

[2026-04-11 18:58:30 #2 store] 
Database 'C:\Users\Jose\IS-GIT\It1-IAller_JEcheveste_IGarcia\src\main\resources\products.temp' is opened by 3584@Joxe-Pc

[2026-04-11 18:58:30 #3 type] 
Type domain.Comprador is not enhanced.

[2026-04-11 18:58:30 #4 type] 
Type domain.Sale is not enhanced.

[2026-04-11 18:58:30 #5 type] 
Type domain.Seller is not enhanced.

[2026-04-11 18:58:30 #6 type] 
Type domain.Oferta is not enhanced.

[2026-04-11 18:58:30 #7 type] 
Type domain.Cuentas is not enhanced.

------------------------------------------------------------------------------------------------------------------------

[2026-04-11 19:20:57 #1 store] 
Database 'C:\Users\Jose\IS-GIT\It1-IAller_JEcheveste_IGarcia\src\main\resources\products.temp' is opened by 3480@Joxe-Pc

[2026-04-11 19:20:57 #2 type] 
Type domain.Comprador is not enhanced.

[2026-04-11 19:20:57 #3 type] 
Type domain.Sale is not enhanced.

[2026-04-11 19:20:57 #4 type] 
Type domain.Seller is not enhanced.

[2026-04-11 19:20:57 #5 type] 
Type domain.Oferta is not enhanced.

[2026-04-11 19:20:57 #6 type] 
Type domain.Cuentas is not enhanced.

------------------------------------------------------------------------------------------------------------------------

[2026-04-11 19:29:36 #1 store] 
Database 'C:\Users\Jose\IS-GIT\It1-IAller_JEcheveste_IGarcia\src\main\resources\products.temp' has been recovered (tr. 235-253)

[2026-04-11 19:29:36 #2 store] 
Database 'C:\Users\Jose\IS-GIT\It1-IAller_JEcheveste_IGarcia\src\main\resources\products.temp' is opened by 2096@Joxe-Pc

[2026-04-11 19:29:36 #3 type] 
Type domain.Comprador is not enhanced.

[2026-04-11 19:29:36 #4 type] 
Type domain.Sale is not enhanced.

[2026-04-11 19:29:36 #5 type] 
Type domain.Seller is not enhanced.

[2026-04-11 19:29:36 #6 type] 
Type domain.Oferta is not enhanced.

[2026-04-11 19:29:36 #7 type] 
Type domain.Cuentas is not enhanced.

------------------------------------------------------------------------------------------------------------------------

[2026-04-11 19:45:48 #1 store] 
Database 'C:\Users\Jose\IS-GIT\It1-IAller_JEcheveste_IGarcia\src\main\resources\products.temp' is opened by 7480@Joxe-Pc

[2026-04-11 19:45:49 #2 type] 
Type domain.Comprador is not enhanced.

[2026-04-11 19:45:49 #3 type] 
Type domain.Sale is not enhanced.

[2026-04-11 19:45:49 #4 type] 
Type domain.Seller is not enhanced.

[2026-04-11 19:45:49 #5 type] 
Type domain.Oferta is not enhanced.

[2026-04-11 19:45:49 #6 type] 
Type domain.Cuentas is not enhanced.

------------------------------------------------------------------------------------------------------------------------

[2026-04-11 19:57:37 #1 store] 
Database 'C:\Users\Jose\IS-GIT\It1-IAller_JEcheveste_IGarcia\src\main\resources\products.temp' has been recovered (tr. 264-271)

[2026-04-11 19:57:37 #2 store] 
Database 'C:\Users\Jose\IS-GIT\It1-IAller_JEcheveste_IGarcia\src\main\resources\products.temp' is opened by 23528@Joxe-Pc

[2026-04-11 19:57:37 #3 type] 
Type domain.Comprador is not enhanced.

[2026-04-11 19:57:37 #4 type] 
Type domain.Sale is not enhanced.

[2026-04-11 19:57:37 #5 type] 
Type domain.Seller is not enhanced.

[2026-04-11 19:57:37 #6 type] 
Type domain.Oferta is not enhanced.

[2026-04-11 19:57:37 #7 type] 
Type domain.Cuentas is not enhanced.

------------------------------------------------------------------------------------------------------------------------

[2026-04-11 19:58:20 #1 store] 
Database 'C:\Users\Jose\IS-GIT\It1-IAller_JEcheveste_IGarcia\src\main\resources\products.temp' is opened by 21520@Joxe-Pc

[2026-04-11 19:58:20 #2 type] 
Type domain.Comprador is not enhanced.

[2026-04-11 19:58:20 #3 type] 
Type domain.Sale is not enhanced.

[2026-04-11 19:58:20 #4 type] 
Type domain.Seller is not enhanced.

[2026-04-11 19:58:20 #5 type] 
Type domain.Oferta is not enhanced.

[2026-04-11 19:58:20 #6 type] 
Type domain.Cuentas is not enhanced.

