------------------------------------------------------------------------------------------------------------------------

[2026-04-07 10:41:15 #1 store] 
Database 'C:\Users\Jose\IS-GIT\It1-IAller_JEcheveste_IGarcia\src\main\resources\products.temp' has been recovered (tr. 79-80)

[2026-04-07 10:41:15 #2 store] 
Database 'C:\Users\Jose\IS-GIT\It1-IAller_JEcheveste_IGarcia\src\main\resources\products.temp' is opened by 14952@Joxe-Pc

[2026-04-07 10:41:15 #3 type] 
Type domain.Comprador is not enhanced.

[2026-04-07 10:41:15 #4 type] 
Type domain.Sale is not enhanced.

[2026-04-07 10:41:15 #5 type] 
Type domain.Seller is not enhanced.

[2026-04-07 10:41:15 #6 type] 
Type domain.Oferta is not enhanced.

[2026-04-07 10:41:15 #7 type] 
Type domain.Cuentas is not enhanced.

------------------------------------------------------------------------------------------------------------------------

[2026-04-07 10:42:22 #1 store] 
Database 'C:\Users\Jose\IS-GIT\It1-IAller_JEcheveste_IGarcia\src\main\resources\products.temp' has been recovered (tr. 81-81)

[2026-04-07 10:42:22 #2 store] 
Database 'C:\Users\Jose\IS-GIT\It1-IAller_JEcheveste_IGarcia\src\main\resources\products.temp' is opened by 12708@Joxe-Pc

[2026-04-07 10:42:22 #3 type] 
Type domain.Comprador is not enhanced.

[2026-04-07 10:42:22 #4 type] 
Type domain.Sale is not enhanced.

[2026-04-07 10:42:22 #5 type] 
Type domain.Seller is not enhanced.

[2026-04-07 10:42:22 #6 type] 
Type domain.Oferta is not enhanced.

[2026-04-07 10:42:22 #7 type] 
Type domain.Cuentas is not enhanced.

------------------------------------------------------------------------------------------------------------------------

[2026-04-07 10:51:35 #1 store] 
Database 'C:\Users\Jose\IS-GIT\It1-IAller_JEcheveste_IGarcia\src\main\resources\products.temp' is opened by 12640@Joxe-Pc

[2026-04-07 10:51:35 #2 type] 
Type domain.Comprador is not enhanced.

[2026-04-07 10:51:35 #3 type] 
Type domain.Sale is not enhanced.

[2026-04-07 10:51:35 #4 type] 
Type domain.Seller is not enhanced.

[2026-04-07 10:51:35 #5 type] 
Type domain.Oferta is not enhanced.

[2026-04-07 10:51:35 #6 type] 
Type domain.Cuentas is not enhanced.

------------------------------------------------------------------------------------------------------------------------

[2026-04-07 11:04:53 #1 store] 
Database 'C:\Users\Jose\IS-GIT\It1-IAller_JEcheveste_IGarcia\src\main\resources\products.temp' has been recovered (tr. 85-85)

[2026-04-07 11:04:53 #2 store] 
Database 'C:\Users\Jose\IS-GIT\It1-IAller_JEcheveste_IGarcia\src\main\resources\products.temp' is opened by 24028@Joxe-Pc

[2026-04-07 11:04:53 #3 type] 
Type domain.Comprador is not enhanced.

[2026-04-07 11:04:53 #4 type] 
Type domain.Sale is not enhanced.

[2026-04-07 11:04:53 #5 type] 
Type domain.Seller is not enhanced.

[2026-04-07 11:04:53 #6 type] 
Type domain.Oferta is not enhanced.

[2026-04-07 11:04:53 #7 type] 
Type domain.Cuentas is not enhanced.

------------------------------------------------------------------------------------------------------------------------

[2026-04-07 11:08:08 #1 store] 
Database 'C:\Users\Jose\IS-GIT\It1-IAller_JEcheveste_IGarcia\src\main\resources\products.temp' is opened by 5432@Joxe-Pc

[2026-04-07 11:08:08 #2 type] 
Type domain.Comprador is not enhanced.

[2026-04-07 11:08:08 #3 type] 
Type domain.Sale is not enhanced.

[2026-04-07 11:08:08 #4 type] 
Type domain.Seller is not enhanced.

[2026-04-07 11:08:08 #5 type] 
Type domain.Oferta is not enhanced.

[2026-04-07 11:08:08 #6 type] 
Type domain.Cuentas is not enhanced.

------------------------------------------------------------------------------------------------------------------------

[2026-04-07 11:35:01 #1 store] 
Database 'C:\Users\Jose\IS-GIT\It1-IAller_JEcheveste_IGarcia\src\main\resources\products.temp' is opened by 13196@Joxe-Pc

[2026-04-07 11:35:02 #2 type] 
Type domain.Comprador is not enhanced.

[2026-04-07 11:35:02 #3 type] 
Type domain.Sale is not enhanced.

[2026-04-07 11:35:02 #4 type] 
Type domain.Seller is not enhanced.

[2026-04-07 11:35:02 #5 type] 
Type domain.Oferta is not enhanced.

[2026-04-07 11:35:02 #6 type] 
Type domain.Cuentas is not enhanced.

------------------------------------------------------------------------------------------------------------------------

[2026-04-07 13:05:07 #1 store] 
Database 'C:\Users\Jose\IS-GIT\It1-IAller_JEcheveste_IGarcia\src\main\resources\products.temp' has been recovered (tr. 86-86)

[2026-04-07 13:05:07 #2 store] 
Database 'C:\Users\Jose\IS-GIT\It1-IAller_JEcheveste_IGarcia\src\main\resources\products.temp' is opened by 22512@Joxe-Pc

[2026-04-07 13:05:07 #3 type] 
Type domain.Comprador is not enhanced.

[2026-04-07 13:05:08 #4 type] 
Type domain.Sale is not enhanced.

[2026-04-07 13:05:08 #5 type] 
Type domain.Seller is not enhanced.

[2026-04-07 13:05:08 #6 type] 
Type domain.Oferta is not enhanced.

[2026-04-07 13:05:08 #7 type] 
Type domain.Cuentas is not enhanced.

------------------------------------------------------------------------------------------------------------------------

[2026-04-07 13:06:29 #1 store] 
Database 'C:\Users\Jose\IS-GIT\It1-IAller_JEcheveste_IGarcia\src\main\resources\products.temp' has been recovered (tr. 87-87)

[2026-04-07 13:06:29 #2 store] 
Database 'C:\Users\Jose\IS-GIT\It1-IAller_JEcheveste_IGarcia\src\main\resources\products.temp' is opened by 3940@Joxe-Pc

[2026-04-07 13:06:29 #3 type] 
Type domain.Comprador is not enhanced.

[2026-04-07 13:06:29 #4 type] 
Type domain.Sale is not enhanced.

[2026-04-07 13:06:29 #5 type] 
Type domain.Seller is not enhanced.

[2026-04-07 13:06:29 #6 type] 
Type domain.Oferta is not enhanced.

[2026-04-07 13:06:29 #7 type] 
Type domain.Cuentas is not enhanced.

------------------------------------------------------------------------------------------------------------------------

[2026-04-07 13:10:07 #1 store] 
Database 'C:\Users\Jose\IS-GIT\It1-IAller_JEcheveste_IGarcia\src\main\resources\products.temp' is opened by 25032@Joxe-Pc

[2026-04-07 13:10:07 #2 type] 
Type domain.Comprador is not enhanced.

[2026-04-07 13:10:07 #3 type] 
Type domain.Sale is not enhanced.

[2026-04-07 13:10:07 #4 type] 
Type domain.Seller is not enhanced.

[2026-04-07 13:10:07 #5 type] 
Type domain.Oferta is not enhanced.

[2026-04-07 13:10:07 #6 type] 
Type domain.Cuentas is not enhanced.

------------------------------------------------------------------------------------------------------------------------

[2026-04-07 13:11:28 #1 store] 
Database 'C:\Users\Jose\IS-GIT\It1-IAller_JEcheveste_IGarcia\src\main\resources\products.temp' is opened by 15760@Joxe-Pc

[2026-04-07 13:11:28 #2 type] 
Type domain.Comprador is not enhanced.

[2026-04-07 13:11:28 #3 type] 
Type domain.Sale is not enhanced.

[2026-04-07 13:11:28 #4 type] 
Type domain.Seller is not enhanced.

[2026-04-07 13:11:28 #5 type] 
Type domain.Oferta is not enhanced.

[2026-04-07 13:11:28 #6 type] 
Type domain.Cuentas is not enhanced.

------------------------------------------------------------------------------------------------------------------------

[2026-04-07 13:12:28 #1 store] 
Database 'C:\Users\Jose\IS-GIT\It1-IAller_JEcheveste_IGarcia\src\main\resources\products.temp' is opened by 18644@Joxe-Pc

[2026-04-07 13:12:28 #2 type] 
Type domain.Comprador is not enhanced.

[2026-04-07 13:12:28 #3 type] 
Type domain.Sale is not enhanced.

[2026-04-07 13:12:28 #4 type] 
Type domain.Seller is not enhanced.

[2026-04-07 13:12:28 #5 type] 
Type domain.Oferta is not enhanced.

[2026-04-07 13:12:28 #6 type] 
Type domain.Cuentas is not enhanced.

------------------------------------------------------------------------------------------------------------------------

[2026-04-07 13:14:53 #1 store] 
Database 'C:\Users\Jose\IS-GIT\It1-IAller_JEcheveste_IGarcia\src\main\resources\products.temp' is opened by 13604@Joxe-Pc

[2026-04-07 13:14:54 #2 type] 
Type domain.Comprador is not enhanced.

[2026-04-07 13:14:54 #3 type] 
Type domain.Sale is not enhanced.

[2026-04-07 13:14:54 #4 type] 
Type domain.Seller is not enhanced.

[2026-04-07 13:14:54 #5 type] 
Type domain.Oferta is not enhanced.

[2026-04-07 13:14:54 #6 type] 
Type domain.Cuentas is not enhanced.

------------------------------------------------------------------------------------------------------------------------

[2026-04-07 13:17:52 #1 store] 
Database 'C:\Users\Jose\IS-GIT\It1-IAller_JEcheveste_IGarcia\src\main\resources\products.temp' is opened by 5432@Joxe-Pc

[2026-04-07 13:17:52 #2 type] 
Type domain.Comprador is not enhanced.

[2026-04-07 13:17:52 #3 type] 
Type domain.Sale is not enhanced.

[2026-04-07 13:17:52 #4 type] 
Type domain.Seller is not enhanced.

[2026-04-07 13:17:52 #5 type] 
Type domain.Oferta is not enhanced.

[2026-04-07 13:17:52 #6 type] 
Type domain.Cuentas is not enhanced.

------------------------------------------------------------------------------------------------------------------------

[2026-04-07 13:18:55 #1 store] 
Database 'C:\Users\Jose\IS-GIT\It1-IAller_JEcheveste_IGarcia\src\main\resources\products.temp' is opened by 8620@Joxe-Pc

[2026-04-07 13:18:56 #2 type] 
Type domain.Comprador is not enhanced.

[2026-04-07 13:18:56 #3 type] 
Type domain.Sale is not enhanced.

[2026-04-07 13:18:56 #4 type] 
Type domain.Seller is not enhanced.

[2026-04-07 13:18:56 #5 type] 
Type domain.Oferta is not enhanced.

[2026-04-07 13:18:56 #6 type] 
Type domain.Cuentas is not enhanced.

------------------------------------------------------------------------------------------------------------------------

[2026-04-07 13:26:46 #1 store] 
Database 'C:\Users\Jose\IS-GIT\It1-IAller_JEcheveste_IGarcia\src\main\resources\products.temp' is opened by 22056@Joxe-Pc

[2026-04-07 13:26:46 #2 type] 
Type domain.Comprador is not enhanced.

[2026-04-07 13:26:46 #3 type] 
Type domain.Sale is not enhanced.

[2026-04-07 13:26:46 #4 type] 
Type domain.Seller is not enhanced.

[2026-04-07 13:26:46 #5 type] 
Type domain.Oferta is not enhanced.

[2026-04-07 13:26:46 #6 type] 
Type domain.Cuentas is not enhanced.

