------------------------------------------------------------------------------------------------------------------------

[2026-04-09 16:51:33 #1 store] 
Database 'C:\Users\Jose\IS-GIT\It1-IAller_JEcheveste_IGarcia\src\main\resources\products.temp' is opened by 23248@Joxe-Pc

[2026-04-09 16:51:33 #2 type] 
Type domain.Comprador is not enhanced.

[2026-04-09 16:51:33 #3 type] 
Type domain.Sale is not enhanced.

[2026-04-09 16:51:33 #4 type] 
Type domain.Seller is not enhanced.

[2026-04-09 16:51:33 #5 type] 
Type domain.Oferta is not enhanced.

[2026-04-09 16:51:33 #6 type] 
Type domain.Cuentas is not enhanced.

------------------------------------------------------------------------------------------------------------------------

[2026-04-09 16:52:12 #1 store] 
Database 'C:\Users\Jose\IS-GIT\It1-IAller_JEcheveste_IGarcia\src\main\resources\products.temp' is opened by 23328@Joxe-Pc

[2026-04-09 16:52:12 #2 type] 
Type domain.Comprador is not enhanced.

[2026-04-09 16:52:12 #3 type] 
Type domain.Sale is not enhanced.

[2026-04-09 16:52:12 #4 type] 
Type domain.Seller is not enhanced.

[2026-04-09 16:52:12 #5 type] 
Type domain.Oferta is not enhanced.

[2026-04-09 16:52:12 #6 type] 
Type domain.Cuentas is not enhanced.

[2026-04-09 16:53:59 #7 *] 
[ObjectDB 2.6.9_09] Unexpected exception (Error 990)
  Generated by Java HotSpot(TM) 64-Bit Server VM 1.8.0_401 (on Windows 11 10.0).
Please report this error on http://www.objectdb.com/database/issue/new
com.objectdb.o.InternalException: null
com.objectdb.o.InternalException
	at com.objectdb.o.InternalException.f(InternalException.java:236)
	at com.objectdb.o.STA.K(STA.java:339)
	at com.objectdb.o.ENT.F(ENT.java:543)
	at com.objectdb.o.ENT.ai(ENT.java:1366)
	at com.objectdb.o.ENT.ah(ENT.java:1264)
	at com.objectdb.o.ENT.beforeModifySCO(ENT.java:1194)
	at objectdb.java.util.ArrayList.__odbBeforeModify(Unknown Source)
	at objectdb.java.util.ArrayList.add(Unknown Source)
	at domain.Seller.addSale(Seller.java:81)
	at dataAccess.DataAccess.createSale(DataAccess.java:161)
	at businessLogic.BLFacadeImplementation.createSale(BLFacadeImplementation.java:52)
	at gui.CreateSaleGUI$1.actionPerformed(CreateSaleGUI.java:106)
	at javax.swing.AbstractButton.fireActionPerformed(Unknown Source)
	at javax.swing.AbstractButton$Handler.actionPerformed(Unknown Source)
	at javax.swing.DefaultButtonModel.fireActionPerformed(Unknown Source)
	at javax.swing.DefaultButtonModel.setPressed(Unknown Source)
	at javax.swing.plaf.basic.BasicButtonListener.mouseReleased(Unknown Source)
	at java.awt.Component.processMouseEvent(Unknown Source)
	at javax.swing.JComponent.processMouseEvent(Unknown Source)
	at java.awt.Component.processEvent(Unknown Source)
	at java.awt.Container.processEvent(Unknown Source)
	at java.awt.Component.dispatchEventImpl(Unknown Source)
	at java.awt.Container.dispatchEventImpl(Unknown Source)
	at java.awt.Component.dispatchEvent(Unknown Source)
	at java.awt.LightweightDispatcher.retargetMouseEvent(Unknown Source)
	at java.awt.LightweightDispatcher.processMouseEvent(Unknown Source)
	at java.awt.LightweightDispatcher.dispatchEvent(Unknown Source)
	at java.awt.Container.dispatchEventImpl(Unknown Source)
	at java.awt.Window.dispatchEventImpl(Unknown Source)
	at java.awt.Component.dispatchEvent(Unknown Source)
	at java.awt.EventQueue.dispatchEventImpl(Unknown Source)
	at java.awt.EventQueue.access$500(Unknown Source)
	at java.awt.EventQueue$3.run(Unknown Source)
	at java.awt.EventQueue$3.run(Unknown Source)
	at java.security.AccessController.doPrivileged(Native Method)
	at java.security.ProtectionDomain$JavaSecurityAccessImpl.doIntersectionPrivilege(Unknown Source)
	at java.security.ProtectionDomain$JavaSecurityAccessImpl.doIntersectionPrivilege(Unknown Source)
	at java.awt.EventQueue$4.run(Unknown Source)
	at java.awt.EventQueue$4.run(Unknown Source)
	at java.security.AccessController.doPrivileged(Native Method)
	at java.security.ProtectionDomain$JavaSecurityAccessImpl.doIntersectionPrivilege(Unknown Source)
	at java.awt.EventQueue.dispatchEvent(Unknown Source)
	at java.awt.EventDispatchThread.pumpOneEventForFilters(Unknown Source)
	at java.awt.EventDispatchThread.pumpEventsForFilter(Unknown Source)
	at java.awt.EventDispatchThread.pumpEventsForHierarchy(Unknown Source)
	at java.awt.EventDispatchThread.pumpEvents(Unknown Source)
	at java.awt.EventDispatchThread.pumpEvents(Unknown Source)
	at java.awt.EventDispatchThread.run(Unknown Source)

[2026-04-09 16:54:03 #8 *] 
[ObjectDB 2.6.9_09] Unexpected exception (Error 990)
  Generated by Java HotSpot(TM) 64-Bit Server VM 1.8.0_401 (on Windows 11 10.0).
Please report this error on http://www.objectdb.com/database/issue/new
com.objectdb.o.InternalException: null
com.objectdb.o.InternalException
	at com.objectdb.o.InternalException.f(InternalException.java:236)
	at com.objectdb.o.STA.K(STA.java:339)
	at com.objectdb.o.ENT.F(ENT.java:543)
	at com.objectdb.o.ENT.ai(ENT.java:1366)
	at com.objectdb.o.ENT.ah(ENT.java:1264)
	at com.objectdb.o.ENT.beforeModifySCO(ENT.java:1194)
	at objectdb.java.util.ArrayList.__odbBeforeModify(Unknown Source)
	at objectdb.java.util.ArrayList.add(Unknown Source)
	at domain.Seller.addSale(Seller.java:81)
	at dataAccess.DataAccess.createSale(DataAccess.java:161)
	at businessLogic.BLFacadeImplementation.createSale(BLFacadeImplementation.java:52)
	at gui.CreateSaleGUI$1.actionPerformed(CreateSaleGUI.java:106)
	at javax.swing.AbstractButton.fireActionPerformed(Unknown Source)
	at javax.swing.AbstractButton$Handler.actionPerformed(Unknown Source)
	at javax.swing.DefaultButtonModel.fireActionPerformed(Unknown Source)
	at javax.swing.DefaultButtonModel.setPressed(Unknown Source)
	at javax.swing.plaf.basic.BasicButtonListener.mouseReleased(Unknown Source)
	at java.awt.Component.processMouseEvent(Unknown Source)
	at javax.swing.JComponent.processMouseEvent(Unknown Source)
	at java.awt.Component.processEvent(Unknown Source)
	at java.awt.Container.processEvent(Unknown Source)
	at java.awt.Component.dispatchEventImpl(Unknown Source)
	at java.awt.Container.dispatchEventImpl(Unknown Source)
	at java.awt.Component.dispatchEvent(Unknown Source)
	at java.awt.LightweightDispatcher.retargetMouseEvent(Unknown Source)
	at java.awt.LightweightDispatcher.processMouseEvent(Unknown Source)
	at java.awt.LightweightDispatcher.dispatchEvent(Unknown Source)
	at java.awt.Container.dispatchEventImpl(Unknown Source)
	at java.awt.Window.dispatchEventImpl(Unknown Source)
	at java.awt.Component.dispatchEvent(Unknown Source)
	at java.awt.EventQueue.dispatchEventImpl(Unknown Source)
	at java.awt.EventQueue.access$500(Unknown Source)
	at java.awt.EventQueue$3.run(Unknown Source)
	at java.awt.EventQueue$3.run(Unknown Source)
	at java.security.AccessController.doPrivileged(Native Method)
	at java.security.ProtectionDomain$JavaSecurityAccessImpl.doIntersectionPrivilege(Unknown Source)
	at java.security.ProtectionDomain$JavaSecurityAccessImpl.doIntersectionPrivilege(Unknown Source)
	at java.awt.EventQueue$4.run(Unknown Source)
	at java.awt.EventQueue$4.run(Unknown Source)
	at java.security.AccessController.doPrivileged(Native Method)
	at java.security.ProtectionDomain$JavaSecurityAccessImpl.doIntersectionPrivilege(Unknown Source)
	at java.awt.EventQueue.dispatchEvent(Unknown Source)
	at java.awt.EventDispatchThread.pumpOneEventForFilters(Unknown Source)
	at java.awt.EventDispatchThread.pumpEventsForFilter(Unknown Source)
	at java.awt.EventDispatchThread.pumpEventsForHierarchy(Unknown Source)
	at java.awt.EventDispatchThread.pumpEvents(Unknown Source)
	at java.awt.EventDispatchThread.pumpEvents(Unknown Source)
	at java.awt.EventDispatchThread.run(Unknown Source)

[2026-04-09 16:54:24 #9 *] 
[ObjectDB 2.6.9_09] Unexpected exception (Error 990)
  Generated by Java HotSpot(TM) 64-Bit Server VM 1.8.0_401 (on Windows 11 10.0).
Please report this error on http://www.objectdb.com/database/issue/new
com.objectdb.o.InternalException: null
com.objectdb.o.InternalException
	at com.objectdb.o.InternalException.f(InternalException.java:236)
	at com.objectdb.o.STA.K(STA.java:339)
	at com.objectdb.o.ENT.F(ENT.java:543)
	at com.objectdb.o.ENT.ai(ENT.java:1366)
	at com.objectdb.o.ENT.ah(ENT.java:1264)
	at com.objectdb.o.ENT.beforeModifySCO(ENT.java:1194)
	at objectdb.java.util.ArrayList.__odbBeforeModify(Unknown Source)
	at objectdb.java.util.ArrayList.add(Unknown Source)
	at domain.Seller.addSale(Seller.java:81)
	at dataAccess.DataAccess.createSale(DataAccess.java:161)
	at businessLogic.BLFacadeImplementation.createSale(BLFacadeImplementation.java:52)
	at gui.CreateSaleGUI$1.actionPerformed(CreateSaleGUI.java:106)
	at javax.swing.AbstractButton.fireActionPerformed(Unknown Source)
	at javax.swing.AbstractButton$Handler.actionPerformed(Unknown Source)
	at javax.swing.DefaultButtonModel.fireActionPerformed(Unknown Source)
	at javax.swing.DefaultButtonModel.setPressed(Unknown Source)
	at javax.swing.plaf.basic.BasicButtonListener.mouseReleased(Unknown Source)
	at java.awt.Component.processMouseEvent(Unknown Source)
	at javax.swing.JComponent.processMouseEvent(Unknown Source)
	at java.awt.Component.processEvent(Unknown Source)
	at java.awt.Container.processEvent(Unknown Source)
	at java.awt.Component.dispatchEventImpl(Unknown Source)
	at java.awt.Container.dispatchEventImpl(Unknown Source)
	at java.awt.Component.dispatchEvent(Unknown Source)
	at java.awt.LightweightDispatcher.retargetMouseEvent(Unknown Source)
	at java.awt.LightweightDispatcher.processMouseEvent(Unknown Source)
	at java.awt.LightweightDispatcher.dispatchEvent(Unknown Source)
	at java.awt.Container.dispatchEventImpl(Unknown Source)
	at java.awt.Window.dispatchEventImpl(Unknown Source)
	at java.awt.Component.dispatchEvent(Unknown Source)
	at java.awt.EventQueue.dispatchEventImpl(Unknown Source)
	at java.awt.EventQueue.access$500(Unknown Source)
	at java.awt.EventQueue$3.run(Unknown Source)
	at java.awt.EventQueue$3.run(Unknown Source)
	at java.security.AccessController.doPrivileged(Native Method)
	at java.security.ProtectionDomain$JavaSecurityAccessImpl.doIntersectionPrivilege(Unknown Source)
	at java.security.ProtectionDomain$JavaSecurityAccessImpl.doIntersectionPrivilege(Unknown Source)
	at java.awt.EventQueue$4.run(Unknown Source)
	at java.awt.EventQueue$4.run(Unknown Source)
	at java.security.AccessController.doPrivileged(Native Method)
	at java.security.ProtectionDomain$JavaSecurityAccessImpl.doIntersectionPrivilege(Unknown Source)
	at java.awt.EventQueue.dispatchEvent(Unknown Source)
	at java.awt.EventDispatchThread.pumpOneEventForFilters(Unknown Source)
	at java.awt.EventDispatchThread.pumpEventsForFilter(Unknown Source)
	at java.awt.EventDispatchThread.pumpEventsForHierarchy(Unknown Source)
	at java.awt.EventDispatchThread.pumpEvents(Unknown Source)
	at java.awt.EventDispatchThread.pumpEvents(Unknown Source)
	at java.awt.EventDispatchThread.run(Unknown Source)

------------------------------------------------------------------------------------------------------------------------

[2026-04-09 23:07:46 #1 store] 
Database 'C:\Users\Jose\IS-GIT\It1-IAller_JEcheveste_IGarcia\src\main\resources\products.temp' is opened by 9032@Joxe-Pc

[2026-04-09 23:07:46 #2 type] 
Type domain.Comprador is not enhanced.

[2026-04-09 23:07:46 #3 type] 
Type domain.Sale is not enhanced.

[2026-04-09 23:07:46 #4 type] 
Type domain.Seller is not enhanced.

[2026-04-09 23:07:46 #5 type] 
Type domain.Oferta is not enhanced.

[2026-04-09 23:07:46 #6 type] 
Type domain.Cuentas is not enhanced.

------------------------------------------------------------------------------------------------------------------------

[2026-04-09 23:11:47 #1 store] 
Database 'C:\Users\Jose\IS-GIT\It1-IAller_JEcheveste_IGarcia\src\main\resources\products.temp' is opened by 6132@Joxe-Pc

[2026-04-09 23:11:47 #2 type] 
Type domain.Comprador is not enhanced.

[2026-04-09 23:11:47 #3 type] 
Type domain.Sale is not enhanced.

[2026-04-09 23:11:47 #4 type] 
Type domain.Seller is not enhanced.

[2026-04-09 23:11:47 #5 type] 
Type domain.Oferta is not enhanced.

[2026-04-09 23:11:47 #6 type] 
Type domain.Cuentas is not enhanced.

------------------------------------------------------------------------------------------------------------------------

[2026-04-09 23:15:18 #1 store] 
Database 'C:\Users\Jose\IS-GIT\It1-IAller_JEcheveste_IGarcia\src\main\resources\products.temp' has been recovered (tr. 124-127)

[2026-04-09 23:15:18 #2 store] 
Database 'C:\Users\Jose\IS-GIT\It1-IAller_JEcheveste_IGarcia\src\main\resources\products.temp' is opened by 17028@Joxe-Pc

[2026-04-09 23:15:19 #3 type] 
Type domain.Comprador is not enhanced.

[2026-04-09 23:15:19 #4 type] 
Type domain.Sale is not enhanced.

[2026-04-09 23:15:19 #5 type] 
Type domain.Seller is not enhanced.

[2026-04-09 23:15:19 #6 type] 
Type domain.Oferta is not enhanced.

[2026-04-09 23:15:19 #7 type] 
Type domain.Cuentas is not enhanced.

------------------------------------------------------------------------------------------------------------------------

[2026-04-09 23:17:20 #1 store] 
Database 'C:\Users\Jose\IS-GIT\It1-IAller_JEcheveste_IGarcia\src\main\resources\products.temp' is opened by 20780@Joxe-Pc

[2026-04-09 23:17:20 #2 type] 
Type domain.Comprador is not enhanced.

[2026-04-09 23:17:20 #3 type] 
Type domain.Sale is not enhanced.

[2026-04-09 23:17:20 #4 type] 
Type domain.Seller is not enhanced.

[2026-04-09 23:17:20 #5 type] 
Type domain.Oferta is not enhanced.

[2026-04-09 23:17:20 #6 type] 
Type domain.Cuentas is not enhanced.

------------------------------------------------------------------------------------------------------------------------

[2026-04-09 23:18:02 #1 store] 
Database 'C:\Users\Jose\IS-GIT\It1-IAller_JEcheveste_IGarcia\src\main\resources\products.temp' is opened by 5416@Joxe-Pc

[2026-04-09 23:18:03 #2 type] 
Type domain.Comprador is not enhanced.

[2026-04-09 23:18:03 #3 type] 
Type domain.Sale is not enhanced.

[2026-04-09 23:18:03 #4 type] 
Type domain.Seller is not enhanced.

[2026-04-09 23:18:03 #5 type] 
Type domain.Oferta is not enhanced.

[2026-04-09 23:18:03 #6 type] 
Type domain.Cuentas is not enhanced.

------------------------------------------------------------------------------------------------------------------------

[2026-04-09 23:23:47 #1 store] 
Database 'C:\Users\Jose\IS-GIT\It1-IAller_JEcheveste_IGarcia\src\main\resources\products.temp' has been recovered (tr. 128-128)

[2026-04-09 23:23:47 #2 store] 
Database 'C:\Users\Jose\IS-GIT\It1-IAller_JEcheveste_IGarcia\src\main\resources\products.temp' is opened by 11328@Joxe-Pc

[2026-04-09 23:23:47 #3 type] 
Type domain.Comprador is not enhanced.

[2026-04-09 23:23:47 #4 type] 
Type domain.Sale is not enhanced.

[2026-04-09 23:23:47 #5 type] 
Type domain.Seller is not enhanced.

[2026-04-09 23:23:47 #6 type] 
Type domain.Oferta is not enhanced.

[2026-04-09 23:23:47 #7 type] 
Type domain.Cuentas is not enhanced.

------------------------------------------------------------------------------------------------------------------------

[2026-04-09 23:30:20 #1 store] 
Database 'C:\Users\Jose\IS-GIT\It1-IAller_JEcheveste_IGarcia\src\main\resources\products.temp' is opened by 3752@Joxe-Pc

[2026-04-09 23:30:20 #2 type] 
Type domain.Comprador is not enhanced.

[2026-04-09 23:30:20 #3 type] 
Type domain.Sale is not enhanced.

[2026-04-09 23:30:20 #4 type] 
Type domain.Seller is not enhanced.

[2026-04-09 23:30:20 #5 type] 
Type domain.Oferta is not enhanced.

[2026-04-09 23:30:20 #6 type] 
Type domain.Cuentas is not enhanced.

------------------------------------------------------------------------------------------------------------------------

[2026-04-09 23:36:59 #1 store] 
Database 'C:\Users\Jose\IS-GIT\It1-IAller_JEcheveste_IGarcia\src\main\resources\products.temp' is opened by 21628@Joxe-Pc

[2026-04-09 23:36:59 #2 type] 
Type domain.Comprador is not enhanced.

[2026-04-09 23:36:59 #3 type] 
Type domain.Sale is not enhanced.

[2026-04-09 23:36:59 #4 type] 
Type domain.Seller is not enhanced.

[2026-04-09 23:36:59 #5 type] 
Type domain.Oferta is not enhanced.

[2026-04-09 23:36:59 #6 type] 
Type domain.Cuentas is not enhanced.

------------------------------------------------------------------------------------------------------------------------

[2026-04-09 23:42:40 #1 store] 
Database 'C:\Users\Jose\IS-GIT\It1-IAller_JEcheveste_IGarcia\src\main\resources\products.temp' has been recovered (tr. 129-129)

[2026-04-09 23:42:40 #2 store] 
Database 'C:\Users\Jose\IS-GIT\It1-IAller_JEcheveste_IGarcia\src\main\resources\products.temp' is opened by 13844@Joxe-Pc

[2026-04-09 23:42:40 #3 type] 
Type domain.Comprador is not enhanced.

[2026-04-09 23:42:40 #4 type] 
Type domain.Sale is not enhanced.

[2026-04-09 23:42:40 #5 type] 
Type domain.Seller is not enhanced.

[2026-04-09 23:42:40 #6 type] 
Type domain.Oferta is not enhanced.

[2026-04-09 23:42:40 #7 type] 
Type domain.Cuentas is not enhanced.

------------------------------------------------------------------------------------------------------------------------

[2026-04-09 23:44:00 #1 store] 
Database 'C:\Users\Jose\IS-GIT\It1-IAller_JEcheveste_IGarcia\src\main\resources\products.temp' has been recovered (tr. 130-130)

[2026-04-09 23:44:00 #2 store] 
Database 'C:\Users\Jose\IS-GIT\It1-IAller_JEcheveste_IGarcia\src\main\resources\products.temp' is opened by 18820@Joxe-Pc

[2026-04-09 23:44:00 #3 type] 
Type domain.Comprador is not enhanced.

[2026-04-09 23:44:00 #4 type] 
Type domain.Sale is not enhanced.

[2026-04-09 23:44:00 #5 type] 
Type domain.Seller is not enhanced.

[2026-04-09 23:44:00 #6 type] 
Type domain.Oferta is not enhanced.

[2026-04-09 23:44:00 #7 type] 
Type domain.Cuentas is not enhanced.

------------------------------------------------------------------------------------------------------------------------

[2026-04-09 23:46:13 #1 store] 
Database 'C:\Users\Jose\IS-GIT\It1-IAller_JEcheveste_IGarcia\src\main\resources\products.temp' is opened by 14520@Joxe-Pc

[2026-04-09 23:46:13 #2 type] 
Type domain.Comprador is not enhanced.

[2026-04-09 23:46:13 #3 type] 
Type domain.Sale is not enhanced.

[2026-04-09 23:46:13 #4 type] 
Type domain.Seller is not enhanced.

[2026-04-09 23:46:13 #5 type] 
Type domain.Oferta is not enhanced.

[2026-04-09 23:46:13 #6 type] 
Type domain.Cuentas is not enhanced.

------------------------------------------------------------------------------------------------------------------------

[2026-04-09 23:55:21 #1 store] 
Database 'C:\Users\Jose\IS-GIT\It1-IAller_JEcheveste_IGarcia\src\main\resources\products.temp' is opened by 5860@Joxe-Pc

[2026-04-09 23:55:21 #2 type] 
Type domain.Comprador is not enhanced.

[2026-04-09 23:55:21 #3 type] 
Type domain.Sale is not enhanced.

[2026-04-09 23:55:21 #4 type] 
Type domain.Seller is not enhanced.

[2026-04-09 23:55:21 #5 type] 
Type domain.Oferta is not enhanced.

[2026-04-09 23:55:21 #6 type] 
Type domain.Cuentas is not enhanced.

------------------------------------------------------------------------------------------------------------------------

[2026-04-09 23:57:11 #1 store] 
Database 'C:\Users\Jose\IS-GIT\It1-IAller_JEcheveste_IGarcia\src\main\resources\products.temp' is opened by 16444@Joxe-Pc

[2026-04-09 23:57:11 #2 type] 
Type domain.Comprador is not enhanced.

[2026-04-09 23:57:11 #3 type] 
Type domain.Sale is not enhanced.

[2026-04-09 23:57:11 #4 type] 
Type domain.Seller is not enhanced.

[2026-04-09 23:57:11 #5 type] 
Type domain.Oferta is not enhanced.

[2026-04-09 23:57:11 #6 type] 
Type domain.Cuentas is not enhanced.

------------------------------------------------------------------------------------------------------------------------

[2026-04-09 23:57:42 #1 store] 
Database 'C:\Users\Jose\IS-GIT\It1-IAller_JEcheveste_IGarcia\src\main\resources\products.temp' is opened by 21388@Joxe-Pc

[2026-04-09 23:57:43 #2 type] 
Type domain.Comprador is not enhanced.

[2026-04-09 23:57:43 #3 type] 
Type domain.Sale is not enhanced.

[2026-04-09 23:57:43 #4 type] 
Type domain.Seller is not enhanced.

[2026-04-09 23:57:43 #5 type] 
Type domain.Oferta is not enhanced.

[2026-04-09 23:57:43 #6 type] 
Type domain.Cuentas is not enhanced.

------------------------------------------------------------------------------------------------------------------------

[2026-04-09 23:58:29 #1 store] 
Database 'C:\Users\Jose\IS-GIT\It1-IAller_JEcheveste_IGarcia\src\main\resources\products.temp' is opened by 2208@Joxe-Pc

[2026-04-09 23:58:29 #2 type] 
Type domain.Comprador is not enhanced.

[2026-04-09 23:58:30 #3 type] 
Type domain.Sale is not enhanced.

[2026-04-09 23:58:30 #4 type] 
Type domain.Seller is not enhanced.

[2026-04-09 23:58:30 #5 type] 
Type domain.Oferta is not enhanced.

[2026-04-09 23:58:30 #6 type] 
Type domain.Cuentas is not enhanced.

