------------------------------------------------------------------------------------------------------------------------

[2026-05-05 15:46:30 #1 store] 
Database 'C:\Users\Jose\IS-GIT\It1-IAller_JEcheveste_IGarcia\src\main\resources\products.temp' is opened by 17892@Joxe-Pc

[2026-05-05 15:46:30 #2 type.registry] 
New type domain.Usuario

[2026-05-05 15:46:30 #3 type.registry] 
New type domain.Comprador

[2026-05-05 15:46:30 #4 type] 
Type domain.Usuario is not enhanced.

[2026-05-05 15:46:30 #5 type] 
Type domain.Comprador is not enhanced.

[2026-05-05 15:46:30 #6 type.registry] 
New type domain.Solicitud

[2026-05-05 15:46:30 #7 type.registry] 
New type java.util.ArrayList<domain.Solicitud>

[2026-05-05 15:46:30 #8 type.registry] 
New type domain.Friendly

[2026-05-05 15:46:30 #9 type.registry] 
New type java.util.ArrayList<domain.Friendly>

[2026-05-05 15:46:30 #10 type.registry] 
New type domain.Cuentas

[2026-05-05 15:46:30 #11 type.registry] 
New type domain.Oferta

[2026-05-05 15:46:30 #12 type.registry] 
New type java.util.ArrayList<domain.Oferta>

[2026-05-05 15:46:30 #13 type.registry] 
New type domain.Sale

[2026-05-05 15:46:30 #14 type.registry] 
New type java.util.ArrayList<domain.Sale>

[2026-05-05 15:46:30 #15 type] 
Type domain.Friendly is not enhanced.

[2026-05-05 15:46:30 #16 type] 
Type domain.Cuentas is not enhanced.

[2026-05-05 15:46:30 #17 type] 
Type domain.Oferta is not enhanced.

[2026-05-05 15:46:30 #18 type] 
Type domain.Sale is not enhanced.

[2026-05-05 15:46:30 #19 type.registry] 
New type domain.Resena

[2026-05-05 15:46:30 #20 type.registry] 
New type java.util.ArrayList<domain.Resena>

[2026-05-05 15:46:30 #21 type.registry] 
New type domain.Seller

[2026-05-05 15:46:30 #22 type] 
Type domain.Seller is not enhanced.

[2026-05-05 15:46:30 #23 type.registry] 
New type java.util.ArrayList<java.lang.Object>

------------------------------------------------------------------------------------------------------------------------

[2026-05-05 15:47:07 #1 store] 
Database 'C:\Users\Jose\IS-GIT\It1-IAller_JEcheveste_IGarcia\src\main\resources\products.temp' is opened by 13504@Joxe-Pc

[2026-05-05 15:47:08 #2 type.registry] 
New type domain.Usuario

[2026-05-05 15:47:08 #3 type.registry] 
New type domain.Comprador

[2026-05-05 15:47:08 #4 type] 
Type domain.Usuario is not enhanced.

[2026-05-05 15:47:08 #5 type] 
Type domain.Comprador is not enhanced.

[2026-05-05 15:47:08 #6 type.registry] 
New type domain.Solicitud

[2026-05-05 15:47:08 #7 type.registry] 
New type java.util.ArrayList<domain.Solicitud>

[2026-05-05 15:47:08 #8 type.registry] 
New type domain.Friendly

[2026-05-05 15:47:08 #9 type.registry] 
New type java.util.ArrayList<domain.Friendly>

[2026-05-05 15:47:08 #10 type.registry] 
New type domain.Cuentas

[2026-05-05 15:47:08 #11 type.registry] 
New type domain.Oferta

[2026-05-05 15:47:08 #12 type.registry] 
New type java.util.ArrayList<domain.Oferta>

[2026-05-05 15:47:08 #13 type.registry] 
New type domain.Sale

[2026-05-05 15:47:08 #14 type.registry] 
New type java.util.ArrayList<domain.Sale>

[2026-05-05 15:47:08 #15 type] 
Type domain.Friendly is not enhanced.

[2026-05-05 15:47:08 #16 type] 
Type domain.Cuentas is not enhanced.

[2026-05-05 15:47:08 #17 type] 
Type domain.Oferta is not enhanced.

[2026-05-05 15:47:08 #18 type] 
Type domain.Sale is not enhanced.

[2026-05-05 15:47:08 #19 type.registry] 
New type domain.Resena

[2026-05-05 15:47:08 #20 type.registry] 
New type java.util.ArrayList<domain.Resena>

[2026-05-05 15:47:08 #21 type.registry] 
New type domain.Seller

[2026-05-05 15:47:08 #22 type] 
Type domain.Seller is not enhanced.

[2026-05-05 15:47:08 #23 type.registry] 
New type java.util.ArrayList<java.lang.Object>

------------------------------------------------------------------------------------------------------------------------

[2026-05-05 15:47:52 #1 store] 
Database 'C:\Users\Jose\IS-GIT\It1-IAller_JEcheveste_IGarcia\src\main\resources\products.temp' is opened by 14288@Joxe-Pc

[2026-05-05 15:47:52 #2 type.registry] 
New type domain.Usuario

[2026-05-05 15:47:52 #3 type.registry] 
New type domain.Comprador

[2026-05-05 15:47:52 #4 type] 
Type domain.Usuario is not enhanced.

[2026-05-05 15:47:52 #5 type] 
Type domain.Comprador is not enhanced.

[2026-05-05 15:47:52 #6 type.registry] 
New type domain.Solicitud

[2026-05-05 15:47:52 #7 type.registry] 
New type java.util.ArrayList<domain.Solicitud>

[2026-05-05 15:47:52 #8 type.registry] 
New type domain.Friendly

[2026-05-05 15:47:52 #9 type.registry] 
New type java.util.ArrayList<domain.Friendly>

[2026-05-05 15:47:52 #10 type.registry] 
New type domain.Cuentas

[2026-05-05 15:47:52 #11 type.registry] 
New type domain.Oferta

[2026-05-05 15:47:52 #12 type.registry] 
New type java.util.ArrayList<domain.Oferta>

[2026-05-05 15:47:52 #13 type.registry] 
New type domain.Sale

[2026-05-05 15:47:52 #14 type.registry] 
New type java.util.ArrayList<domain.Sale>

[2026-05-05 15:47:52 #15 type] 
Type domain.Friendly is not enhanced.

[2026-05-05 15:47:52 #16 type] 
Type domain.Cuentas is not enhanced.

[2026-05-05 15:47:52 #17 type] 
Type domain.Oferta is not enhanced.

[2026-05-05 15:47:52 #18 type] 
Type domain.Sale is not enhanced.

[2026-05-05 15:47:52 #19 type.registry] 
New type domain.Resena

[2026-05-05 15:47:52 #20 type.registry] 
New type java.util.ArrayList<domain.Resena>

[2026-05-05 15:47:52 #21 type.registry] 
New type domain.Seller

[2026-05-05 15:47:52 #22 type] 
Type domain.Seller is not enhanced.

[2026-05-05 15:47:52 #23 type.registry] 
New type java.util.ArrayList<java.lang.Object>

------------------------------------------------------------------------------------------------------------------------

[2026-05-05 16:05:49 #1 store] 
Database 'C:\Users\Jose\IS-GIT\It1-IAller_JEcheveste_IGarcia\src\main\resources\products.temp' is opened by 6936@Joxe-Pc

[2026-05-05 16:05:49 #2 type.registry] 
New type domain.Usuario

[2026-05-05 16:05:49 #3 type.registry] 
New type domain.Comprador

[2026-05-05 16:05:49 #4 type] 
Type domain.Usuario is not enhanced.

[2026-05-05 16:05:49 #5 type] 
Type domain.Comprador is not enhanced.

[2026-05-05 16:05:49 #6 type.registry] 
New type domain.Solicitud

[2026-05-05 16:05:49 #7 type.registry] 
New type java.util.ArrayList<domain.Solicitud>

[2026-05-05 16:05:49 #8 type.registry] 
New type domain.Friendly

[2026-05-05 16:05:49 #9 type.registry] 
New type java.util.ArrayList<domain.Friendly>

[2026-05-05 16:05:49 #10 type.registry] 
New type domain.Cuentas

[2026-05-05 16:05:49 #11 type.registry] 
New type domain.Oferta

[2026-05-05 16:05:49 #12 type.registry] 
New type java.util.ArrayList<domain.Oferta>

[2026-05-05 16:05:49 #13 type.registry] 
New type domain.Sale

[2026-05-05 16:05:49 #14 type.registry] 
New type java.util.ArrayList<domain.Sale>

[2026-05-05 16:05:49 #15 type] 
Type domain.Friendly is not enhanced.

[2026-05-05 16:05:49 #16 type] 
Type domain.Cuentas is not enhanced.

[2026-05-05 16:05:49 #17 type] 
Type domain.Oferta is not enhanced.

[2026-05-05 16:05:49 #18 type] 
Type domain.Sale is not enhanced.

[2026-05-05 16:05:49 #19 type.registry] 
New type domain.Resena

[2026-05-05 16:05:49 #20 type.registry] 
New type java.util.ArrayList<domain.Resena>

[2026-05-05 16:05:49 #21 type.registry] 
New type domain.Seller

[2026-05-05 16:05:49 #22 type] 
Type domain.Seller is not enhanced.

[2026-05-05 16:05:49 #23 type.registry] 
New type java.util.ArrayList<java.lang.Object>

------------------------------------------------------------------------------------------------------------------------

[2026-05-05 16:47:01 #1 store] 
Database 'C:\Users\Jose\IS-GIT\It1-IAller_JEcheveste_IGarcia\src\main\resources\products.temp' is opened by 15160@Joxe-Pc

[2026-05-05 16:47:02 #2 type.registry] 
New type domain.Usuario

[2026-05-05 16:47:02 #3 type.registry] 
New type domain.Comprador

[2026-05-05 16:47:02 #4 type] 
Type domain.Usuario is not enhanced.

[2026-05-05 16:47:02 #5 type] 
Type domain.Comprador is not enhanced.

[2026-05-05 16:47:02 #6 type.registry] 
New type domain.Solicitud

[2026-05-05 16:47:02 #7 type.registry] 
New type java.util.ArrayList<domain.Solicitud>

[2026-05-05 16:47:02 #8 type.registry] 
New type domain.Friendly

[2026-05-05 16:47:02 #9 type.registry] 
New type java.util.ArrayList<domain.Friendly>

[2026-05-05 16:47:02 #10 type.registry] 
New type domain.Cuentas

[2026-05-05 16:47:02 #11 type.registry] 
New type domain.Oferta

[2026-05-05 16:47:02 #12 type.registry] 
New type java.util.ArrayList<domain.Oferta>

[2026-05-05 16:47:02 #13 type.registry] 
New type domain.Sale

[2026-05-05 16:47:02 #14 type.registry] 
New type java.util.ArrayList<domain.Sale>

[2026-05-05 16:47:02 #15 type] 
Type domain.Friendly is not enhanced.

[2026-05-05 16:47:02 #16 type] 
Type domain.Cuentas is not enhanced.

[2026-05-05 16:47:02 #17 type] 
Type domain.Oferta is not enhanced.

[2026-05-05 16:47:02 #18 type] 
Type domain.Sale is not enhanced.

[2026-05-05 16:47:02 #19 type.registry] 
New type domain.Resena

[2026-05-05 16:47:02 #20 type.registry] 
New type java.util.ArrayList<domain.Resena>

[2026-05-05 16:47:02 #21 type.registry] 
New type domain.Seller

[2026-05-05 16:47:02 #22 type] 
Type domain.Seller is not enhanced.

[2026-05-05 16:47:02 #23 type.registry] 
New type java.util.ArrayList<java.lang.Object>

------------------------------------------------------------------------------------------------------------------------

[2026-05-05 16:54:48 #1 store] 
Database 'C:\Users\Jose\IS-GIT\It1-IAller_JEcheveste_IGarcia\src\main\resources\products.temp' is opened by 18140@Joxe-Pc

[2026-05-05 16:54:48 #2 type.registry] 
New type domain.Usuario

[2026-05-05 16:54:48 #3 type.registry] 
New type domain.Comprador

[2026-05-05 16:54:48 #4 type] 
Type domain.Usuario is not enhanced.

[2026-05-05 16:54:48 #5 type] 
Type domain.Comprador is not enhanced.

[2026-05-05 16:54:48 #6 type.registry] 
New type domain.Solicitud

[2026-05-05 16:54:48 #7 type.registry] 
New type java.util.ArrayList<domain.Solicitud>

[2026-05-05 16:54:48 #8 type.registry] 
New type domain.Friendly

[2026-05-05 16:54:48 #9 type.registry] 
New type java.util.ArrayList<domain.Friendly>

[2026-05-05 16:54:48 #10 type.registry] 
New type domain.Cuentas

[2026-05-05 16:54:48 #11 type.registry] 
New type domain.Oferta

[2026-05-05 16:54:48 #12 type.registry] 
New type java.util.ArrayList<domain.Oferta>

[2026-05-05 16:54:48 #13 type.registry] 
New type domain.Sale

[2026-05-05 16:54:48 #14 type.registry] 
New type java.util.ArrayList<domain.Sale>

[2026-05-05 16:54:48 #15 type] 
Type domain.Friendly is not enhanced.

[2026-05-05 16:54:48 #16 type] 
Type domain.Cuentas is not enhanced.

[2026-05-05 16:54:48 #17 type] 
Type domain.Oferta is not enhanced.

[2026-05-05 16:54:48 #18 type] 
Type domain.Sale is not enhanced.

[2026-05-05 16:54:48 #19 type.registry] 
New type domain.Resena

[2026-05-05 16:54:48 #20 type.registry] 
New type java.util.ArrayList<domain.Resena>

[2026-05-05 16:54:48 #21 type.registry] 
New type domain.Seller

[2026-05-05 16:54:48 #22 type] 
Type domain.Seller is not enhanced.

[2026-05-05 16:54:48 #23 type.registry] 
New type java.util.ArrayList<java.lang.Object>

------------------------------------------------------------------------------------------------------------------------

[2026-05-05 17:08:54 #1 store] 
Database 'C:\Users\Jose\IS-GIT\It1-IAller_JEcheveste_IGarcia\src\main\resources\products.temp' is opened by 13492@Joxe-Pc

[2026-05-05 17:08:54 #2 type.registry] 
New type domain.Usuario

[2026-05-05 17:08:54 #3 type.registry] 
New type domain.Comprador

[2026-05-05 17:08:54 #4 type] 
Type domain.Usuario is not enhanced.

[2026-05-05 17:08:54 #5 type] 
Type domain.Comprador is not enhanced.

[2026-05-05 17:08:54 #6 type.registry] 
New type domain.Solicitud

[2026-05-05 17:08:54 #7 type.registry] 
New type java.util.ArrayList<domain.Solicitud>

[2026-05-05 17:08:54 #8 type.registry] 
New type domain.Friendly

[2026-05-05 17:08:54 #9 type.registry] 
New type java.util.ArrayList<domain.Friendly>

[2026-05-05 17:08:54 #10 type.registry] 
New type domain.Cuentas

[2026-05-05 17:08:54 #11 type.registry] 
New type domain.Oferta

[2026-05-05 17:08:54 #12 type.registry] 
New type java.util.ArrayList<domain.Oferta>

[2026-05-05 17:08:54 #13 type.registry] 
New type domain.Sale

[2026-05-05 17:08:54 #14 type.registry] 
New type java.util.ArrayList<domain.Sale>

[2026-05-05 17:08:54 #15 type] 
Type domain.Friendly is not enhanced.

[2026-05-05 17:08:54 #16 type] 
Type domain.Cuentas is not enhanced.

[2026-05-05 17:08:54 #17 type] 
Type domain.Oferta is not enhanced.

[2026-05-05 17:08:54 #18 type] 
Type domain.Sale is not enhanced.

[2026-05-05 17:08:54 #19 type.registry] 
New type domain.Resena

[2026-05-05 17:08:54 #20 type.registry] 
New type java.util.ArrayList<domain.Resena>

[2026-05-05 17:08:55 #21 type.registry] 
New type domain.Seller

[2026-05-05 17:08:55 #22 type] 
Type domain.Seller is not enhanced.

[2026-05-05 17:08:55 #23 type.registry] 
New type java.util.ArrayList<java.lang.Object>

------------------------------------------------------------------------------------------------------------------------

[2026-05-05 17:15:48 #1 store] 
Database 'C:\Users\Jose\IS-GIT\It1-IAller_JEcheveste_IGarcia\src\main\resources\products.temp' is opened by 11984@Joxe-Pc

[2026-05-05 17:15:48 #2 type.registry] 
New type domain.Usuario

[2026-05-05 17:15:48 #3 type.registry] 
New type domain.Comprador

[2026-05-05 17:15:48 #4 type] 
Type domain.Usuario is not enhanced.

[2026-05-05 17:15:48 #5 type] 
Type domain.Comprador is not enhanced.

[2026-05-05 17:15:48 #6 type.registry] 
New type domain.Solicitud

[2026-05-05 17:15:48 #7 type.registry] 
New type java.util.ArrayList<domain.Solicitud>

[2026-05-05 17:15:48 #8 type.registry] 
New type domain.Friendly

[2026-05-05 17:15:48 #9 type.registry] 
New type java.util.ArrayList<domain.Friendly>

[2026-05-05 17:15:48 #10 type.registry] 
New type domain.Cuentas

[2026-05-05 17:15:48 #11 type.registry] 
New type domain.Oferta

[2026-05-05 17:15:48 #12 type.registry] 
New type java.util.ArrayList<domain.Oferta>

[2026-05-05 17:15:48 #13 type.registry] 
New type domain.Sale

[2026-05-05 17:15:48 #14 type.registry] 
New type java.util.ArrayList<domain.Sale>

[2026-05-05 17:15:48 #15 type] 
Type domain.Friendly is not enhanced.

[2026-05-05 17:15:48 #16 type] 
Type domain.Cuentas is not enhanced.

[2026-05-05 17:15:48 #17 type] 
Type domain.Oferta is not enhanced.

[2026-05-05 17:15:48 #18 type] 
Type domain.Sale is not enhanced.

[2026-05-05 17:15:48 #19 type.registry] 
New type domain.Resena

[2026-05-05 17:15:48 #20 type.registry] 
New type java.util.ArrayList<domain.Resena>

[2026-05-05 17:15:48 #21 type.registry] 
New type domain.Seller

[2026-05-05 17:15:48 #22 type] 
Type domain.Seller is not enhanced.

[2026-05-05 17:15:48 #23 type.registry] 
New type java.util.ArrayList<java.lang.Object>

------------------------------------------------------------------------------------------------------------------------

[2026-05-05 17:16:44 #1 store] 
Database 'C:\Users\Jose\IS-GIT\It1-IAller_JEcheveste_IGarcia\src\main\resources\products.temp' is opened by 17656@Joxe-Pc

[2026-05-05 17:16:44 #2 type.registry] 
New type domain.Usuario

[2026-05-05 17:16:44 #3 type.registry] 
New type domain.Comprador

[2026-05-05 17:16:44 #4 type] 
Type domain.Usuario is not enhanced.

[2026-05-05 17:16:44 #5 type] 
Type domain.Comprador is not enhanced.

[2026-05-05 17:16:44 #6 type.registry] 
New type domain.Solicitud

[2026-05-05 17:16:44 #7 type.registry] 
New type java.util.ArrayList<domain.Solicitud>

[2026-05-05 17:16:44 #8 type.registry] 
New type domain.Friendly

[2026-05-05 17:16:44 #9 type.registry] 
New type java.util.ArrayList<domain.Friendly>

[2026-05-05 17:16:44 #10 type.registry] 
New type domain.Cuentas

[2026-05-05 17:16:44 #11 type.registry] 
New type domain.Oferta

[2026-05-05 17:16:44 #12 type.registry] 
New type java.util.ArrayList<domain.Oferta>

[2026-05-05 17:16:44 #13 type.registry] 
New type domain.Sale

[2026-05-05 17:16:44 #14 type.registry] 
New type java.util.ArrayList<domain.Sale>

[2026-05-05 17:16:44 #15 type] 
Type domain.Friendly is not enhanced.

[2026-05-05 17:16:44 #16 type] 
Type domain.Cuentas is not enhanced.

[2026-05-05 17:16:44 #17 type] 
Type domain.Oferta is not enhanced.

[2026-05-05 17:16:44 #18 type] 
Type domain.Sale is not enhanced.

[2026-05-05 17:16:44 #19 type.registry] 
New type domain.Resena

[2026-05-05 17:16:44 #20 type.registry] 
New type java.util.ArrayList<domain.Resena>

[2026-05-05 17:16:44 #21 type.registry] 
New type domain.Seller

[2026-05-05 17:16:44 #22 type] 
Type domain.Seller is not enhanced.

[2026-05-05 17:16:44 #23 type.registry] 
New type java.util.ArrayList<java.lang.Object>

------------------------------------------------------------------------------------------------------------------------

[2026-05-05 17:20:49 #1 store] 
Database 'C:\Users\Jose\IS-GIT\It1-IAller_JEcheveste_IGarcia\src\main\resources\products.temp' has been recovered (tr. 1-14)

[2026-05-05 17:20:49 #2 store] 
Database 'C:\Users\Jose\IS-GIT\It1-IAller_JEcheveste_IGarcia\src\main\resources\products.temp' is opened by 22980@Joxe-Pc

[2026-05-05 17:20:50 #3 type] 
Type domain.Usuario is not enhanced.

[2026-05-05 17:20:50 #4 type] 
Type domain.Comprador is not enhanced.

[2026-05-05 17:20:50 #5 type] 
Type domain.Friendly is not enhanced.

[2026-05-05 17:20:50 #6 type] 
Type domain.Cuentas is not enhanced.

[2026-05-05 17:20:50 #7 type] 
Type domain.Oferta is not enhanced.

[2026-05-05 17:20:50 #8 type] 
Type domain.Sale is not enhanced.

[2026-05-05 17:20:50 #9 type] 
Type domain.Seller is not enhanced.

------------------------------------------------------------------------------------------------------------------------

[2026-05-05 17:40:01 #1 store] 
Database 'C:\Users\Jose\IS-GIT\It1-IAller_JEcheveste_IGarcia\src\main\resources\products.temp' is opened by 17012@Joxe-Pc

[2026-05-05 17:40:01 #2 type] 
Type domain.Usuario is not enhanced.

[2026-05-05 17:40:01 #3 type] 
Type domain.Comprador is not enhanced.

[2026-05-05 17:40:01 #4 type] 
Type domain.Friendly is not enhanced.

[2026-05-05 17:40:01 #5 type] 
Type domain.Cuentas is not enhanced.

[2026-05-05 17:40:01 #6 type] 
Type domain.Oferta is not enhanced.

[2026-05-05 17:40:01 #7 type] 
Type domain.Sale is not enhanced.

[2026-05-05 17:40:01 #8 type] 
Type domain.Seller is not enhanced.

------------------------------------------------------------------------------------------------------------------------

[2026-05-05 17:44:16 #1 store] 
Database 'C:\Users\Jose\IS-GIT\It1-IAller_JEcheveste_IGarcia\src\main\resources\products.temp' has been recovered (tr. 15-18)

[2026-05-05 17:44:16 #2 store] 
Database 'C:\Users\Jose\IS-GIT\It1-IAller_JEcheveste_IGarcia\src\main\resources\products.temp' is opened by 5860@Joxe-Pc

[2026-05-05 17:44:16 #3 type] 
Type domain.Usuario is not enhanced.

[2026-05-05 17:44:16 #4 type] 
Type domain.Comprador is not enhanced.

[2026-05-05 17:44:16 #5 type] 
Type domain.Friendly is not enhanced.

[2026-05-05 17:44:16 #6 type] 
Type domain.Cuentas is not enhanced.

[2026-05-05 17:44:16 #7 type] 
Type domain.Oferta is not enhanced.

[2026-05-05 17:44:16 #8 type] 
Type domain.Sale is not enhanced.

[2026-05-05 17:44:16 #9 type] 
Type domain.Seller is not enhanced.

------------------------------------------------------------------------------------------------------------------------

[2026-05-05 18:05:18 #1 store] 
Database 'C:\Users\Jose\IS-GIT\It1-IAller_JEcheveste_IGarcia\src\main\resources\products.temp' has been recovered (tr. 19-20)

[2026-05-05 18:05:18 #2 store] 
Database 'C:\Users\Jose\IS-GIT\It1-IAller_JEcheveste_IGarcia\src\main\resources\products.temp' is opened by 18884@Joxe-Pc

[2026-05-05 18:05:18 #3 type] 
Type domain.Usuario is not enhanced.

[2026-05-05 18:05:18 #4 type] 
Type domain.Comprador is not enhanced.

[2026-05-05 18:05:18 #5 type] 
Type domain.Friendly is not enhanced.

[2026-05-05 18:05:18 #6 type] 
Type domain.Cuentas is not enhanced.

[2026-05-05 18:05:18 #7 type] 
Type domain.Oferta is not enhanced.

[2026-05-05 18:05:18 #8 type] 
Type domain.Sale is not enhanced.

[2026-05-05 18:05:18 #9 type] 
Type domain.Seller is not enhanced.

------------------------------------------------------------------------------------------------------------------------

[2026-05-05 18:09:02 #1 store] 
Database 'C:\Users\Jose\IS-GIT\It1-IAller_JEcheveste_IGarcia\src\main\resources\products.temp' has been recovered (tr. 21-22)

[2026-05-05 18:09:03 #2 store] 
Database 'C:\Users\Jose\IS-GIT\It1-IAller_JEcheveste_IGarcia\src\main\resources\products.temp' is opened by 5436@Joxe-Pc

[2026-05-05 18:09:03 #3 type] 
Type domain.Usuario is not enhanced.

[2026-05-05 18:09:03 #4 type] 
Type domain.Comprador is not enhanced.

[2026-05-05 18:09:03 #5 type] 
Type domain.Friendly is not enhanced.

[2026-05-05 18:09:03 #6 type] 
Type domain.Cuentas is not enhanced.

[2026-05-05 18:09:03 #7 type] 
Type domain.Oferta is not enhanced.

[2026-05-05 18:09:03 #8 type] 
Type domain.Sale is not enhanced.

[2026-05-05 18:09:03 #9 type] 
Type domain.Seller is not enhanced.

------------------------------------------------------------------------------------------------------------------------

[2026-05-05 18:11:34 #1 store] 
Database 'C:\Users\Jose\IS-GIT\It1-IAller_JEcheveste_IGarcia\src\main\resources\products.temp' has been recovered (tr. 23-24)

[2026-05-05 18:11:35 #2 store] 
Database 'C:\Users\Jose\IS-GIT\It1-IAller_JEcheveste_IGarcia\src\main\resources\products.temp' is opened by 7208@Joxe-Pc

[2026-05-05 18:11:35 #3 type] 
Type domain.Usuario is not enhanced.

[2026-05-05 18:11:35 #4 type] 
Type domain.Comprador is not enhanced.

[2026-05-05 18:11:35 #5 type] 
Type domain.Friendly is not enhanced.

[2026-05-05 18:11:35 #6 type] 
Type domain.Cuentas is not enhanced.

[2026-05-05 18:11:35 #7 type] 
Type domain.Oferta is not enhanced.

[2026-05-05 18:11:35 #8 type] 
Type domain.Sale is not enhanced.

[2026-05-05 18:11:35 #9 type] 
Type domain.Seller is not enhanced.

------------------------------------------------------------------------------------------------------------------------

[2026-05-05 18:13:13 #1 store] 
Database 'C:\Users\Jose\IS-GIT\It1-IAller_JEcheveste_IGarcia\src\main\resources\products.temp' is opened by 9200@Joxe-Pc

[2026-05-05 18:13:14 #2 type] 
Type domain.Usuario is not enhanced.

[2026-05-05 18:13:14 #3 type] 
Type domain.Comprador is not enhanced.

[2026-05-05 18:13:14 #4 type] 
Type domain.Friendly is not enhanced.

[2026-05-05 18:13:14 #5 type] 
Type domain.Cuentas is not enhanced.

[2026-05-05 18:13:14 #6 type] 
Type domain.Oferta is not enhanced.

[2026-05-05 18:13:14 #7 type] 
Type domain.Sale is not enhanced.

[2026-05-05 18:13:14 #8 type] 
Type domain.Seller is not enhanced.

------------------------------------------------------------------------------------------------------------------------

[2026-05-05 18:16:16 #1 store] 
Database 'C:\Users\Jose\IS-GIT\It1-IAller_JEcheveste_IGarcia\src\main\resources\products.temp' has been recovered (tr. 25-26)

[2026-05-05 18:16:16 #2 store] 
Database 'C:\Users\Jose\IS-GIT\It1-IAller_JEcheveste_IGarcia\src\main\resources\products.temp' is opened by 2212@Joxe-Pc

[2026-05-05 18:16:16 #3 type] 
Type domain.Usuario is not enhanced.

[2026-05-05 18:16:16 #4 type] 
Type domain.Comprador is not enhanced.

[2026-05-05 18:16:16 #5 type] 
Type domain.Friendly is not enhanced.

[2026-05-05 18:16:16 #6 type] 
Type domain.Cuentas is not enhanced.

[2026-05-05 18:16:16 #7 type] 
Type domain.Oferta is not enhanced.

[2026-05-05 18:16:16 #8 type] 
Type domain.Sale is not enhanced.

[2026-05-05 18:16:16 #9 type] 
Type domain.Seller is not enhanced.

------------------------------------------------------------------------------------------------------------------------

[2026-05-05 18:16:45 #1 store] 
Database 'C:\Users\Jose\IS-GIT\It1-IAller_JEcheveste_IGarcia\src\main\resources\products.temp' is opened by 6440@Joxe-Pc

[2026-05-05 18:16:45 #2 type.registry] 
New type domain.Usuario

[2026-05-05 18:16:45 #3 type.registry] 
New type domain.Comprador

[2026-05-05 18:16:45 #4 type] 
Type domain.Usuario is not enhanced.

[2026-05-05 18:16:45 #5 type] 
Type domain.Comprador is not enhanced.

[2026-05-05 18:16:45 #6 type.registry] 
New type domain.Solicitud

[2026-05-05 18:16:45 #7 type.registry] 
New type java.util.ArrayList<domain.Solicitud>

[2026-05-05 18:16:45 #8 type.registry] 
New type domain.Friendly

[2026-05-05 18:16:45 #9 type.registry] 
New type java.util.ArrayList<domain.Friendly>

[2026-05-05 18:16:45 #10 type.registry] 
New type domain.Cuentas

[2026-05-05 18:16:45 #11 type.registry] 
New type domain.Oferta

[2026-05-05 18:16:45 #12 type.registry] 
New type java.util.ArrayList<domain.Oferta>

[2026-05-05 18:16:45 #13 type.registry] 
New type domain.Sale

[2026-05-05 18:16:45 #14 type.registry] 
New type java.util.ArrayList<domain.Sale>

[2026-05-05 18:16:45 #15 type] 
Type domain.Friendly is not enhanced.

[2026-05-05 18:16:45 #16 type] 
Type domain.Cuentas is not enhanced.

[2026-05-05 18:16:45 #17 type] 
Type domain.Oferta is not enhanced.

[2026-05-05 18:16:45 #18 type] 
Type domain.Sale is not enhanced.

[2026-05-05 18:16:45 #19 type.registry] 
New type domain.Resena

[2026-05-05 18:16:45 #20 type.registry] 
New type java.util.ArrayList<domain.Resena>

[2026-05-05 18:16:45 #21 type.registry] 
New type domain.Seller

[2026-05-05 18:16:45 #22 type] 
Type domain.Seller is not enhanced.

[2026-05-05 18:16:45 #23 type.registry] 
New type java.util.ArrayList<java.lang.Object>

------------------------------------------------------------------------------------------------------------------------

[2026-05-05 18:19:15 #1 store] 
Database 'C:\Users\Jose\IS-GIT\It1-IAller_JEcheveste_IGarcia\src\main\resources\products.temp' is opened by 15408@Joxe-Pc

[2026-05-05 18:19:15 #2 type.registry] 
New type domain.Usuario

[2026-05-05 18:19:15 #3 type.registry] 
New type domain.Comprador

[2026-05-05 18:19:15 #4 type] 
Type domain.Usuario is not enhanced.

[2026-05-05 18:19:15 #5 type] 
Type domain.Comprador is not enhanced.

[2026-05-05 18:19:15 #6 type.registry] 
New type domain.Solicitud

[2026-05-05 18:19:15 #7 type.registry] 
New type java.util.ArrayList<domain.Solicitud>

[2026-05-05 18:19:15 #8 type.registry] 
New type domain.Friendly

[2026-05-05 18:19:15 #9 type.registry] 
New type java.util.ArrayList<domain.Friendly>

[2026-05-05 18:19:15 #10 type.registry] 
New type domain.Cuentas

[2026-05-05 18:19:15 #11 type.registry] 
New type domain.Oferta

[2026-05-05 18:19:15 #12 type.registry] 
New type java.util.ArrayList<domain.Oferta>

[2026-05-05 18:19:15 #13 type.registry] 
New type domain.Sale

[2026-05-05 18:19:15 #14 type.registry] 
New type java.util.ArrayList<domain.Sale>

[2026-05-05 18:19:15 #15 type] 
Type domain.Friendly is not enhanced.

[2026-05-05 18:19:15 #16 type] 
Type domain.Cuentas is not enhanced.

[2026-05-05 18:19:15 #17 type] 
Type domain.Oferta is not enhanced.

[2026-05-05 18:19:15 #18 type] 
Type domain.Sale is not enhanced.

[2026-05-05 18:19:15 #19 type.registry] 
New type domain.Resena

[2026-05-05 18:19:15 #20 type.registry] 
New type java.util.ArrayList<domain.Resena>

[2026-05-05 18:19:15 #21 type.registry] 
New type domain.Seller

[2026-05-05 18:19:15 #22 type] 
Type domain.Seller is not enhanced.

[2026-05-05 18:19:15 #23 type.registry] 
New type java.util.ArrayList<java.lang.Object>

------------------------------------------------------------------------------------------------------------------------

[2026-05-05 19:27:32 #1 store] 
Database 'C:\Users\Jose\IS-GIT\It1-IAller_JEcheveste_IGarcia\src\main\resources\products.temp' is opened by 14488@Joxe-Pc

[2026-05-05 19:27:32 #2 type.registry] 
New type domain.Usuario

[2026-05-05 19:27:32 #3 type.registry] 
New type domain.Comprador

[2026-05-05 19:27:32 #4 type] 
Type domain.Usuario is not enhanced.

[2026-05-05 19:27:32 #5 type] 
Type domain.Comprador is not enhanced.

[2026-05-05 19:27:32 #6 type.registry] 
New type domain.Solicitud

[2026-05-05 19:27:32 #7 type.registry] 
New type java.util.ArrayList<domain.Solicitud>

[2026-05-05 19:27:32 #8 type.registry] 
New type domain.Friendly

[2026-05-05 19:27:32 #9 type.registry] 
New type java.util.ArrayList<domain.Friendly>

[2026-05-05 19:27:32 #10 type.registry] 
New type domain.Cuentas

[2026-05-05 19:27:32 #11 type.registry] 
New type domain.Oferta

[2026-05-05 19:27:32 #12 type.registry] 
New type java.util.ArrayList<domain.Oferta>

[2026-05-05 19:27:32 #13 type.registry] 
New type domain.Sale

[2026-05-05 19:27:32 #14 type.registry] 
New type java.util.ArrayList<domain.Sale>

[2026-05-05 19:27:32 #15 type] 
Type domain.Friendly is not enhanced.

[2026-05-05 19:27:32 #16 type] 
Type domain.Cuentas is not enhanced.

[2026-05-05 19:27:32 #17 type] 
Type domain.Oferta is not enhanced.

[2026-05-05 19:27:32 #18 type] 
Type domain.Sale is not enhanced.

[2026-05-05 19:27:32 #19 type.registry] 
New type domain.Resena

[2026-05-05 19:27:32 #20 type.registry] 
New type java.util.ArrayList<domain.Resena>

[2026-05-05 19:27:32 #21 type.registry] 
New type domain.Seller

[2026-05-05 19:27:32 #22 type] 
Type domain.Seller is not enhanced.

[2026-05-05 19:27:32 #23 type.registry] 
New type java.util.ArrayList<java.lang.Object>

------------------------------------------------------------------------------------------------------------------------

[2026-05-05 19:31:05 #1 store] 
Database 'C:\Users\Jose\IS-GIT\It1-IAller_JEcheveste_IGarcia\src\main\resources\products.temp' is opened by 22768@Joxe-Pc

[2026-05-05 19:31:05 #2 type.registry] 
New type domain.Usuario

[2026-05-05 19:31:05 #3 type.registry] 
New type domain.Comprador

[2026-05-05 19:31:05 #4 type] 
Type domain.Usuario is not enhanced.

[2026-05-05 19:31:05 #5 type] 
Type domain.Comprador is not enhanced.

[2026-05-05 19:31:05 #6 type.registry] 
New type domain.Solicitud

[2026-05-05 19:31:05 #7 type.registry] 
New type java.util.ArrayList<domain.Solicitud>

[2026-05-05 19:31:05 #8 type.registry] 
New type domain.Friendly

[2026-05-05 19:31:05 #9 type.registry] 
New type java.util.ArrayList<domain.Friendly>

[2026-05-05 19:31:05 #10 type.registry] 
New type domain.Cuentas

[2026-05-05 19:31:05 #11 type.registry] 
New type domain.Oferta

[2026-05-05 19:31:05 #12 type.registry] 
New type java.util.ArrayList<domain.Oferta>

[2026-05-05 19:31:05 #13 type.registry] 
New type domain.Sale

[2026-05-05 19:31:05 #14 type.registry] 
New type java.util.ArrayList<domain.Sale>

[2026-05-05 19:31:05 #15 type] 
Type domain.Solicitud is not enhanced.

[2026-05-05 19:31:05 #16 type] 
Type domain.Friendly is not enhanced.

[2026-05-05 19:31:05 #17 type] 
Type domain.Cuentas is not enhanced.

[2026-05-05 19:31:05 #18 type] 
Type domain.Oferta is not enhanced.

[2026-05-05 19:31:05 #19 type] 
Type domain.Sale is not enhanced.

[2026-05-05 19:31:05 #20 type.registry] 
New type domain.Resena

[2026-05-05 19:31:05 #21 type.registry] 
New type java.util.ArrayList<domain.Resena>

[2026-05-05 19:31:05 #22 type.registry] 
New type domain.Seller

[2026-05-05 19:31:05 #23 type] 
Type domain.Resena is not enhanced.

[2026-05-05 19:31:05 #24 type] 
Type domain.Seller is not enhanced.

[2026-05-05 19:31:05 #25 type.registry] 
New type java.util.ArrayList<java.lang.Object>

------------------------------------------------------------------------------------------------------------------------

[2026-05-05 19:31:45 #1 store] 
Database 'C:\Users\Jose\IS-GIT\It1-IAller_JEcheveste_IGarcia\src\main\resources\products.temp' is opened by 23380@Joxe-Pc

[2026-05-05 19:31:46 #2 type.registry] 
New type domain.Usuario

[2026-05-05 19:31:46 #3 type.registry] 
New type domain.Comprador

[2026-05-05 19:31:46 #4 type] 
Type domain.Usuario is not enhanced.

[2026-05-05 19:31:46 #5 type] 
Type domain.Comprador is not enhanced.

[2026-05-05 19:31:46 #6 type.registry] 
New type domain.Solicitud

[2026-05-05 19:31:46 #7 type.registry] 
New type java.util.ArrayList<domain.Solicitud>

[2026-05-05 19:31:46 #8 type.registry] 
New type domain.Friendly

[2026-05-05 19:31:46 #9 type.registry] 
New type java.util.ArrayList<domain.Friendly>

[2026-05-05 19:31:46 #10 type.registry] 
New type domain.Cuentas

[2026-05-05 19:31:46 #11 type.registry] 
New type domain.Oferta

[2026-05-05 19:31:46 #12 type.registry] 
New type java.util.ArrayList<domain.Oferta>

[2026-05-05 19:31:46 #13 type.registry] 
New type domain.Sale

[2026-05-05 19:31:46 #14 type.registry] 
New type java.util.ArrayList<domain.Sale>

[2026-05-05 19:31:46 #15 type] 
Type domain.Solicitud is not enhanced.

[2026-05-05 19:31:46 #16 type] 
Type domain.Friendly is not enhanced.

[2026-05-05 19:31:46 #17 type] 
Type domain.Cuentas is not enhanced.

[2026-05-05 19:31:46 #18 type] 
Type domain.Oferta is not enhanced.

[2026-05-05 19:31:46 #19 type] 
Type domain.Sale is not enhanced.

[2026-05-05 19:31:46 #20 type.registry] 
New type domain.Resena

[2026-05-05 19:31:46 #21 type.registry] 
New type java.util.ArrayList<domain.Resena>

[2026-05-05 19:31:46 #22 type.registry] 
New type domain.Seller

[2026-05-05 19:31:46 #23 type] 
Type domain.Resena is not enhanced.

[2026-05-05 19:31:46 #24 type] 
Type domain.Seller is not enhanced.

[2026-05-05 19:31:46 #25 type.registry] 
New type java.util.ArrayList<java.lang.Object>

------------------------------------------------------------------------------------------------------------------------

[2026-05-05 19:32:09 #1 store] 
Database 'C:\Users\Jose\IS-GIT\It1-IAller_JEcheveste_IGarcia\src\main\resources\products.temp' is opened by 18168@Joxe-Pc

[2026-05-05 19:32:09 #2 type.registry] 
New type domain.Usuario

[2026-05-05 19:32:09 #3 type.registry] 
New type domain.Comprador

[2026-05-05 19:32:09 #4 type] 
Type domain.Usuario is not enhanced.

[2026-05-05 19:32:09 #5 type] 
Type domain.Comprador is not enhanced.

[2026-05-05 19:32:09 #6 type.registry] 
New type domain.Solicitud

[2026-05-05 19:32:09 #7 type.registry] 
New type java.util.ArrayList<domain.Solicitud>

[2026-05-05 19:32:09 #8 type.registry] 
New type domain.Friendly

[2026-05-05 19:32:09 #9 type.registry] 
New type java.util.ArrayList<domain.Friendly>

[2026-05-05 19:32:09 #10 type.registry] 
New type domain.Cuentas

[2026-05-05 19:32:09 #11 type.registry] 
New type domain.Oferta

[2026-05-05 19:32:09 #12 type.registry] 
New type java.util.ArrayList<domain.Oferta>

[2026-05-05 19:32:09 #13 type.registry] 
New type domain.Sale

[2026-05-05 19:32:09 #14 type.registry] 
New type java.util.ArrayList<domain.Sale>

[2026-05-05 19:32:09 #15 type] 
Type domain.Solicitud is not enhanced.

[2026-05-05 19:32:09 #16 type] 
Type domain.Friendly is not enhanced.

[2026-05-05 19:32:09 #17 type] 
Type domain.Cuentas is not enhanced.

[2026-05-05 19:32:09 #18 type] 
Type domain.Oferta is not enhanced.

[2026-05-05 19:32:09 #19 type] 
Type domain.Sale is not enhanced.

[2026-05-05 19:32:09 #20 type.registry] 
New type domain.Resena

[2026-05-05 19:32:09 #21 type.registry] 
New type java.util.ArrayList<domain.Resena>

[2026-05-05 19:32:09 #22 type.registry] 
New type domain.Seller

[2026-05-05 19:32:09 #23 type] 
Type domain.Resena is not enhanced.

[2026-05-05 19:32:09 #24 type] 
Type domain.Seller is not enhanced.

[2026-05-05 19:32:09 #25 type.registry] 
New type java.util.ArrayList<java.lang.Object>

------------------------------------------------------------------------------------------------------------------------

[2026-05-05 19:37:24 #1 store] 
Database 'C:\Users\Jose\IS-GIT\It1-IAller_JEcheveste_IGarcia\src\main\resources\products.temp' is opened by 4812@Joxe-Pc

[2026-05-05 19:37:24 #2 type.registry] 
New type domain.Usuario

[2026-05-05 19:37:24 #3 type.registry] 
New type domain.Comprador

[2026-05-05 19:37:24 #4 type] 
Type domain.Usuario is not enhanced.

[2026-05-05 19:37:24 #5 type] 
Type domain.Comprador is not enhanced.

[2026-05-05 19:37:24 #6 type.registry] 
New type domain.Solicitud

[2026-05-05 19:37:24 #7 type.registry] 
New type java.util.ArrayList<domain.Solicitud>

[2026-05-05 19:37:24 #8 type.registry] 
New type domain.Friendly

[2026-05-05 19:37:24 #9 type.registry] 
New type java.util.ArrayList<domain.Friendly>

[2026-05-05 19:37:24 #10 type.registry] 
New type domain.Cuentas

[2026-05-05 19:37:24 #11 type.registry] 
New type domain.Oferta

[2026-05-05 19:37:24 #12 type.registry] 
New type java.util.ArrayList<domain.Oferta>

[2026-05-05 19:37:24 #13 type.registry] 
New type domain.Sale

[2026-05-05 19:37:24 #14 type.registry] 
New type java.util.ArrayList<domain.Sale>

[2026-05-05 19:37:24 #15 type] 
Type domain.Solicitud is not enhanced.

[2026-05-05 19:37:24 #16 type] 
Type domain.Friendly is not enhanced.

[2026-05-05 19:37:24 #17 type] 
Type domain.Cuentas is not enhanced.

[2026-05-05 19:37:24 #18 type] 
Type domain.Oferta is not enhanced.

[2026-05-05 19:37:24 #19 type] 
Type domain.Sale is not enhanced.

[2026-05-05 19:37:24 #20 type.registry] 
New type domain.Resena

[2026-05-05 19:37:24 #21 type.registry] 
New type java.util.ArrayList<domain.Resena>

[2026-05-05 19:37:24 #22 type.registry] 
New type domain.Seller

[2026-05-05 19:37:24 #23 type] 
Type domain.Resena is not enhanced.

[2026-05-05 19:37:24 #24 type] 
Type domain.Seller is not enhanced.

[2026-05-05 19:37:24 #25 type.registry] 
New type java.util.ArrayList<java.lang.Object>

------------------------------------------------------------------------------------------------------------------------

[2026-05-05 19:41:00 #1 store] 
Database 'C:\Users\Jose\IS-GIT\It1-IAller_JEcheveste_IGarcia\src\main\resources\products.temp' is opened by 9156@Joxe-Pc

[2026-05-05 19:41:00 #2 type.registry] 
New type domain.Usuario

[2026-05-05 19:41:00 #3 type.registry] 
New type domain.Comprador

[2026-05-05 19:41:00 #4 type] 
Type domain.Usuario is not enhanced.

[2026-05-05 19:41:00 #5 type] 
Type domain.Comprador is not enhanced.

[2026-05-05 19:41:00 #6 type.registry] 
New type domain.Solicitud

[2026-05-05 19:41:00 #7 type.registry] 
New type java.util.ArrayList<domain.Solicitud>

[2026-05-05 19:41:00 #8 type.registry] 
New type domain.Friendly

[2026-05-05 19:41:00 #9 type.registry] 
New type java.util.ArrayList<domain.Friendly>

[2026-05-05 19:41:00 #10 type.registry] 
New type domain.Cuentas

[2026-05-05 19:41:00 #11 type.registry] 
New type domain.Oferta

[2026-05-05 19:41:00 #12 type.registry] 
New type java.util.ArrayList<domain.Oferta>

[2026-05-05 19:41:00 #13 type.registry] 
New type domain.Sale

[2026-05-05 19:41:00 #14 type.registry] 
New type java.util.ArrayList<domain.Sale>

[2026-05-05 19:41:00 #15 type] 
Type domain.Solicitud is not enhanced.

[2026-05-05 19:41:00 #16 type] 
Type domain.Friendly is not enhanced.

[2026-05-05 19:41:00 #17 type] 
Type domain.Cuentas is not enhanced.

[2026-05-05 19:41:00 #18 type] 
Type domain.Oferta is not enhanced.

[2026-05-05 19:41:00 #19 type] 
Type domain.Sale is not enhanced.

[2026-05-05 19:41:00 #20 type.registry] 
New type domain.Resena

[2026-05-05 19:41:00 #21 type.registry] 
New type java.util.ArrayList<domain.Resena>

[2026-05-05 19:41:00 #22 type.registry] 
New type domain.Seller

[2026-05-05 19:41:00 #23 type] 
Type domain.Resena is not enhanced.

[2026-05-05 19:41:00 #24 type] 
Type domain.Seller is not enhanced.

[2026-05-05 19:41:00 #25 type.registry] 
New type java.util.ArrayList<java.lang.Object>

------------------------------------------------------------------------------------------------------------------------

[2026-05-05 19:58:41 #1 store] 
Database 'C:\Users\Jose\IS-GIT\It1-IAller_JEcheveste_IGarcia\src\main\resources\products.temp' is opened by 10784@Joxe-Pc

[2026-05-05 19:58:41 #2 type.registry] 
New type domain.Usuario

[2026-05-05 19:58:41 #3 type.registry] 
New type domain.Comprador

[2026-05-05 19:58:41 #4 type] 
Type domain.Usuario is not enhanced.

[2026-05-05 19:58:41 #5 type] 
Type domain.Comprador is not enhanced.

[2026-05-05 19:58:41 #6 type.registry] 
New type domain.Solicitud

[2026-05-05 19:58:41 #7 type.registry] 
New type java.util.ArrayList<domain.Solicitud>

[2026-05-05 19:58:41 #8 type.registry] 
New type domain.Friendly

[2026-05-05 19:58:41 #9 type.registry] 
New type java.util.ArrayList<domain.Friendly>

[2026-05-05 19:58:41 #10 type.registry] 
New type domain.Cuentas

[2026-05-05 19:58:41 #11 type.registry] 
New type domain.Oferta

[2026-05-05 19:58:41 #12 type.registry] 
New type java.util.ArrayList<domain.Oferta>

[2026-05-05 19:58:41 #13 type.registry] 
New type domain.Sale

[2026-05-05 19:58:41 #14 type.registry] 
New type java.util.ArrayList<domain.Sale>

[2026-05-05 19:58:41 #15 type] 
Type domain.Solicitud is not enhanced.

[2026-05-05 19:58:41 #16 type] 
Type domain.Friendly is not enhanced.

[2026-05-05 19:58:41 #17 type] 
Type domain.Cuentas is not enhanced.

[2026-05-05 19:58:41 #18 type] 
Type domain.Oferta is not enhanced.

[2026-05-05 19:58:41 #19 type] 
Type domain.Sale is not enhanced.

[2026-05-05 19:58:41 #20 type.registry] 
New type domain.Resena

[2026-05-05 19:58:41 #21 type.registry] 
New type java.util.ArrayList<domain.Resena>

[2026-05-05 19:58:41 #22 type.registry] 
New type domain.Seller

[2026-05-05 19:58:41 #23 type] 
Type domain.Resena is not enhanced.

[2026-05-05 19:58:41 #24 type] 
Type domain.Seller is not enhanced.

[2026-05-05 19:58:41 #25 type.registry] 
New type java.util.ArrayList<java.lang.Object>

------------------------------------------------------------------------------------------------------------------------

[2026-05-05 20:00:48 #1 store] 
Database 'C:\Users\Jose\IS-GIT\It1-IAller_JEcheveste_IGarcia\src\main\resources\products.temp' is opened by 23064@Joxe-Pc

[2026-05-05 20:00:48 #2 type.registry] 
New type domain.Usuario

[2026-05-05 20:00:48 #3 type.registry] 
New type domain.Comprador

[2026-05-05 20:00:48 #4 type] 
Type domain.Usuario is not enhanced.

[2026-05-05 20:00:48 #5 type] 
Type domain.Comprador is not enhanced.

[2026-05-05 20:00:48 #6 type.registry] 
New type domain.Solicitud

[2026-05-05 20:00:48 #7 type.registry] 
New type java.util.ArrayList<domain.Solicitud>

[2026-05-05 20:00:48 #8 type.registry] 
New type domain.Friendly

[2026-05-05 20:00:48 #9 type.registry] 
New type java.util.ArrayList<domain.Friendly>

[2026-05-05 20:00:48 #10 type.registry] 
New type domain.Cuentas

[2026-05-05 20:00:48 #11 type.registry] 
New type domain.Oferta

[2026-05-05 20:00:48 #12 type.registry] 
New type java.util.ArrayList<domain.Oferta>

[2026-05-05 20:00:48 #13 type.registry] 
New type domain.Sale

[2026-05-05 20:00:48 #14 type.registry] 
New type java.util.ArrayList<domain.Sale>

[2026-05-05 20:00:48 #15 type] 
Type domain.Solicitud is not enhanced.

[2026-05-05 20:00:48 #16 type] 
Type domain.Friendly is not enhanced.

[2026-05-05 20:00:48 #17 type] 
Type domain.Cuentas is not enhanced.

[2026-05-05 20:00:48 #18 type] 
Type domain.Oferta is not enhanced.

[2026-05-05 20:00:48 #19 type] 
Type domain.Sale is not enhanced.

[2026-05-05 20:00:48 #20 type.registry] 
New type domain.Resena

[2026-05-05 20:00:48 #21 type.registry] 
New type java.util.ArrayList<domain.Resena>

[2026-05-05 20:00:48 #22 type.registry] 
New type domain.Seller

[2026-05-05 20:00:48 #23 type] 
Type domain.Resena is not enhanced.

[2026-05-05 20:00:48 #24 type] 
Type domain.Seller is not enhanced.

[2026-05-05 20:00:48 #25 type.registry] 
New type java.util.ArrayList<java.lang.Object>

------------------------------------------------------------------------------------------------------------------------

[2026-05-05 21:41:17 #1 store] 
Database 'C:\Users\Jose\IS-GIT\It1-IAller_JEcheveste_IGarcia\src\main\resources\products.temp' is opened by 13772@Joxe-Pc

[2026-05-05 21:41:17 #2 type.registry] 
New type domain.Usuario

[2026-05-05 21:41:17 #3 type.registry] 
New type domain.Comprador

[2026-05-05 21:41:17 #4 type] 
Type domain.Usuario is not enhanced.

[2026-05-05 21:41:17 #5 type] 
Type domain.Comprador is not enhanced.

[2026-05-05 21:41:17 #6 type.registry] 
New type domain.Solicitud

[2026-05-05 21:41:17 #7 type.registry] 
New type java.util.ArrayList<domain.Solicitud>

[2026-05-05 21:41:17 #8 type.registry] 
New type domain.Friendly

[2026-05-05 21:41:17 #9 type.registry] 
New type java.util.ArrayList<domain.Friendly>

[2026-05-05 21:41:17 #10 type.registry] 
New type domain.Cuentas

[2026-05-05 21:41:17 #11 type.registry] 
New type domain.Oferta

[2026-05-05 21:41:17 #12 type.registry] 
New type java.util.ArrayList<domain.Oferta>

[2026-05-05 21:41:17 #13 type.registry] 
New type domain.Sale

[2026-05-05 21:41:17 #14 type.registry] 
New type java.util.ArrayList<domain.Sale>

[2026-05-05 21:41:17 #15 type] 
Type domain.Solicitud is not enhanced.

[2026-05-05 21:41:17 #16 type] 
Type domain.Friendly is not enhanced.

[2026-05-05 21:41:17 #17 type] 
Type domain.Cuentas is not enhanced.

[2026-05-05 21:41:17 #18 type] 
Type domain.Oferta is not enhanced.

[2026-05-05 21:41:17 #19 type] 
Type domain.Sale is not enhanced.

[2026-05-05 21:41:17 #20 type.registry] 
New type domain.Resena

[2026-05-05 21:41:17 #21 type.registry] 
New type java.util.ArrayList<domain.Resena>

[2026-05-05 21:41:17 #22 type.registry] 
New type domain.Seller

[2026-05-05 21:41:17 #23 type] 
Type domain.Resena is not enhanced.

[2026-05-05 21:41:17 #24 type] 
Type domain.Seller is not enhanced.

[2026-05-05 21:41:17 #25 type.registry] 
New type java.util.ArrayList<java.lang.Object>

------------------------------------------------------------------------------------------------------------------------

[2026-05-05 22:19:02 #1 store] 
Database 'C:\Users\Jose\IS-GIT\It1-IAller_JEcheveste_IGarcia\src\main\resources\products.temp' is opened by 19208@Joxe-Pc

[2026-05-05 22:19:02 #2 type.registry] 
New type domain.Usuario

[2026-05-05 22:19:02 #3 type.registry] 
New type domain.Comprador

[2026-05-05 22:19:02 #4 type] 
Type domain.Usuario is not enhanced.

[2026-05-05 22:19:02 #5 type] 
Type domain.Comprador is not enhanced.

[2026-05-05 22:19:02 #6 type.registry] 
New type domain.Solicitud

[2026-05-05 22:19:02 #7 type.registry] 
New type java.util.ArrayList<domain.Solicitud>

[2026-05-05 22:19:02 #8 type.registry] 
New type domain.Friendly

[2026-05-05 22:19:02 #9 type.registry] 
New type java.util.ArrayList<domain.Friendly>

[2026-05-05 22:19:02 #10 type.registry] 
New type domain.Cuentas

[2026-05-05 22:19:02 #11 type.registry] 
New type domain.Oferta

[2026-05-05 22:19:02 #12 type.registry] 
New type java.util.ArrayList<domain.Oferta>

[2026-05-05 22:19:02 #13 type.registry] 
New type domain.Sale

[2026-05-05 22:19:02 #14 type.registry] 
New type java.util.ArrayList<domain.Sale>

[2026-05-05 22:19:02 #15 type] 
Type domain.Solicitud is not enhanced.

[2026-05-05 22:19:02 #16 type] 
Type domain.Friendly is not enhanced.

[2026-05-05 22:19:02 #17 type] 
Type domain.Cuentas is not enhanced.

[2026-05-05 22:19:02 #18 type] 
Type domain.Oferta is not enhanced.

[2026-05-05 22:19:02 #19 type] 
Type domain.Sale is not enhanced.

[2026-05-05 22:19:02 #20 type.registry] 
New type domain.Resena

[2026-05-05 22:19:02 #21 type.registry] 
New type java.util.ArrayList<domain.Resena>

[2026-05-05 22:19:02 #22 type.registry] 
New type domain.Seller

[2026-05-05 22:19:02 #23 type] 
Type domain.Resena is not enhanced.

[2026-05-05 22:19:02 #24 type] 
Type domain.Seller is not enhanced.

[2026-05-05 22:19:02 #25 type.registry] 
New type java.util.ArrayList<java.lang.Object>

------------------------------------------------------------------------------------------------------------------------

[2026-05-05 22:41:35 #1 store] 
Database 'C:\Users\USER\git\IS-IAller_JEcheveste_IGarcia\It1-IAller_JEcheveste_IGarcia\src\main\resources\products.temp' is opened by 25804@LAPTOP-V898NAMH

[2026-05-05 22:41:35 #2 type.registry] 
New type domain.Usuario

[2026-05-05 22:41:35 #3 type.registry] 
New type domain.Comprador

[2026-05-05 22:41:35 #4 type] 
Type domain.Usuario is not enhanced.

[2026-05-05 22:41:35 #5 type] 
Type domain.Comprador is not enhanced.

[2026-05-05 22:41:35 #6 type.registry] 
New type domain.Solicitud

[2026-05-05 22:41:35 #7 type.registry] 
New type java.util.ArrayList<domain.Solicitud>

[2026-05-05 22:41:35 #8 type.registry] 
New type domain.Friendly

[2026-05-05 22:41:35 #9 type.registry] 
New type java.util.ArrayList<domain.Friendly>

[2026-05-05 22:41:35 #10 type.registry] 
New type domain.Cuentas

[2026-05-05 22:41:35 #11 type.registry] 
New type domain.Oferta

[2026-05-05 22:41:35 #12 type.registry] 
New type java.util.ArrayList<domain.Oferta>

[2026-05-05 22:41:35 #13 type.registry] 
New type domain.Sale

[2026-05-05 22:41:35 #14 type.registry] 
New type java.util.ArrayList<domain.Sale>

[2026-05-05 22:41:35 #15 type] 
Type domain.Solicitud is not enhanced.

[2026-05-05 22:41:35 #16 type] 
Type domain.Friendly is not enhanced.

[2026-05-05 22:41:35 #17 type] 
Type domain.Cuentas is not enhanced.

[2026-05-05 22:41:35 #18 type] 
Type domain.Oferta is not enhanced.

[2026-05-05 22:41:35 #19 type] 
Type domain.Sale is not enhanced.

[2026-05-05 22:41:35 #20 type.registry] 
New type domain.Resena

[2026-05-05 22:41:35 #21 type.registry] 
New type java.util.ArrayList<domain.Resena>

[2026-05-05 22:41:35 #22 type.registry] 
New type domain.Seller

[2026-05-05 22:41:35 #23 type] 
Type domain.Resena is not enhanced.

[2026-05-05 22:41:35 #24 type] 
Type domain.Seller is not enhanced.

[2026-05-05 22:41:35 #25 type.registry] 
New type java.util.ArrayList<java.lang.Object>

------------------------------------------------------------------------------------------------------------------------

[2026-05-05 22:43:41 #1 store] 
Database 'C:\Users\USER\git\IS-IAller_JEcheveste_IGarcia\It1-IAller_JEcheveste_IGarcia\src\main\resources\products.temp' is opened by 36156@LAPTOP-V898NAMH

[2026-05-05 22:43:41 #2 type.registry] 
New type domain.Usuario

[2026-05-05 22:43:41 #3 type.registry] 
New type domain.Comprador

[2026-05-05 22:43:41 #4 type] 
Type domain.Usuario is not enhanced.

[2026-05-05 22:43:41 #5 type] 
Type domain.Comprador is not enhanced.

[2026-05-05 22:43:41 #6 type.registry] 
New type domain.Solicitud

[2026-05-05 22:43:41 #7 type.registry] 
New type java.util.ArrayList<domain.Solicitud>

[2026-05-05 22:43:41 #8 type.registry] 
New type domain.Friendly

[2026-05-05 22:43:41 #9 type.registry] 
New type java.util.ArrayList<domain.Friendly>

[2026-05-05 22:43:41 #10 type.registry] 
New type domain.Cuentas

[2026-05-05 22:43:41 #11 type.registry] 
New type domain.Oferta

[2026-05-05 22:43:41 #12 type.registry] 
New type java.util.ArrayList<domain.Oferta>

[2026-05-05 22:43:41 #13 type.registry] 
New type domain.Sale

[2026-05-05 22:43:41 #14 type.registry] 
New type java.util.ArrayList<domain.Sale>

[2026-05-05 22:43:41 #15 type] 
Type domain.Solicitud is not enhanced.

[2026-05-05 22:43:41 #16 type] 
Type domain.Friendly is not enhanced.

[2026-05-05 22:43:41 #17 type] 
Type domain.Cuentas is not enhanced.

[2026-05-05 22:43:41 #18 type] 
Type domain.Oferta is not enhanced.

[2026-05-05 22:43:41 #19 type] 
Type domain.Sale is not enhanced.

[2026-05-05 22:43:41 #20 type.registry] 
New type domain.Resena

[2026-05-05 22:43:41 #21 type.registry] 
New type java.util.ArrayList<domain.Resena>

[2026-05-05 22:43:41 #22 type.registry] 
New type domain.Seller

[2026-05-05 22:43:41 #23 type] 
Type domain.Resena is not enhanced.

[2026-05-05 22:43:41 #24 type] 
Type domain.Seller is not enhanced.

[2026-05-05 22:43:41 #25 type.registry] 
New type java.util.ArrayList<java.lang.Object>

------------------------------------------------------------------------------------------------------------------------

[2026-05-05 22:50:55 #1 store] 
Database 'C:\Users\USER\git\IS-IAller_JEcheveste_IGarcia\It1-IAller_JEcheveste_IGarcia\src\main\resources\products.temp' is opened by 33604@LAPTOP-V898NAMH

[2026-05-05 22:50:55 #2 type.registry] 
New type domain.Usuario

[2026-05-05 22:50:55 #3 type.registry] 
New type domain.Comprador

[2026-05-05 22:50:55 #4 type] 
Type domain.Usuario is not enhanced.

[2026-05-05 22:50:55 #5 type] 
Type domain.Comprador is not enhanced.

[2026-05-05 22:50:55 #6 type.registry] 
New type domain.Solicitud

[2026-05-05 22:50:55 #7 type.registry] 
New type java.util.ArrayList<domain.Solicitud>

[2026-05-05 22:50:55 #8 type.registry] 
New type domain.Friendly

[2026-05-05 22:50:55 #9 type.registry] 
New type java.util.ArrayList<domain.Friendly>

[2026-05-05 22:50:55 #10 type.registry] 
New type domain.Cuentas

[2026-05-05 22:50:55 #11 type.registry] 
New type domain.Oferta

[2026-05-05 22:50:55 #12 type.registry] 
New type java.util.ArrayList<domain.Oferta>

[2026-05-05 22:50:55 #13 type.registry] 
New type domain.Sale

[2026-05-05 22:50:55 #14 type.registry] 
New type java.util.ArrayList<domain.Sale>

[2026-05-05 22:50:55 #15 type] 
Type domain.Solicitud is not enhanced.

[2026-05-05 22:50:55 #16 type] 
Type domain.Friendly is not enhanced.

[2026-05-05 22:50:55 #17 type] 
Type domain.Cuentas is not enhanced.

[2026-05-05 22:50:55 #18 type] 
Type domain.Oferta is not enhanced.

[2026-05-05 22:50:55 #19 type] 
Type domain.Sale is not enhanced.

[2026-05-05 22:50:55 #20 type.registry] 
New type domain.Resena

[2026-05-05 22:50:55 #21 type.registry] 
New type java.util.ArrayList<domain.Resena>

[2026-05-05 22:50:55 #22 type.registry] 
New type domain.Seller

[2026-05-05 22:50:55 #23 type] 
Type domain.Resena is not enhanced.

[2026-05-05 22:50:56 #24 type] 
Type domain.Seller is not enhanced.

[2026-05-05 22:50:56 #25 type.registry] 
New type java.util.ArrayList<java.lang.Object>

------------------------------------------------------------------------------------------------------------------------

[2026-05-05 23:00:54 #1 store] 
Database 'C:\Users\USER\git\IS-IAller_JEcheveste_IGarcia\It1-IAller_JEcheveste_IGarcia\src\main\resources\products.temp' is opened by 3856@LAPTOP-V898NAMH

[2026-05-05 23:00:54 #2 type.registry] 
New type domain.Usuario

[2026-05-05 23:00:54 #3 type.registry] 
New type domain.Comprador

[2026-05-05 23:00:54 #4 type] 
Type domain.Usuario is not enhanced.

[2026-05-05 23:00:54 #5 type] 
Type domain.Comprador is not enhanced.

[2026-05-05 23:00:54 #6 type.registry] 
New type domain.Solicitud

[2026-05-05 23:00:54 #7 type.registry] 
New type java.util.ArrayList<domain.Solicitud>

[2026-05-05 23:00:54 #8 type.registry] 
New type domain.Friendly

[2026-05-05 23:00:54 #9 type.registry] 
New type java.util.ArrayList<domain.Friendly>

[2026-05-05 23:00:54 #10 type.registry] 
New type domain.Cuentas

[2026-05-05 23:00:54 #11 type.registry] 
New type domain.Oferta

[2026-05-05 23:00:54 #12 type.registry] 
New type java.util.ArrayList<domain.Oferta>

[2026-05-05 23:00:54 #13 type.registry] 
New type domain.Sale

[2026-05-05 23:00:54 #14 type.registry] 
New type java.util.ArrayList<domain.Sale>

[2026-05-05 23:00:54 #15 type] 
Type domain.Solicitud is not enhanced.

[2026-05-05 23:00:54 #16 type] 
Type domain.Friendly is not enhanced.

[2026-05-05 23:00:54 #17 type] 
Type domain.Cuentas is not enhanced.

[2026-05-05 23:00:54 #18 type] 
Type domain.Oferta is not enhanced.

[2026-05-05 23:00:54 #19 type] 
Type domain.Sale is not enhanced.

[2026-05-05 23:00:54 #20 type.registry] 
New type domain.Resena

[2026-05-05 23:00:54 #21 type.registry] 
New type java.util.ArrayList<domain.Resena>

[2026-05-05 23:00:54 #22 type.registry] 
New type domain.Seller

[2026-05-05 23:00:54 #23 type] 
Type domain.Resena is not enhanced.

[2026-05-05 23:00:54 #24 type] 
Type domain.Seller is not enhanced.

[2026-05-05 23:00:54 #25 type.registry] 
New type java.util.ArrayList<java.lang.Object>

------------------------------------------------------------------------------------------------------------------------

[2026-05-05 23:01:49 #1 store] 
Database 'C:\Users\USER\git\IS-IAller_JEcheveste_IGarcia\It1-IAller_JEcheveste_IGarcia\src\main\resources\products.temp' is opened by 1700@LAPTOP-V898NAMH

[2026-05-05 23:01:49 #2 type.registry] 
New type domain.Usuario

[2026-05-05 23:01:49 #3 type.registry] 
New type domain.Comprador

[2026-05-05 23:01:49 #4 type] 
Type domain.Usuario is not enhanced.

[2026-05-05 23:01:49 #5 type] 
Type domain.Comprador is not enhanced.

[2026-05-05 23:01:49 #6 type.registry] 
New type domain.Solicitud

[2026-05-05 23:01:49 #7 type.registry] 
New type java.util.ArrayList<domain.Solicitud>

[2026-05-05 23:01:49 #8 type.registry] 
New type domain.Friendly

[2026-05-05 23:01:49 #9 type.registry] 
New type java.util.ArrayList<domain.Friendly>

[2026-05-05 23:01:49 #10 type.registry] 
New type domain.Cuentas

[2026-05-05 23:01:49 #11 type.registry] 
New type domain.Oferta

[2026-05-05 23:01:49 #12 type.registry] 
New type java.util.ArrayList<domain.Oferta>

[2026-05-05 23:01:49 #13 type.registry] 
New type domain.Sale

[2026-05-05 23:01:49 #14 type.registry] 
New type java.util.ArrayList<domain.Sale>

[2026-05-05 23:01:49 #15 type] 
Type domain.Solicitud is not enhanced.

[2026-05-05 23:01:49 #16 type] 
Type domain.Friendly is not enhanced.

[2026-05-05 23:01:49 #17 type] 
Type domain.Cuentas is not enhanced.

[2026-05-05 23:01:49 #18 type] 
Type domain.Oferta is not enhanced.

[2026-05-05 23:01:49 #19 type] 
Type domain.Sale is not enhanced.

[2026-05-05 23:01:49 #20 type.registry] 
New type domain.Resena

[2026-05-05 23:01:49 #21 type.registry] 
New type java.util.ArrayList<domain.Resena>

[2026-05-05 23:01:49 #22 type.registry] 
New type domain.Seller

[2026-05-05 23:01:49 #23 type] 
Type domain.Resena is not enhanced.

[2026-05-05 23:01:49 #24 type] 
Type domain.Seller is not enhanced.

[2026-05-05 23:01:49 #25 type.registry] 
New type java.util.ArrayList<java.lang.Object>

------------------------------------------------------------------------------------------------------------------------

[2026-05-05 23:39:04 #1 store] 
Database 'C:\Users\USER\git\IS-IAller_JEcheveste_IGarcia\It1-IAller_JEcheveste_IGarcia\src\main\resources\products.temp' is opened by 14692@LAPTOP-V898NAMH

[2026-05-05 23:39:05 #2 type.registry] 
New type domain.Usuario

[2026-05-05 23:39:05 #3 type.registry] 
New type domain.Comprador

[2026-05-05 23:39:05 #4 type] 
Type domain.Usuario is not enhanced.

[2026-05-05 23:39:05 #5 type] 
Type domain.Comprador is not enhanced.

[2026-05-05 23:39:05 #6 type.registry] 
New type domain.Solicitud

[2026-05-05 23:39:05 #7 type.registry] 
New type java.util.ArrayList<domain.Solicitud>

[2026-05-05 23:39:05 #8 type.registry] 
New type domain.Friendly

[2026-05-05 23:39:05 #9 type.registry] 
New type java.util.ArrayList<domain.Friendly>

[2026-05-05 23:39:05 #10 type.registry] 
New type domain.Cuentas

[2026-05-05 23:39:05 #11 type.registry] 
New type domain.Oferta

[2026-05-05 23:39:05 #12 type.registry] 
New type java.util.ArrayList<domain.Oferta>

[2026-05-05 23:39:05 #13 type.registry] 
New type domain.Sale

[2026-05-05 23:39:05 #14 type.registry] 
New type java.util.ArrayList<domain.Sale>

[2026-05-05 23:39:05 #15 type] 
Type domain.Solicitud is not enhanced.

[2026-05-05 23:39:05 #16 type] 
Type domain.Friendly is not enhanced.

[2026-05-05 23:39:05 #17 type] 
Type domain.Cuentas is not enhanced.

[2026-05-05 23:39:05 #18 type] 
Type domain.Oferta is not enhanced.

[2026-05-05 23:39:05 #19 type] 
Type domain.Sale is not enhanced.

[2026-05-05 23:39:05 #20 type.registry] 
New type domain.Resena

[2026-05-05 23:39:05 #21 type.registry] 
New type java.util.ArrayList<domain.Resena>

[2026-05-05 23:39:05 #22 type.registry] 
New type domain.Seller

[2026-05-05 23:39:05 #23 type] 
Type domain.Resena is not enhanced.

[2026-05-05 23:39:05 #24 type] 
Type domain.Seller is not enhanced.

[2026-05-05 23:39:05 #25 type.registry] 
New type java.util.ArrayList<java.lang.Object>

------------------------------------------------------------------------------------------------------------------------

[2026-05-05 23:44:08 #1 store] 
Database 'C:\Users\USER\git\IS-IAller_JEcheveste_IGarcia\It1-IAller_JEcheveste_IGarcia\src\main\resources\products.temp' is opened by 12468@LAPTOP-V898NAMH

[2026-05-05 23:44:08 #2 type.registry] 
New type domain.Usuario

[2026-05-05 23:44:08 #3 type.registry] 
New type domain.Comprador

[2026-05-05 23:44:08 #4 type] 
Type domain.Usuario is not enhanced.

[2026-05-05 23:44:08 #5 type] 
Type domain.Comprador is not enhanced.

[2026-05-05 23:44:08 #6 type.registry] 
New type domain.Solicitud

[2026-05-05 23:44:08 #7 type.registry] 
New type java.util.ArrayList<domain.Solicitud>

[2026-05-05 23:44:08 #8 type.registry] 
New type domain.Friendly

[2026-05-05 23:44:08 #9 type.registry] 
New type java.util.ArrayList<domain.Friendly>

[2026-05-05 23:44:08 #10 type.registry] 
New type domain.Cuentas

[2026-05-05 23:44:08 #11 type.registry] 
New type domain.Oferta

[2026-05-05 23:44:08 #12 type.registry] 
New type java.util.ArrayList<domain.Oferta>

[2026-05-05 23:44:08 #13 type.registry] 
New type domain.Sale

[2026-05-05 23:44:08 #14 type.registry] 
New type java.util.ArrayList<domain.Sale>

[2026-05-05 23:44:08 #15 type] 
Type domain.Solicitud is not enhanced.

[2026-05-05 23:44:08 #16 type] 
Type domain.Friendly is not enhanced.

[2026-05-05 23:44:08 #17 type] 
Type domain.Cuentas is not enhanced.

[2026-05-05 23:44:08 #18 type] 
Type domain.Oferta is not enhanced.

[2026-05-05 23:44:08 #19 type] 
Type domain.Sale is not enhanced.

[2026-05-05 23:44:08 #20 type.registry] 
New type domain.Resena

[2026-05-05 23:44:08 #21 type.registry] 
New type java.util.ArrayList<domain.Resena>

[2026-05-05 23:44:08 #22 type.registry] 
New type domain.Seller

[2026-05-05 23:44:08 #23 type] 
Type domain.Resena is not enhanced.

[2026-05-05 23:44:08 #24 type] 
Type domain.Seller is not enhanced.

[2026-05-05 23:44:08 #25 type.registry] 
New type java.util.ArrayList<java.lang.Object>

------------------------------------------------------------------------------------------------------------------------

[2026-05-05 23:46:18 #1 store] 
Database 'C:\Users\USER\git\IS-IAller_JEcheveste_IGarcia\It1-IAller_JEcheveste_IGarcia\src\main\resources\products.temp' is opened by 14632@LAPTOP-V898NAMH

[2026-05-05 23:46:18 #2 type.registry] 
New type domain.Usuario

[2026-05-05 23:46:18 #3 type.registry] 
New type domain.Comprador

[2026-05-05 23:46:18 #4 type] 
Type domain.Usuario is not enhanced.

[2026-05-05 23:46:18 #5 type] 
Type domain.Comprador is not enhanced.

[2026-05-05 23:46:18 #6 type.registry] 
New type domain.Solicitud

[2026-05-05 23:46:18 #7 type.registry] 
New type java.util.ArrayList<domain.Solicitud>

[2026-05-05 23:46:18 #8 type.registry] 
New type domain.Friendly

[2026-05-05 23:46:18 #9 type.registry] 
New type java.util.ArrayList<domain.Friendly>

[2026-05-05 23:46:18 #10 type.registry] 
New type domain.Cuentas

[2026-05-05 23:46:18 #11 type.registry] 
New type domain.Oferta

[2026-05-05 23:46:18 #12 type.registry] 
New type java.util.ArrayList<domain.Oferta>

[2026-05-05 23:46:18 #13 type.registry] 
New type domain.Sale

[2026-05-05 23:46:18 #14 type.registry] 
New type java.util.ArrayList<domain.Sale>

[2026-05-05 23:46:18 #15 type] 
Type domain.Solicitud is not enhanced.

[2026-05-05 23:46:18 #16 type] 
Type domain.Friendly is not enhanced.

[2026-05-05 23:46:18 #17 type] 
Type domain.Cuentas is not enhanced.

[2026-05-05 23:46:18 #18 type] 
Type domain.Oferta is not enhanced.

[2026-05-05 23:46:18 #19 type] 
Type domain.Sale is not enhanced.

[2026-05-05 23:46:18 #20 type.registry] 
New type domain.Resena

[2026-05-05 23:46:18 #21 type.registry] 
New type java.util.ArrayList<domain.Resena>

[2026-05-05 23:46:18 #22 type.registry] 
New type domain.Seller

[2026-05-05 23:46:18 #23 type] 
Type domain.Resena is not enhanced.

[2026-05-05 23:46:18 #24 type] 
Type domain.Seller is not enhanced.

[2026-05-05 23:46:18 #25 type.registry] 
New type java.util.ArrayList<java.lang.Object>

------------------------------------------------------------------------------------------------------------------------

[2026-05-05 23:48:29 #1 store] 
Database 'C:\Users\USER\git\IS-IAller_JEcheveste_IGarcia\It1-IAller_JEcheveste_IGarcia\src\main\resources\products.temp' is opened by 9252@LAPTOP-V898NAMH

[2026-05-05 23:48:29 #2 type.registry] 
New type domain.Usuario

[2026-05-05 23:48:29 #3 type.registry] 
New type domain.Comprador

[2026-05-05 23:48:29 #4 type] 
Type domain.Usuario is not enhanced.

[2026-05-05 23:48:29 #5 type] 
Type domain.Comprador is not enhanced.

[2026-05-05 23:48:29 #6 type.registry] 
New type domain.Solicitud

[2026-05-05 23:48:29 #7 type.registry] 
New type java.util.ArrayList<domain.Solicitud>

[2026-05-05 23:48:29 #8 type.registry] 
New type domain.Friendly

[2026-05-05 23:48:29 #9 type.registry] 
New type java.util.ArrayList<domain.Friendly>

[2026-05-05 23:48:29 #10 type.registry] 
New type domain.Cuentas

[2026-05-05 23:48:29 #11 type.registry] 
New type domain.Oferta

[2026-05-05 23:48:29 #12 type.registry] 
New type java.util.ArrayList<domain.Oferta>

[2026-05-05 23:48:29 #13 type.registry] 
New type domain.Sale

[2026-05-05 23:48:29 #14 type.registry] 
New type java.util.ArrayList<domain.Sale>

[2026-05-05 23:48:29 #15 type] 
Type domain.Solicitud is not enhanced.

[2026-05-05 23:48:29 #16 type] 
Type domain.Friendly is not enhanced.

[2026-05-05 23:48:29 #17 type] 
Type domain.Cuentas is not enhanced.

[2026-05-05 23:48:29 #18 type] 
Type domain.Oferta is not enhanced.

[2026-05-05 23:48:29 #19 type] 
Type domain.Sale is not enhanced.

[2026-05-05 23:48:29 #20 type.registry] 
New type domain.Resena

[2026-05-05 23:48:29 #21 type.registry] 
New type java.util.ArrayList<domain.Resena>

[2026-05-05 23:48:29 #22 type.registry] 
New type domain.Seller

[2026-05-05 23:48:29 #23 type] 
Type domain.Resena is not enhanced.

[2026-05-05 23:48:29 #24 type] 
Type domain.Seller is not enhanced.

[2026-05-05 23:48:29 #25 type.registry] 
New type java.util.ArrayList<java.lang.Object>

