------------------------------------------------------------------------------------------------------------------------

[2026-04-03 11:01:29 #1 store] 
Database 'C:\Users\Jose\IS-GIT\It1-IAller_JEcheveste_IGarcia\src\main\resources\products.temp' is opened by 21320@Joxe-Pc

[2026-04-03 11:01:30 #2 type] 
Type domain.Comprador is not enhanced.

[2026-04-03 11:01:30 #3 type] 
Type domain.Sale is not enhanced.

[2026-04-03 11:01:30 #4 type] 
Type domain.Seller is not enhanced.

[2026-04-03 11:01:30 #5 type] 
Type domain.Oferta is not enhanced.

[2026-04-03 11:01:30 #6 type] 
Type domain.Cuentas is not enhanced.

------------------------------------------------------------------------------------------------------------------------

[2026-04-03 11:04:02 #1 store] 
Database 'C:\Users\Jose\IS-GIT\It1-IAller_JEcheveste_IGarcia\src\main\resources\products.temp' has been recovered (tr. 43-43)

[2026-04-03 11:04:02 #2 store] 
Database 'C:\Users\Jose\IS-GIT\It1-IAller_JEcheveste_IGarcia\src\main\resources\products.temp' is opened by 20752@Joxe-Pc

[2026-04-03 11:04:02 #3 type] 
Type domain.Comprador is not enhanced.

[2026-04-03 11:04:02 #4 type] 
Type domain.Sale is not enhanced.

[2026-04-03 11:04:02 #5 type] 
Type domain.Seller is not enhanced.

[2026-04-03 11:04:02 #6 type] 
Type domain.Oferta is not enhanced.

[2026-04-03 11:04:02 #7 type] 
Type domain.Cuentas is not enhanced.

------------------------------------------------------------------------------------------------------------------------

[2026-04-03 11:17:41 #1 store] 
Database 'C:\Users\Jose\IS-GIT\It1-IAller_JEcheveste_IGarcia\src\main\resources\products.temp' is opened by 6444@Joxe-Pc

[2026-04-03 11:17:41 #2 type] 
Type domain.Comprador is not enhanced.

[2026-04-03 11:17:41 #3 type] 
Type domain.Sale is not enhanced.

[2026-04-03 11:17:41 #4 type] 
Type domain.Seller is not enhanced.

[2026-04-03 11:17:41 #5 type] 
Type domain.Oferta is not enhanced.

[2026-04-03 11:17:41 #6 type] 
Type domain.Cuentas is not enhanced.

------------------------------------------------------------------------------------------------------------------------

[2026-04-03 11:20:51 #1 store] 
Database 'C:\Users\Jose\IS-GIT\It1-IAller_JEcheveste_IGarcia\src\main\resources\products.temp' is opened by 20612@Joxe-Pc

[2026-04-03 11:20:51 #2 type] 
Type domain.Comprador is not enhanced.

[2026-04-03 11:20:51 #3 type] 
Type domain.Sale is not enhanced.

[2026-04-03 11:20:51 #4 type] 
Type domain.Seller is not enhanced.

[2026-04-03 11:20:51 #5 type] 
Type domain.Oferta is not enhanced.

[2026-04-03 11:20:51 #6 type] 
Type domain.Cuentas is not enhanced.

------------------------------------------------------------------------------------------------------------------------

[2026-04-03 11:34:04 #1 store] 
Database 'C:\Users\Jose\IS-GIT\It1-IAller_JEcheveste_IGarcia\src\main\resources\products.temp' is opened by 22752@Joxe-Pc

[2026-04-03 11:34:04 #2 type] 
Type domain.Comprador is not enhanced.

[2026-04-03 11:34:04 #3 type] 
Type domain.Sale is not enhanced.

[2026-04-03 11:34:04 #4 type] 
Type domain.Seller is not enhanced.

[2026-04-03 11:34:05 #5 type] 
Type domain.Oferta is not enhanced.

[2026-04-03 11:34:05 #6 type] 
Type domain.Cuentas is not enhanced.

------------------------------------------------------------------------------------------------------------------------

[2026-04-03 11:47:34 #1 store] 
Database 'C:\Users\Jose\IS-GIT\It1-IAller_JEcheveste_IGarcia\src\main\resources\products.temp' is opened by 4840@Joxe-Pc

[2026-04-03 11:47:34 #2 type] 
Type domain.Comprador is not enhanced.

[2026-04-03 11:47:34 #3 type] 
Type domain.Sale is not enhanced.

[2026-04-03 11:47:34 #4 type] 
Type domain.Seller is not enhanced.

[2026-04-03 11:47:34 #5 type] 
Type domain.Oferta is not enhanced.

[2026-04-03 11:47:34 #6 type] 
Type domain.Cuentas is not enhanced.

------------------------------------------------------------------------------------------------------------------------

[2026-04-03 11:49:28 #1 store] 
Database 'C:\Users\Jose\IS-GIT\It1-IAller_JEcheveste_IGarcia\src\main\resources\products.temp' is opened by 22484@Joxe-Pc

[2026-04-03 11:49:28 #2 type] 
Type domain.Comprador is not enhanced.

[2026-04-03 11:49:28 #3 type] 
Type domain.Sale is not enhanced.

[2026-04-03 11:49:28 #4 type] 
Type domain.Seller is not enhanced.

[2026-04-03 11:49:28 #5 type] 
Type domain.Oferta is not enhanced.

[2026-04-03 11:49:28 #6 type] 
Type domain.Cuentas is not enhanced.

------------------------------------------------------------------------------------------------------------------------

[2026-04-03 11:51:01 #1 store] 
Database 'C:\Users\Jose\IS-GIT\It1-IAller_JEcheveste_IGarcia\src\main\resources\products.temp' has been recovered (tr. 54-54)

[2026-04-03 11:51:01 #2 store] 
Database 'C:\Users\Jose\IS-GIT\It1-IAller_JEcheveste_IGarcia\src\main\resources\products.temp' is opened by 20032@Joxe-Pc

[2026-04-03 11:51:02 #3 type] 
Type domain.Comprador is not enhanced.

[2026-04-03 11:51:02 #4 type] 
Type domain.Sale is not enhanced.

[2026-04-03 11:51:02 #5 type] 
Type domain.Seller is not enhanced.

[2026-04-03 11:51:02 #6 type] 
Type domain.Oferta is not enhanced.

[2026-04-03 11:51:02 #7 type] 
Type domain.Cuentas is not enhanced.

------------------------------------------------------------------------------------------------------------------------

[2026-04-03 11:52:04 #1 store] 
Database 'C:\Users\Jose\IS-GIT\It1-IAller_JEcheveste_IGarcia\src\main\resources\products.temp' is opened by 7004@Joxe-Pc

[2026-04-03 11:52:04 #2 type] 
Type domain.Comprador is not enhanced.

[2026-04-03 11:52:04 #3 type] 
Type domain.Sale is not enhanced.

[2026-04-03 11:52:04 #4 type] 
Type domain.Seller is not enhanced.

[2026-04-03 11:52:04 #5 type] 
Type domain.Oferta is not enhanced.

[2026-04-03 11:52:04 #6 type] 
Type domain.Cuentas is not enhanced.

------------------------------------------------------------------------------------------------------------------------

[2026-04-03 11:54:17 #1 store] 
Database 'C:\Users\Jose\IS-GIT\It1-IAller_JEcheveste_IGarcia\src\main\resources\products.temp' is opened by 8124@Joxe-Pc

[2026-04-03 11:54:17 #2 type] 
Type domain.Comprador is not enhanced.

[2026-04-03 11:54:17 #3 type] 
Type domain.Sale is not enhanced.

[2026-04-03 11:54:17 #4 type] 
Type domain.Seller is not enhanced.

[2026-04-03 11:54:17 #5 type] 
Type domain.Oferta is not enhanced.

[2026-04-03 11:54:17 #6 type] 
Type domain.Cuentas is not enhanced.

------------------------------------------------------------------------------------------------------------------------

[2026-04-03 11:58:58 #1 store] 
Database 'C:\Users\Jose\IS-GIT\It1-IAller_JEcheveste_IGarcia\src\main\resources\products.temp' is opened by 1208@Joxe-Pc

[2026-04-03 11:58:58 #2 type] 
Type domain.Comprador is not enhanced.

[2026-04-03 11:58:58 #3 type] 
Type domain.Sale is not enhanced.

[2026-04-03 11:58:58 #4 type] 
Type domain.Seller is not enhanced.

[2026-04-03 11:58:58 #5 type] 
Type domain.Oferta is not enhanced.

[2026-04-03 11:58:58 #6 type] 
Type domain.Cuentas is not enhanced.

------------------------------------------------------------------------------------------------------------------------

[2026-04-03 12:03:13 #1 store] 
Database 'C:\Users\Jose\IS-GIT\It1-IAller_JEcheveste_IGarcia\src\main\resources\products.temp' has been recovered (tr. 59-59)

[2026-04-03 12:03:13 #2 store] 
Database 'C:\Users\Jose\IS-GIT\It1-IAller_JEcheveste_IGarcia\src\main\resources\products.temp' is opened by 11212@Joxe-Pc

[2026-04-03 12:03:13 #3 type] 
Type domain.Comprador is not enhanced.

[2026-04-03 12:03:13 #4 type] 
Type domain.Sale is not enhanced.

[2026-04-03 12:03:13 #5 type] 
Type domain.Seller is not enhanced.

[2026-04-03 12:03:13 #6 type] 
Type domain.Oferta is not enhanced.

[2026-04-03 12:03:13 #7 type] 
Type domain.Cuentas is not enhanced.

------------------------------------------------------------------------------------------------------------------------

[2026-04-03 12:04:20 #1 store] 
Database 'C:\Users\Jose\IS-GIT\It1-IAller_JEcheveste_IGarcia\src\main\resources\products.temp' has been recovered (tr. 60-60)

[2026-04-03 12:04:20 #2 store] 
Database 'C:\Users\Jose\IS-GIT\It1-IAller_JEcheveste_IGarcia\src\main\resources\products.temp' is opened by 164@Joxe-Pc

[2026-04-03 12:04:20 #3 type] 
Type domain.Comprador is not enhanced.

[2026-04-03 12:04:20 #4 type] 
Type domain.Sale is not enhanced.

[2026-04-03 12:04:20 #5 type] 
Type domain.Seller is not enhanced.

[2026-04-03 12:04:20 #6 type] 
Type domain.Oferta is not enhanced.

[2026-04-03 12:04:20 #7 type] 
Type domain.Cuentas is not enhanced.

------------------------------------------------------------------------------------------------------------------------

[2026-04-03 12:05:15 #1 store] 
Database 'C:\Users\Jose\IS-GIT\It1-IAller_JEcheveste_IGarcia\src\main\resources\products.temp' has been recovered (tr. 61-64)

[2026-04-03 12:05:15 #2 store] 
Database 'C:\Users\Jose\IS-GIT\It1-IAller_JEcheveste_IGarcia\src\main\resources\products.temp' is opened by 9020@Joxe-Pc

[2026-04-03 12:05:15 #3 type] 
Type domain.Comprador is not enhanced.

[2026-04-03 12:05:15 #4 type] 
Type domain.Sale is not enhanced.

[2026-04-03 12:05:15 #5 type] 
Type domain.Seller is not enhanced.

[2026-04-03 12:05:15 #6 type] 
Type domain.Oferta is not enhanced.

[2026-04-03 12:05:15 #7 type] 
Type domain.Cuentas is not enhanced.

------------------------------------------------------------------------------------------------------------------------

[2026-04-03 12:06:36 #1 store] 
Database 'C:\Users\Jose\IS-GIT\It1-IAller_JEcheveste_IGarcia\src\main\resources\products.temp' has been recovered (tr. 65-66)

[2026-04-03 12:06:36 #2 store] 
Database 'C:\Users\Jose\IS-GIT\It1-IAller_JEcheveste_IGarcia\src\main\resources\products.temp' is opened by 8848@Joxe-Pc

[2026-04-03 12:06:36 #3 type] 
Type domain.Comprador is not enhanced.

[2026-04-03 12:06:36 #4 type] 
Type domain.Sale is not enhanced.

[2026-04-03 12:06:36 #5 type] 
Type domain.Seller is not enhanced.

[2026-04-03 12:06:36 #6 type] 
Type domain.Oferta is not enhanced.

[2026-04-03 12:06:36 #7 type] 
Type domain.Cuentas is not enhanced.

------------------------------------------------------------------------------------------------------------------------

[2026-04-03 12:08:22 #1 store] 
Database 'C:\Users\Jose\IS-GIT\It1-IAller_JEcheveste_IGarcia\src\main\resources\products.temp' has been recovered (tr. 67-68)

[2026-04-03 12:08:22 #2 store] 
Database 'C:\Users\Jose\IS-GIT\It1-IAller_JEcheveste_IGarcia\src\main\resources\products.temp' is opened by 23632@Joxe-Pc

[2026-04-03 12:08:22 #3 type] 
Type domain.Comprador is not enhanced.

[2026-04-03 12:08:22 #4 type] 
Type domain.Sale is not enhanced.

[2026-04-03 12:08:22 #5 type] 
Type domain.Seller is not enhanced.

[2026-04-03 12:08:22 #6 type] 
Type domain.Oferta is not enhanced.

[2026-04-03 12:08:22 #7 type] 
Type domain.Cuentas is not enhanced.

------------------------------------------------------------------------------------------------------------------------

[2026-04-03 12:09:05 #1 store] 
Database 'C:\Users\Jose\IS-GIT\It1-IAller_JEcheveste_IGarcia\src\main\resources\products.temp' has been recovered (tr. 69-72)

[2026-04-03 12:09:05 #2 store] 
Database 'C:\Users\Jose\IS-GIT\It1-IAller_JEcheveste_IGarcia\src\main\resources\products.temp' is opened by 23256@Joxe-Pc

[2026-04-03 12:09:05 #3 type] 
Type domain.Comprador is not enhanced.

[2026-04-03 12:09:05 #4 type] 
Type domain.Sale is not enhanced.

[2026-04-03 12:09:05 #5 type] 
Type domain.Seller is not enhanced.

[2026-04-03 12:09:05 #6 type] 
Type domain.Oferta is not enhanced.

[2026-04-03 12:09:05 #7 type] 
Type domain.Cuentas is not enhanced.

------------------------------------------------------------------------------------------------------------------------

[2026-04-03 12:09:21 #1 store] 
Database 'C:\Users\Jose\IS-GIT\It1-IAller_JEcheveste_IGarcia\src\main\resources\products.temp' has been recovered (tr. 73-73)

[2026-04-03 12:09:21 #2 store] 
Database 'C:\Users\Jose\IS-GIT\It1-IAller_JEcheveste_IGarcia\src\main\resources\products.temp' is opened by 17424@Joxe-Pc

[2026-04-03 12:09:21 #3 type] 
Type domain.Comprador is not enhanced.

[2026-04-03 12:09:21 #4 type] 
Type domain.Sale is not enhanced.

[2026-04-03 12:09:21 #5 type] 
Type domain.Seller is not enhanced.

[2026-04-03 12:09:21 #6 type] 
Type domain.Oferta is not enhanced.

[2026-04-03 12:09:21 #7 type] 
Type domain.Cuentas is not enhanced.

------------------------------------------------------------------------------------------------------------------------

[2026-04-03 12:10:23 #1 store] 
Database 'C:\Users\Jose\IS-GIT\It1-IAller_JEcheveste_IGarcia\src\main\resources\products.temp' has been recovered (tr. 74-76)

[2026-04-03 12:10:23 #2 store] 
Database 'C:\Users\Jose\IS-GIT\It1-IAller_JEcheveste_IGarcia\src\main\resources\products.temp' is opened by 12320@Joxe-Pc

[2026-04-03 12:10:23 #3 type] 
Type domain.Comprador is not enhanced.

[2026-04-03 12:10:23 #4 type] 
Type domain.Sale is not enhanced.

[2026-04-03 12:10:23 #5 type] 
Type domain.Seller is not enhanced.

[2026-04-03 12:10:23 #6 type] 
Type domain.Oferta is not enhanced.

[2026-04-03 12:10:23 #7 type] 
Type domain.Cuentas is not enhanced.

