------------------------------------------------------------------------------------------------------------------------

[2026-05-01 18:42:22 #1 store] 
Database 'C:\Users\USER\git\IS-IAller_JEcheveste_IGarcia\It1-IAller_JEcheveste_IGarcia\src\main\resources\products.temp' is opened by 28596@LAPTOP-V898NAMH

[2026-05-01 18:42:23 #2 type.registry] 
New type domain.Usuario

[2026-05-01 18:42:23 #3 type.registry] 
New type domain.Comprador

[2026-05-01 18:42:23 #4 type] 
Type domain.Usuario is not enhanced.

[2026-05-01 18:42:23 #5 type] 
Type domain.Comprador is not enhanced.

[2026-05-01 18:42:23 #6 type.registry] 
New type domain.Solicitud

[2026-05-01 18:42:23 #7 type.registry] 
New type java.util.ArrayList<domain.Solicitud>

[2026-05-01 18:42:23 #8 type.registry] 
New type domain.Friendly

[2026-05-01 18:42:23 #9 type.registry] 
New type java.util.ArrayList<domain.Friendly>

[2026-05-01 18:42:23 #10 type.registry] 
New type domain.Cuentas

[2026-05-01 18:42:23 #11 type.registry] 
New type domain.Oferta

[2026-05-01 18:42:23 #12 type.registry] 
New type java.util.ArrayList<domain.Oferta>

[2026-05-01 18:42:23 #13 type.registry] 
New type domain.Sale

[2026-05-01 18:42:23 #14 type.registry] 
New type java.util.ArrayList<domain.Sale>

[2026-05-01 18:42:23 #15 type] 
Type domain.Friendly is not enhanced.

[2026-05-01 18:42:23 #16 type] 
Type domain.Cuentas is not enhanced.

[2026-05-01 18:42:23 #17 type] 
Type domain.Oferta is not enhanced.

[2026-05-01 18:42:23 #18 type] 
Type domain.Sale is not enhanced.

[2026-05-01 18:42:23 #19 type.registry] 
New type domain.Resena

[2026-05-01 18:42:23 #20 type.registry] 
New type java.util.ArrayList<domain.Resena>

[2026-05-01 18:42:23 #21 type.registry] 
New type domain.Seller

[2026-05-01 18:42:23 #22 type] 
Type domain.Seller is not enhanced.

[2026-05-01 18:42:23 #23 type.registry] 
New type java.util.ArrayList<java.lang.Object>

------------------------------------------------------------------------------------------------------------------------

[2026-05-01 18:42:49 #1 store] 
Database 'C:\Users\USER\git\IS-IAller_JEcheveste_IGarcia\It1-IAller_JEcheveste_IGarcia\src\main\resources\products.temp' is opened by 11688@LAPTOP-V898NAMH

[2026-05-01 18:42:49 #2 type.registry] 
New type domain.Usuario

[2026-05-01 18:42:49 #3 type.registry] 
New type domain.Comprador

[2026-05-01 18:42:49 #4 type] 
Type domain.Usuario is not enhanced.

[2026-05-01 18:42:49 #5 type] 
Type domain.Comprador is not enhanced.

[2026-05-01 18:42:49 #6 type.registry] 
New type domain.Solicitud

[2026-05-01 18:42:49 #7 type.registry] 
New type java.util.ArrayList<domain.Solicitud>

[2026-05-01 18:42:49 #8 type.registry] 
New type domain.Friendly

[2026-05-01 18:42:49 #9 type.registry] 
New type java.util.ArrayList<domain.Friendly>

[2026-05-01 18:42:49 #10 type.registry] 
New type domain.Cuentas

[2026-05-01 18:42:49 #11 type.registry] 
New type domain.Oferta

[2026-05-01 18:42:49 #12 type.registry] 
New type java.util.ArrayList<domain.Oferta>

[2026-05-01 18:42:49 #13 type.registry] 
New type domain.Sale

[2026-05-01 18:42:49 #14 type.registry] 
New type java.util.ArrayList<domain.Sale>

[2026-05-01 18:42:49 #15 type] 
Type domain.Friendly is not enhanced.

[2026-05-01 18:42:49 #16 type] 
Type domain.Cuentas is not enhanced.

[2026-05-01 18:42:49 #17 type] 
Type domain.Oferta is not enhanced.

[2026-05-01 18:42:49 #18 type] 
Type domain.Sale is not enhanced.

[2026-05-01 18:42:49 #19 type.registry] 
New type domain.Resena

[2026-05-01 18:42:49 #20 type.registry] 
New type java.util.ArrayList<domain.Resena>

[2026-05-01 18:42:49 #21 type.registry] 
New type domain.Seller

[2026-05-01 18:42:49 #22 type] 
Type domain.Seller is not enhanced.

[2026-05-01 18:42:49 #23 type.registry] 
New type java.util.ArrayList<java.lang.Object>

------------------------------------------------------------------------------------------------------------------------

[2026-05-01 18:43:05 #1 store] 
Database 'C:\Users\USER\git\IS-IAller_JEcheveste_IGarcia\It1-IAller_JEcheveste_IGarcia\src\main\resources\products.temp' is opened by 21412@LAPTOP-V898NAMH

[2026-05-01 18:43:05 #2 type.registry] 
New type domain.Usuario

[2026-05-01 18:43:05 #3 type.registry] 
New type domain.Comprador

[2026-05-01 18:43:05 #4 type] 
Type domain.Usuario is not enhanced.

[2026-05-01 18:43:06 #5 type] 
Type domain.Comprador is not enhanced.

[2026-05-01 18:43:06 #6 type.registry] 
New type domain.Solicitud

[2026-05-01 18:43:06 #7 type.registry] 
New type java.util.ArrayList<domain.Solicitud>

[2026-05-01 18:43:06 #8 type.registry] 
New type domain.Friendly

[2026-05-01 18:43:06 #9 type.registry] 
New type java.util.ArrayList<domain.Friendly>

[2026-05-01 18:43:06 #10 type.registry] 
New type domain.Cuentas

[2026-05-01 18:43:06 #11 type.registry] 
New type domain.Oferta

[2026-05-01 18:43:06 #12 type.registry] 
New type java.util.ArrayList<domain.Oferta>

[2026-05-01 18:43:06 #13 type.registry] 
New type domain.Sale

[2026-05-01 18:43:06 #14 type.registry] 
New type java.util.ArrayList<domain.Sale>

[2026-05-01 18:43:06 #15 type] 
Type domain.Friendly is not enhanced.

[2026-05-01 18:43:06 #16 type] 
Type domain.Cuentas is not enhanced.

[2026-05-01 18:43:06 #17 type] 
Type domain.Oferta is not enhanced.

[2026-05-01 18:43:06 #18 type] 
Type domain.Sale is not enhanced.

[2026-05-01 18:43:06 #19 type.registry] 
New type domain.Resena

[2026-05-01 18:43:06 #20 type.registry] 
New type java.util.ArrayList<domain.Resena>

[2026-05-01 18:43:06 #21 type.registry] 
New type domain.Seller

[2026-05-01 18:43:06 #22 type] 
Type domain.Seller is not enhanced.

[2026-05-01 18:43:06 #23 type.registry] 
New type java.util.ArrayList<java.lang.Object>

------------------------------------------------------------------------------------------------------------------------

[2026-05-01 18:44:18 #1 store] 
Database 'C:\Users\USER\git\IS-IAller_JEcheveste_IGarcia\It1-IAller_JEcheveste_IGarcia\src\main\resources\products.temp' has been recovered (tr. 1-10)

[2026-05-01 18:44:18 #2 store] 
Database 'C:\Users\USER\git\IS-IAller_JEcheveste_IGarcia\It1-IAller_JEcheveste_IGarcia\src\main\resources\products.temp' is opened by 5612@LAPTOP-V898NAMH

[2026-05-01 18:44:18 #3 type] 
Type domain.Usuario is not enhanced.

[2026-05-01 18:44:18 #4 type] 
Type domain.Comprador is not enhanced.

[2026-05-01 18:44:18 #5 type] 
Type domain.Friendly is not enhanced.

[2026-05-01 18:44:18 #6 type] 
Type domain.Cuentas is not enhanced.

[2026-05-01 18:44:18 #7 type] 
Type domain.Oferta is not enhanced.

[2026-05-01 18:44:18 #8 type] 
Type domain.Sale is not enhanced.

[2026-05-01 18:44:18 #9 type] 
Type domain.Seller is not enhanced.

------------------------------------------------------------------------------------------------------------------------

[2026-05-01 18:57:32 #1 store] 
Database 'C:\Users\USER\git\IS-IAller_JEcheveste_IGarcia\It1-IAller_JEcheveste_IGarcia\src\main\resources\products.temp' is opened by 10440@LAPTOP-V898NAMH

[2026-05-01 18:57:32 #2 type] 
Type domain.Usuario is not enhanced.

[2026-05-01 18:57:32 #3 type] 
Type domain.Comprador is not enhanced.

[2026-05-01 18:57:32 #4 type] 
Type domain.Friendly is not enhanced.

[2026-05-01 18:57:32 #5 type] 
Type domain.Cuentas is not enhanced.

[2026-05-01 18:57:32 #6 type] 
Type domain.Oferta is not enhanced.

[2026-05-01 18:57:32 #7 type] 
Type domain.Sale is not enhanced.

[2026-05-01 18:57:32 #8 type] 
Type domain.Seller is not enhanced.

------------------------------------------------------------------------------------------------------------------------

[2026-05-01 19:34:27 #1 store] 
Database 'C:\Users\USER\git\IS-IAller_JEcheveste_IGarcia\It1-IAller_JEcheveste_IGarcia\src\main\resources\products.temp' is opened by 3828@LAPTOP-V898NAMH

[2026-05-01 19:34:27 #2 type] 
Type domain.Usuario is not enhanced.

[2026-05-01 19:34:27 #3 type] 
Type domain.Comprador is not enhanced.

[2026-05-01 19:34:27 #4 type] 
Type domain.Friendly is not enhanced.

[2026-05-01 19:34:27 #5 type] 
Type domain.Cuentas is not enhanced.

[2026-05-01 19:34:27 #6 type] 
Type domain.Oferta is not enhanced.

[2026-05-01 19:34:27 #7 type] 
Type domain.Sale is not enhanced.

[2026-05-01 19:34:27 #8 type] 
Type domain.Seller is not enhanced.

------------------------------------------------------------------------------------------------------------------------

[2026-05-01 19:35:51 #1 store] 
Database 'C:\Users\USER\git\IS-IAller_JEcheveste_IGarcia\It1-IAller_JEcheveste_IGarcia\src\main\resources\products.temp' is opened by 19612@LAPTOP-V898NAMH

[2026-05-01 19:35:52 #2 type.registry] 
New type domain.Usuario

[2026-05-01 19:35:52 #3 type.registry] 
New type domain.Comprador

[2026-05-01 19:35:52 #4 type] 
Type domain.Usuario is not enhanced.

[2026-05-01 19:35:52 #5 type] 
Type domain.Comprador is not enhanced.

[2026-05-01 19:35:52 #6 type.registry] 
New type domain.Solicitud

[2026-05-01 19:35:52 #7 type.registry] 
New type java.util.ArrayList<domain.Solicitud>

[2026-05-01 19:35:52 #8 type.registry] 
New type domain.Friendly

[2026-05-01 19:35:52 #9 type.registry] 
New type java.util.ArrayList<domain.Friendly>

[2026-05-01 19:35:52 #10 type.registry] 
New type domain.Cuentas

[2026-05-01 19:35:52 #11 type.registry] 
New type domain.Oferta

[2026-05-01 19:35:52 #12 type.registry] 
New type java.util.ArrayList<domain.Oferta>

[2026-05-01 19:35:52 #13 type.registry] 
New type domain.Sale

[2026-05-01 19:35:52 #14 type.registry] 
New type java.util.ArrayList<domain.Sale>

[2026-05-01 19:35:52 #15 type] 
Type domain.Friendly is not enhanced.

[2026-05-01 19:35:52 #16 type] 
Type domain.Cuentas is not enhanced.

[2026-05-01 19:35:52 #17 type] 
Type domain.Oferta is not enhanced.

[2026-05-01 19:35:52 #18 type] 
Type domain.Sale is not enhanced.

[2026-05-01 19:35:52 #19 type.registry] 
New type domain.Resena

[2026-05-01 19:35:52 #20 type.registry] 
New type java.util.ArrayList<domain.Resena>

[2026-05-01 19:35:52 #21 type.registry] 
New type domain.Seller

[2026-05-01 19:35:52 #22 type] 
Type domain.Seller is not enhanced.

[2026-05-01 19:35:52 #23 type.registry] 
New type java.util.ArrayList<java.lang.Object>

------------------------------------------------------------------------------------------------------------------------

[2026-05-01 19:38:22 #1 store] 
Database 'C:\Users\USER\git\IS-IAller_JEcheveste_IGarcia\It1-IAller_JEcheveste_IGarcia\src\main\resources\products.temp' is opened by 10348@LAPTOP-V898NAMH

[2026-05-01 19:38:22 #2 type.registry] 
New type domain.Usuario

[2026-05-01 19:38:22 #3 type.registry] 
New type domain.Comprador

[2026-05-01 19:38:22 #4 type] 
Type domain.Usuario is not enhanced.

[2026-05-01 19:38:22 #5 type] 
Type domain.Comprador is not enhanced.

[2026-05-01 19:38:22 #6 type.registry] 
New type domain.Solicitud

[2026-05-01 19:38:22 #7 type.registry] 
New type java.util.ArrayList<domain.Solicitud>

[2026-05-01 19:38:22 #8 type.registry] 
New type domain.Friendly

[2026-05-01 19:38:22 #9 type.registry] 
New type java.util.ArrayList<domain.Friendly>

[2026-05-01 19:38:22 #10 type.registry] 
New type domain.Cuentas

[2026-05-01 19:38:22 #11 type.registry] 
New type domain.Oferta

[2026-05-01 19:38:22 #12 type.registry] 
New type java.util.ArrayList<domain.Oferta>

[2026-05-01 19:38:22 #13 type.registry] 
New type domain.Sale

[2026-05-01 19:38:22 #14 type.registry] 
New type java.util.ArrayList<domain.Sale>

[2026-05-01 19:38:22 #15 type] 
Type domain.Friendly is not enhanced.

[2026-05-01 19:38:22 #16 type] 
Type domain.Cuentas is not enhanced.

[2026-05-01 19:38:22 #17 type] 
Type domain.Oferta is not enhanced.

[2026-05-01 19:38:22 #18 type] 
Type domain.Sale is not enhanced.

[2026-05-01 19:38:22 #19 type.registry] 
New type domain.Resena

[2026-05-01 19:38:22 #20 type.registry] 
New type java.util.ArrayList<domain.Resena>

[2026-05-01 19:38:22 #21 type.registry] 
New type domain.Seller

[2026-05-01 19:38:22 #22 type] 
Type domain.Seller is not enhanced.

[2026-05-01 19:38:22 #23 type.registry] 
New type java.util.ArrayList<java.lang.Object>

------------------------------------------------------------------------------------------------------------------------

[2026-05-01 19:46:07 #1 store] 
Database 'C:\Users\USER\git\IS-IAller_JEcheveste_IGarcia\It1-IAller_JEcheveste_IGarcia\src\main\resources\products.temp' is opened by 11136@LAPTOP-V898NAMH

[2026-05-01 19:46:07 #2 type.registry] 
New type domain.Usuario

[2026-05-01 19:46:07 #3 type.registry] 
New type domain.Comprador

[2026-05-01 19:46:07 #4 type] 
Type domain.Usuario is not enhanced.

[2026-05-01 19:46:07 #5 type] 
Type domain.Comprador is not enhanced.

[2026-05-01 19:46:07 #6 type.registry] 
New type domain.Solicitud

[2026-05-01 19:46:07 #7 type.registry] 
New type java.util.ArrayList<domain.Solicitud>

[2026-05-01 19:46:07 #8 type.registry] 
New type domain.Friendly

[2026-05-01 19:46:07 #9 type.registry] 
New type java.util.ArrayList<domain.Friendly>

[2026-05-01 19:46:07 #10 type.registry] 
New type domain.Cuentas

[2026-05-01 19:46:07 #11 type.registry] 
New type domain.Oferta

[2026-05-01 19:46:07 #12 type.registry] 
New type java.util.ArrayList<domain.Oferta>

[2026-05-01 19:46:07 #13 type.registry] 
New type domain.Sale

[2026-05-01 19:46:07 #14 type.registry] 
New type java.util.ArrayList<domain.Sale>

[2026-05-01 19:46:07 #15 type] 
Type domain.Friendly is not enhanced.

[2026-05-01 19:46:07 #16 type] 
Type domain.Cuentas is not enhanced.

[2026-05-01 19:46:07 #17 type] 
Type domain.Oferta is not enhanced.

[2026-05-01 19:46:07 #18 type] 
Type domain.Sale is not enhanced.

[2026-05-01 19:46:07 #19 type.registry] 
New type domain.Resena

[2026-05-01 19:46:07 #20 type.registry] 
New type java.util.ArrayList<domain.Resena>

[2026-05-01 19:46:07 #21 type.registry] 
New type domain.Seller

[2026-05-01 19:46:07 #22 type] 
Type domain.Seller is not enhanced.

[2026-05-01 19:46:07 #23 type.registry] 
New type java.util.ArrayList<java.lang.Object>

