------------------------------------------------------------------------------------------------------------------------

[2026-03-03 10:56:47 #1 store] 
Database 'C:\Users\ehu\workspaces\eclipse-workspace\IreneJoxe\src\main\resources\products.temp' is opened by 13672@U029860

[2026-03-03 10:56:47 #2 type] 
Type domain.Comprador is not enhanced.

[2026-03-03 10:56:47 #3 type] 
Type domain.Sale is not enhanced.

[2026-03-03 10:56:47 #4 type] 
Type domain.Seller is not enhanced.

------------------------------------------------------------------------------------------------------------------------

[2026-03-03 11:33:36 #1 store] 
Database 'C:\Users\ehu\workspaces\eclipse-workspace\IreneJoxe\src\main\resources\products.temp' is opened by 14620@U029860

[2026-03-03 11:33:36 #2 type] 
Type domain.Comprador is not enhanced.

[2026-03-03 11:33:36 #3 type] 
Type domain.Sale is not enhanced.

[2026-03-03 11:33:36 #4 type] 
Type domain.Seller is not enhanced.

------------------------------------------------------------------------------------------------------------------------

[2026-03-03 11:36:02 #1 store] 
Database 'C:\Users\ehu\workspaces\eclipse-workspace\IreneJoxe\src\main\resources\products.temp' has been recovered (tr. 11-11)

[2026-03-03 11:36:02 #2 store] 
Database 'C:\Users\ehu\workspaces\eclipse-workspace\IreneJoxe\src\main\resources\products.temp' is opened by 11424@U029860

[2026-03-03 11:36:02 #3 type] 
Type domain.Comprador is not enhanced.

[2026-03-03 11:36:02 #4 type] 
Type domain.Sale is not enhanced.

[2026-03-03 11:36:02 #5 type] 
Type domain.Seller is not enhanced.

------------------------------------------------------------------------------------------------------------------------

[2026-03-03 11:36:30 #1 store] 
Database 'C:\Users\ehu\workspaces\eclipse-workspace\IreneJoxe\src\main\resources\products.temp' is opened by 9592@U029860

[2026-03-03 11:36:31 #2 type] 
Type domain.Comprador is not enhanced.

[2026-03-03 11:36:31 #3 type] 
Type domain.Sale is not enhanced.

[2026-03-03 11:36:31 #4 type] 
Type domain.Seller is not enhanced.

------------------------------------------------------------------------------------------------------------------------

[2026-03-03 11:37:24 #1 store] 
Database 'C:\Users\ehu\workspaces\eclipse-workspace\IreneJoxe\src\main\resources\products.temp' is opened by 7816@U029860

[2026-03-03 11:37:24 #2 type] 
Type domain.Comprador is not enhanced.

[2026-03-03 11:37:24 #3 type] 
Type domain.Sale is not enhanced.

[2026-03-03 11:37:24 #4 type] 
Type domain.Seller is not enhanced.

------------------------------------------------------------------------------------------------------------------------

[2026-03-03 11:38:28 #1 store] 
Database 'C:\Users\ehu\workspaces\eclipse-workspace\IreneJoxe\src\main\resources\products.temp' is opened by 10848@U029860

[2026-03-03 11:38:29 #2 type] 
Type domain.Comprador is not enhanced.

[2026-03-03 11:38:29 #3 type] 
Type domain.Sale is not enhanced.

[2026-03-03 11:38:29 #4 type] 
Type domain.Seller is not enhanced.

------------------------------------------------------------------------------------------------------------------------

[2026-03-03 11:41:01 #1 store] 
Database 'C:\Users\ehu\workspaces\eclipse-workspace\IreneJoxe\src\main\resources\products.temp' has been recovered (tr. 12-13)

[2026-03-03 11:41:01 #2 store] 
Database 'C:\Users\ehu\workspaces\eclipse-workspace\IreneJoxe\src\main\resources\products.temp' is opened by 2456@U029860

[2026-03-03 11:41:02 #3 type] 
Type domain.Comprador is not enhanced.

[2026-03-03 11:41:02 #4 type] 
Type domain.Sale is not enhanced.

[2026-03-03 11:41:02 #5 type] 
Type domain.Seller is not enhanced.

------------------------------------------------------------------------------------------------------------------------

[2026-03-03 11:42:08 #1 store] 
Database 'C:\Users\ehu\workspaces\eclipse-workspace\IreneJoxe\src\main\resources\products.temp' is opened by 3396@U029860

[2026-03-03 11:42:08 #2 type] 
Type domain.Comprador is not enhanced.

[2026-03-03 11:42:08 #3 type] 
Type domain.Sale is not enhanced.

[2026-03-03 11:42:08 #4 type] 
Type domain.Seller is not enhanced.

------------------------------------------------------------------------------------------------------------------------

[2026-03-03 11:42:12 #1 store] 
Database 'C:\Users\ehu\workspaces\eclipse-workspace\IreneJoxe\src\main\resources\products.temp' is opened by 13812@U029860

[2026-03-03 11:42:12 #2 type] 
Type domain.Comprador is not enhanced.

[2026-03-03 11:42:12 #3 type] 
Type domain.Sale is not enhanced.

[2026-03-03 11:42:12 #4 type] 
Type domain.Seller is not enhanced.

------------------------------------------------------------------------------------------------------------------------

[2026-03-03 11:44:18 #1 store] 
Database 'C:\Users\ehu\workspaces\eclipse-workspace\IreneJoxe\src\main\resources\products.temp' is opened by 52@U029860

[2026-03-03 11:44:18 #2 type] 
Type domain.Comprador is not enhanced.

[2026-03-03 11:44:18 #3 type] 
Type domain.Sale is not enhanced.

[2026-03-03 11:44:18 #4 type] 
Type domain.Seller is not enhanced.

------------------------------------------------------------------------------------------------------------------------

[2026-03-03 11:46:28 #1 store] 
Database 'C:\Users\ehu\workspaces\eclipse-workspace\IreneJoxe\src\main\resources\products.temp' is opened by 2976@U029860

[2026-03-03 11:46:28 #2 type] 
Type domain.Comprador is not enhanced.

[2026-03-03 11:46:28 #3 type] 
Type domain.Sale is not enhanced.

[2026-03-03 11:46:28 #4 type] 
Type domain.Seller is not enhanced.

------------------------------------------------------------------------------------------------------------------------

[2026-03-03 11:51:14 #1 store] 
Database 'C:\Users\ehu\workspaces\eclipse-workspace\IreneJoxe\src\main\resources\products.temp' has been recovered (tr. 14-14)

[2026-03-03 11:51:14 #2 store] 
Database 'C:\Users\ehu\workspaces\eclipse-workspace\IreneJoxe\src\main\resources\products.temp' is opened by 1524@U029860

[2026-03-03 11:51:14 #3 type] 
Type domain.Comprador is not enhanced.

[2026-03-03 11:51:14 #4 type] 
Type domain.Sale is not enhanced.

[2026-03-03 11:51:14 #5 type] 
Type domain.Seller is not enhanced.

------------------------------------------------------------------------------------------------------------------------

[2026-03-03 11:54:53 #1 store] 
Database 'C:\Users\ehu\workspaces\eclipse-workspace\IreneJoxe\src\main\resources\products.temp' has been recovered (tr. 15-16)

[2026-03-03 11:54:53 #2 store] 
Database 'C:\Users\ehu\workspaces\eclipse-workspace\IreneJoxe\src\main\resources\products.temp' is opened by 5492@U029860

[2026-03-03 11:54:53 #3 type] 
Type domain.Comprador is not enhanced.

[2026-03-03 11:54:53 #4 type] 
Type domain.Sale is not enhanced.

[2026-03-03 11:54:53 #5 type] 
Type domain.Seller is not enhanced.

------------------------------------------------------------------------------------------------------------------------

[2026-03-03 12:07:31 #1 store] 
Database 'C:\Users\ehu\workspaces\eclipse-workspace\IreneJoxe\src\main\resources\products.temp' is opened by 10840@U029860

[2026-03-03 12:07:31 #2 type] 
Type domain.Comprador is not enhanced.

[2026-03-03 12:07:31 #3 type] 
Type domain.Sale is not enhanced.

[2026-03-03 12:07:31 #4 type] 
Type domain.Seller is not enhanced.

------------------------------------------------------------------------------------------------------------------------

[2026-03-03 12:13:42 #1 store] 
Database 'C:\Users\ehu\workspaces\eclipse-workspace\IreneJoxe\src\main\resources\products.temp' is opened by 13488@U029860

[2026-03-03 12:13:42 #2 type] 
Type domain.Comprador is not enhanced.

[2026-03-03 12:13:42 #3 type] 
Type domain.Sale is not enhanced.

[2026-03-03 12:13:42 #4 type] 
Type domain.Seller is not enhanced.

------------------------------------------------------------------------------------------------------------------------

[2026-03-03 12:14:13 #1 store] 
Database 'C:\Users\ehu\workspaces\eclipse-workspace\IreneJoxe\src\main\resources\products.temp' is opened by 628@U029860

------------------------------------------------------------------------------------------------------------------------

[2026-03-03 12:14:39 #1 store] 
Database 'C:\Users\ehu\workspaces\eclipse-workspace\IreneJoxe\src\main\resources\products.temp' is opened by 6024@U029860

[2026-03-03 12:14:45 #2 type.registry] 
New type domain.Comprador

[2026-03-03 12:14:45 #3 type] 
Type domain.Comprador is not enhanced.

[2026-03-03 12:14:45 #4 type.registry] 
New type domain.Sale

[2026-03-03 12:14:45 #5 type.registry] 
New type java.util.ArrayList<domain.Sale>

[2026-03-03 12:14:45 #6 type] 
Type domain.Sale is not enhanced.

[2026-03-03 12:14:45 #7 type.registry] 
New type domain.Seller

[2026-03-03 12:14:45 #8 type] 
Type domain.Seller is not enhanced.

[2026-03-03 12:14:47 #9 type.registry] 
New type java.util.ArrayList<java.lang.Object>

------------------------------------------------------------------------------------------------------------------------

[2026-03-03 12:15:33 #1 store] 
Database 'C:\Users\ehu\workspaces\eclipse-workspace\IreneJoxe\src\main\resources\products.temp' is opened by 5596@U029860

[2026-03-03 12:15:33 #2 type] 
Type domain.Comprador is not enhanced.

[2026-03-03 12:15:33 #3 type] 
Type domain.Sale is not enhanced.

[2026-03-03 12:15:33 #4 type] 
Type domain.Seller is not enhanced.

------------------------------------------------------------------------------------------------------------------------

[2026-03-03 12:19:13 #1 store] 
Database 'C:\Users\ehu\workspaces\eclipse-workspace\IreneJoxe\src\main\resources\products.temp' has been recovered (tr. 6-8)

[2026-03-03 12:19:13 #2 store] 
Database 'C:\Users\ehu\workspaces\eclipse-workspace\IreneJoxe\src\main\resources\products.temp' is opened by 4880@U029860

[2026-03-03 12:19:13 #3 type] 
Type domain.Comprador is not enhanced.

[2026-03-03 12:19:13 #4 type] 
Type domain.Sale is not enhanced.

[2026-03-03 12:19:13 #5 type] 
Type domain.Seller is not enhanced.

------------------------------------------------------------------------------------------------------------------------

[2026-03-03 12:22:48 #1 store] 
Database 'C:\Users\ehu\workspaces\eclipse-workspace\IreneJoxe\src\main\resources\products.temp' has been recovered (tr. 9-10)

[2026-03-03 12:22:48 #2 store] 
Database 'C:\Users\ehu\workspaces\eclipse-workspace\IreneJoxe\src\main\resources\products.temp' is opened by 11312@U029860

[2026-03-03 12:22:48 #3 type] 
Type domain.Comprador is not enhanced.

[2026-03-03 12:22:48 #4 type] 
Type domain.Sale is not enhanced.

[2026-03-03 12:22:48 #5 type] 
Type domain.Seller is not enhanced.

------------------------------------------------------------------------------------------------------------------------

[2026-03-03 12:23:16 #1 store] 
Database 'C:\Users\ehu\workspaces\eclipse-workspace\IreneJoxe\src\main\resources\products.temp' is opened by 140@U029860

[2026-03-03 12:23:16 #2 type] 
Type domain.Comprador is not enhanced.

[2026-03-03 12:23:16 #3 type] 
Type domain.Sale is not enhanced.

[2026-03-03 12:23:16 #4 type] 
Type domain.Seller is not enhanced.

------------------------------------------------------------------------------------------------------------------------

[2026-03-03 12:27:36 #1 store] 
Database 'C:\Users\ehu\workspaces\eclipse-workspace\IreneJoxe\src\main\resources\products.temp' is opened by 16340@U029860

[2026-03-03 12:27:36 #2 type] 
Type domain.Comprador is not enhanced.

[2026-03-03 12:27:36 #3 type] 
Type domain.Sale is not enhanced.

[2026-03-03 12:27:36 #4 type] 
Type domain.Seller is not enhanced.

------------------------------------------------------------------------------------------------------------------------

[2026-03-03 12:30:46 #1 store] 
Database 'C:\Users\ehu\workspaces\eclipse-workspace\IreneJoxe\src\main\resources\products.temp' has been recovered (tr. 11-11)

[2026-03-03 12:30:46 #2 store] 
Database 'C:\Users\ehu\workspaces\eclipse-workspace\IreneJoxe\src\main\resources\products.temp' is opened by 5676@U029860

[2026-03-03 12:30:46 #3 type] 
Type domain.Comprador is not enhanced.

[2026-03-03 12:30:46 #4 type] 
Type domain.Sale is not enhanced.

[2026-03-03 12:30:46 #5 type] 
Type domain.Seller is not enhanced.

------------------------------------------------------------------------------------------------------------------------

[2026-03-03 12:32:00 #1 store] 
Database 'C:\Users\ehu\workspaces\eclipse-workspace\IreneJoxe\src\main\resources\products.temp' has been recovered (tr. 12-12)

[2026-03-03 12:32:00 #2 store] 
Database 'C:\Users\ehu\workspaces\eclipse-workspace\IreneJoxe\src\main\resources\products.temp' is opened by 8984@U029860

[2026-03-03 12:32:00 #3 type] 
Type domain.Comprador is not enhanced.

[2026-03-03 12:32:01 #4 type] 
Type domain.Sale is not enhanced.

[2026-03-03 12:32:01 #5 type] 
Type domain.Seller is not enhanced.

------------------------------------------------------------------------------------------------------------------------

[2026-03-03 12:32:38 #1 store] 
Database 'C:\Users\ehu\workspaces\eclipse-workspace\IreneJoxe\src\main\resources\products.temp' has been recovered (tr. 13-14)

[2026-03-03 12:32:38 #2 store] 
Database 'C:\Users\ehu\workspaces\eclipse-workspace\IreneJoxe\src\main\resources\products.temp' is opened by 11916@U029860

[2026-03-03 12:32:38 #3 type] 
Type domain.Comprador is not enhanced.

[2026-03-03 12:32:38 #4 type] 
Type domain.Sale is not enhanced.

[2026-03-03 12:32:38 #5 type] 
Type domain.Seller is not enhanced.

------------------------------------------------------------------------------------------------------------------------

[2026-03-03 12:46:40 #1 store] 
Database 'C:\Users\ehu\workspaces\eclipse-workspace\IreneJoxe\src\main\resources\products.temp' is opened by 6760@U029860

[2026-03-03 12:46:40 #2 type] 
Type domain.Comprador is not enhanced.

[2026-03-03 12:46:40 #3 type] 
Type domain.Sale is not enhanced.

[2026-03-03 12:46:40 #4 type] 
Type domain.Seller is not enhanced.

------------------------------------------------------------------------------------------------------------------------

[2026-03-03 12:52:23 #1 store] 
Database 'C:\Users\ehu\workspaces\eclipse-workspace\IreneJoxe\src\main\resources\products.temp' is opened by 4552@U029860

[2026-03-03 12:52:23 #2 type] 
Type domain.Comprador is not enhanced.

[2026-03-03 12:52:23 #3 type] 
Type domain.Sale is not enhanced.

[2026-03-03 12:52:23 #4 type] 
Type domain.Seller is not enhanced.

------------------------------------------------------------------------------------------------------------------------

[2026-03-03 13:02:33 #1 store] 
Database 'C:\Users\ehu\workspaces\eclipse-workspace\IreneJoxe\src\main\resources\products.temp' is opened by 3780@U029860

[2026-03-03 13:02:33 #2 type] 
Type domain.Comprador is not enhanced.

[2026-03-03 13:02:34 #3 type] 
Type domain.Sale is not enhanced.

[2026-03-03 13:02:34 #4 type] 
Type domain.Seller is not enhanced.

------------------------------------------------------------------------------------------------------------------------

[2026-03-03 13:06:50 #1 store] 
Database 'C:\Users\ehu\workspaces\eclipse-workspace\IreneJoxe\src\main\resources\products.temp' is opened by 14128@U029860

[2026-03-03 13:06:51 #2 type] 
Type domain.Comprador is not enhanced.

[2026-03-03 13:06:51 #3 type] 
Type domain.Sale is not enhanced.

[2026-03-03 13:06:51 #4 type] 
Type domain.Seller is not enhanced.

------------------------------------------------------------------------------------------------------------------------

[2026-03-03 13:07:23 #1 store] 
Database 'C:\Users\ehu\workspaces\eclipse-workspace\IreneJoxe\src\main\resources\products.temp' is opened by 13260@U029860

[2026-03-03 13:07:23 #2 type] 
Type domain.Comprador is not enhanced.

[2026-03-03 13:07:23 #3 type] 
Type domain.Sale is not enhanced.

[2026-03-03 13:07:23 #4 type] 
Type domain.Seller is not enhanced.

------------------------------------------------------------------------------------------------------------------------

[2026-03-03 13:10:27 #1 store] 
Database 'C:\Users\ehu\workspaces\eclipse-workspace\IreneJoxe\src\main\resources\products.temp' is opened by 5568@U029860

[2026-03-03 13:10:27 #2 type] 
Type domain.Comprador is not enhanced.

[2026-03-03 13:10:27 #3 type] 
Type domain.Sale is not enhanced.

[2026-03-03 13:10:27 #4 type] 
Type domain.Seller is not enhanced.

------------------------------------------------------------------------------------------------------------------------

[2026-03-03 13:10:57 #1 store] 
Database 'C:\Users\ehu\workspaces\eclipse-workspace\IreneJoxe\src\main\resources\products.temp' is opened by 11632@U029860

[2026-03-03 13:10:57 #2 type] 
Type domain.Comprador is not enhanced.

[2026-03-03 13:10:58 #3 type] 
Type domain.Sale is not enhanced.

[2026-03-03 13:10:58 #4 type] 
Type domain.Seller is not enhanced.

------------------------------------------------------------------------------------------------------------------------

[2026-03-03 13:57:35 #1 store] 
Database 'C:\Users\USER\Documents\Eclipseworkspace\IreneJoxe\src\main\resources\products.temp' has been recovered (tr. 15-15)

[2026-03-03 13:57:35 #2 store] 
Database 'C:\Users\USER\Documents\Eclipseworkspace\IreneJoxe\src\main\resources\products.temp' is opened by 34440@LAPTOP-V898NAMH

[2026-03-03 13:57:35 #3 type] 
Type domain.Comprador is not enhanced.

[2026-03-03 13:57:35 #4 type] 
Type domain.Sale is not enhanced.

[2026-03-03 13:57:35 #5 type] 
Type domain.Seller is not enhanced.

------------------------------------------------------------------------------------------------------------------------

[2026-03-03 13:59:47 #1 store] 
Database 'C:\Users\USER\Documents\Eclipseworkspace\IreneJoxe\src\main\resources\products.temp' is opened by 7648@LAPTOP-V898NAMH

[2026-03-03 13:59:47 #2 type] 
Type domain.Comprador is not enhanced.

[2026-03-03 13:59:47 #3 type] 
Type domain.Sale is not enhanced.

[2026-03-03 13:59:47 #4 type] 
Type domain.Seller is not enhanced.

------------------------------------------------------------------------------------------------------------------------

[2026-03-03 14:04:56 #1 store] 
Database 'C:\Users\USER\Documents\Eclipseworkspace\IreneJoxe\src\main\resources\products.temp' has been recovered (tr. 16-36)

[2026-03-03 14:04:56 #2 store] 
Database 'C:\Users\USER\Documents\Eclipseworkspace\IreneJoxe\src\main\resources\products.temp' is opened by 5548@LAPTOP-V898NAMH

[2026-03-03 14:04:56 #3 type] 
Type domain.Comprador is not enhanced.

[2026-03-03 14:04:56 #4 type] 
Type domain.Sale is not enhanced.

[2026-03-03 14:04:56 #5 type] 
Type domain.Seller is not enhanced.

------------------------------------------------------------------------------------------------------------------------

[2026-03-03 14:10:26 #1 store] 
Database 'C:\Users\USER\Documents\Eclipseworkspace\IreneJoxe\src\main\resources\products.temp' has been recovered (tr. 37-39)

[2026-03-03 14:10:26 #2 store] 
Database 'C:\Users\USER\Documents\Eclipseworkspace\IreneJoxe\src\main\resources\products.temp' is opened by 7744@LAPTOP-V898NAMH

[2026-03-03 14:10:26 #3 type] 
Type domain.Comprador is not enhanced.

[2026-03-03 14:10:26 #4 type] 
Type domain.Sale is not enhanced.

[2026-03-03 14:10:26 #5 type] 
Type domain.Seller is not enhanced.

------------------------------------------------------------------------------------------------------------------------

[2026-03-03 15:18:31 #1 store] 
Database 'C:\Users\USER\Documents\Eclipseworkspace\IreneJoxe\src\main\resources\products.temp' is opened by 16056@LAPTOP-V898NAMH

[2026-03-03 15:18:31 #2 type] 
Type domain.Comprador is not enhanced.

[2026-03-03 15:18:31 #3 type] 
Type domain.Sale is not enhanced.

[2026-03-03 15:18:31 #4 type] 
Type domain.Seller is not enhanced.

------------------------------------------------------------------------------------------------------------------------

[2026-03-03 15:21:06 #1 store] 
Database 'C:\Users\USER\Documents\Eclipseworkspace\IreneJoxe\src\main\resources\products.temp' has been recovered (tr. 40-44)

[2026-03-03 15:21:06 #2 store] 
Database 'C:\Users\USER\Documents\Eclipseworkspace\IreneJoxe\src\main\resources\products.temp' is opened by 32952@LAPTOP-V898NAMH

[2026-03-03 15:21:06 #3 type] 
Type domain.Comprador is not enhanced.

[2026-03-03 15:21:06 #4 type] 
Type domain.Sale is not enhanced.

[2026-03-03 15:21:06 #5 type] 
Type domain.Seller is not enhanced.

------------------------------------------------------------------------------------------------------------------------

[2026-03-03 15:26:02 #1 store] 
Database 'C:\Users\USER\Documents\Eclipseworkspace\IreneJoxe\src\main\resources\products.temp' is opened by 29464@LAPTOP-V898NAMH

[2026-03-03 15:26:02 #2 type] 
Type domain.Comprador is not enhanced.

[2026-03-03 15:26:02 #3 type] 
Type domain.Sale is not enhanced.

[2026-03-03 15:26:02 #4 type] 
Type domain.Seller is not enhanced.

------------------------------------------------------------------------------------------------------------------------

[2026-03-03 15:32:25 #1 store] 
Database 'C:\Users\USER\Documents\Eclipseworkspace\IreneJoxe\src\main\resources\products.temp' is opened by 29064@LAPTOP-V898NAMH

[2026-03-03 15:32:25 #2 type] 
Type domain.Comprador is not enhanced.

[2026-03-03 15:32:25 #3 type] 
Type domain.Sale is not enhanced.

[2026-03-03 15:32:25 #4 type] 
Type domain.Seller is not enhanced.

------------------------------------------------------------------------------------------------------------------------

[2026-03-03 15:36:37 #1 store] 
Database 'C:\Users\USER\Documents\Eclipseworkspace\IreneJoxe\src\main\resources\products.temp' is opened by 15988@LAPTOP-V898NAMH

[2026-03-03 15:36:37 #2 type] 
Type domain.Comprador is not enhanced.

[2026-03-03 15:36:37 #3 type] 
Type domain.Sale is not enhanced.

[2026-03-03 15:36:37 #4 type] 
Type domain.Seller is not enhanced.

------------------------------------------------------------------------------------------------------------------------

[2026-03-03 15:38:12 #1 store] 
Database 'C:\Users\USER\Documents\Eclipseworkspace\IreneJoxe\src\main\resources\products.temp' is opened by 36144@LAPTOP-V898NAMH

[2026-03-03 15:38:12 #2 type] 
Type domain.Comprador is not enhanced.

[2026-03-03 15:38:12 #3 type] 
Type domain.Sale is not enhanced.

[2026-03-03 15:38:12 #4 type] 
Type domain.Seller is not enhanced.

------------------------------------------------------------------------------------------------------------------------

[2026-03-03 15:40:47 #1 store] 
Database 'C:\Users\USER\Documents\Eclipseworkspace\IreneJoxe\src\main\resources\products.temp' is opened by 19904@LAPTOP-V898NAMH

[2026-03-03 15:40:47 #2 type] 
Type domain.Comprador is not enhanced.

[2026-03-03 15:40:47 #3 type] 
Type domain.Sale is not enhanced.

[2026-03-03 15:40:47 #4 type] 
Type domain.Seller is not enhanced.

------------------------------------------------------------------------------------------------------------------------

[2026-03-03 15:44:29 #1 store] 
Database 'C:\Users\USER\Documents\Eclipseworkspace\IreneJoxe\src\main\resources\products.temp' is opened by 11292@LAPTOP-V898NAMH

[2026-03-03 15:44:30 #2 type] 
Type domain.Comprador is not enhanced.

[2026-03-03 15:44:30 #3 type] 
Type domain.Sale is not enhanced.

[2026-03-03 15:44:30 #4 type] 
Type domain.Seller is not enhanced.

------------------------------------------------------------------------------------------------------------------------

[2026-03-03 15:45:56 #1 store] 
Database 'C:\Users\USER\Documents\Eclipseworkspace\IreneJoxe\src\main\resources\products.temp' is opened by 37900@LAPTOP-V898NAMH

[2026-03-03 15:45:57 #2 type] 
Type domain.Comprador is not enhanced.

[2026-03-03 15:45:57 #3 type] 
Type domain.Sale is not enhanced.

[2026-03-03 15:45:57 #4 type] 
Type domain.Seller is not enhanced.

------------------------------------------------------------------------------------------------------------------------

[2026-03-03 15:46:34 #1 store] 
Database 'C:\Users\USER\Documents\Eclipseworkspace\IreneJoxe\src\main\resources\products.temp' is opened by 13708@LAPTOP-V898NAMH

[2026-03-03 15:46:34 #2 type] 
Type domain.Comprador is not enhanced.

[2026-03-03 15:46:34 #3 type] 
Type domain.Sale is not enhanced.

[2026-03-03 15:46:34 #4 type] 
Type domain.Seller is not enhanced.

