------------------------------------------------------------------------------------------------------------------------

[2026-04-30 16:03:14 #1 store] 
Database 'C:\Users\Jose\IS-GIT\It1-IAller_JEcheveste_IGarcia\src\main\resources\products.temp' has been recovered (tr. 26-35)

[2026-04-30 16:03:14 #2 store] 
Database 'C:\Users\Jose\IS-GIT\It1-IAller_JEcheveste_IGarcia\src\main\resources\products.temp' is opened by 15328@Joxe-Pc

[2026-04-30 16:03:15 #3 type] 
Type domain.Comprador is not enhanced.

[2026-04-30 16:03:15 #4 type] 
Type domain.Cuentas is not enhanced.

[2026-04-30 16:03:15 #5 type] 
Type domain.Oferta is not enhanced.

[2026-04-30 16:03:15 #6 type] 
Type domain.Sale is not enhanced.

[2026-04-30 16:03:15 #7 type] 
Type domain.Seller is not enhanced.

------------------------------------------------------------------------------------------------------------------------

[2026-04-30 16:08:27 #1 store] 
Database 'C:\Users\Jose\IS-GIT\It1-IAller_JEcheveste_IGarcia\src\main\resources\products.temp' is opened by 3172@Joxe-Pc

[2026-04-30 16:08:27 #2 type] 
Type domain.Comprador is not enhanced.

[2026-04-30 16:08:27 #3 type] 
Type domain.Cuentas is not enhanced.

[2026-04-30 16:08:27 #4 type] 
Type domain.Oferta is not enhanced.

[2026-04-30 16:08:27 #5 type] 
Type domain.Sale is not enhanced.

[2026-04-30 16:08:27 #6 type] 
Type domain.Seller is not enhanced.

------------------------------------------------------------------------------------------------------------------------

[2026-04-30 16:10:10 #1 store] 
Database 'C:\Users\Jose\IS-GIT\It1-IAller_JEcheveste_IGarcia\src\main\resources\products.temp' is opened by 14344@Joxe-Pc

[2026-04-30 16:10:10 #2 type] 
Type domain.Comprador is not enhanced.

[2026-04-30 16:10:10 #3 type] 
Type domain.Cuentas is not enhanced.

[2026-04-30 16:10:10 #4 type] 
Type domain.Oferta is not enhanced.

[2026-04-30 16:10:10 #5 type] 
Type domain.Sale is not enhanced.

[2026-04-30 16:10:10 #6 type] 
Type domain.Seller is not enhanced.

